16:50:12.228 [ERROR] i.g.h.a.HttpRequestAction - 'httpRequest-5' failed to execute: No attribute named 'p_uuID' is defined
16:50:12.234 [ERROR] i.g.h.a.HttpRequestAction - 'httpRequest-4' failed to execute: No attribute named 'p_uuID' is defined
16:50:17.409 [ERROR] i.g.h.a.HttpRequestAction - 'httpRequest-21' failed to execute: No attribute named 'pt_uuID' is defined
16:50:17.411 [ERROR] i.g.h.a.HttpRequestAction - 'httpRequest-20' failed to execute: No attribute named 'pt_uuID' is defined
16:50:22.373 [ERROR] i.g.h.a.HttpRequestAction - 'httpRequest-5' failed to execute: No attribute named 'p_uuID' is defined
16:50:22.375 [ERROR] i.g.h.a.HttpRequestAction - 'httpRequest-4' failed to execute: No attribute named 'p_uuID' is defined
16:50:32.545 [ERROR] i.g.h.a.HttpRequestAction - 'httpRequest-5' failed to execute: No attribute named 'p_uuID' is defined
16:50:32.548 [ERROR] i.g.h.a.HttpRequestAction - 'httpRequest-4' failed to execute: No attribute named 'p_uuID' is defined
16:50:32.554 [ERROR] i.g.h.a.HttpRequestAction - 'httpRequest-21' failed to execute: No attribute named 'pt_uuID' is defined
16:50:32.554 [ERROR] i.g.h.a.HttpRequestAction - 'httpRequest-20' failed to execute: No attribute named 'pt_uuID' is defined
16:50:32.557 [ERROR] i.g.h.a.HttpRequestAction - 'httpRequest-73' failed to execute: No attribute named 'pt_uuID' is defined
16:50:32.558 [ERROR] i.g.h.a.HttpRequestAction - 'httpRequest-72' failed to execute: No attribute named 'pt_uuID' is defined
16:50:34.911 [ERROR] i.g.h.a.HttpRequestAction - 'httpRequest-62' failed to execute: No attribute named 'pt_uuID' is defined
16:50:34.913 [ERROR] i.g.h.a.HttpRequestAction - 'httpRequest-60' failed to execute: No attribute named 'pt_uuID' is defined
16:50:34.913 [ERROR] i.g.h.a.HttpRequestAction - 'httpRequest-59' failed to execute: No attribute named 'pt_uuID' is defined
16:50:42.164 [ERROR] i.g.h.a.HttpRequestAction - 'httpRequest-5' failed to execute: No attribute named 'p_uuID' is defined
16:50:42.168 [ERROR] i.g.h.a.HttpRequestAction - 'httpRequest-4' failed to execute: No attribute named 'p_uuID' is defined
16:50:47.191 [ERROR] i.g.h.a.HttpRequestAction - 'httpRequest-21' failed to execute: No attribute named 'pt_uuID' is defined
16:50:47.192 [ERROR] i.g.h.a.HttpRequestAction - 'httpRequest-20' failed to execute: No attribute named 'pt_uuID' is defined
16:50:52.130 [ERROR] i.g.h.a.HttpRequestAction - 'httpRequest-5' failed to execute: No attribute named 'p_uuID' is defined
16:50:52.131 [ERROR] i.g.h.a.HttpRequestAction - 'httpRequest-4' failed to execute: No attribute named 'p_uuID' is defined
16:51:02.385 [ERROR] i.g.h.a.HttpRequestAction - 'httpRequest-5' failed to execute: No attribute named 'p_uuID' is defined
16:51:02.386 [ERROR] i.g.h.a.HttpRequestAction - 'httpRequest-4' failed to execute: No attribute named 'p_uuID' is defined
16:51:02.405 [ERROR] i.g.h.a.HttpRequestAction - 'httpRequest-21' failed to execute: No attribute named 'pt_uuID' is defined
16:51:02.407 [ERROR] i.g.h.a.HttpRequestAction - 'httpRequest-20' failed to execute: No attribute named 'pt_uuID' is defined
16:51:02.410 [ERROR] i.g.h.a.HttpRequestAction - 'httpRequest-73' failed to execute: No attribute named 'pt_uuID' is defined
16:51:02.410 [ERROR] i.g.h.a.HttpRequestAction - 'httpRequest-72' failed to execute: No attribute named 'pt_uuID' is defined
16:51:04.946 [ERROR] i.g.h.a.HttpRequestAction - 'httpRequest-62' failed to execute: No attribute named 'pt_uuID' is defined
16:51:04.950 [ERROR] i.g.h.a.HttpRequestAction - 'httpRequest-60' failed to execute: No attribute named 'pt_uuID' is defined
16:51:04.951 [ERROR] i.g.h.a.HttpRequestAction - 'httpRequest-59' failed to execute: No attribute named 'pt_uuID' is defined
16:52:12.267 [ERROR] i.g.h.a.HttpRequestAction - 'httpRequest-5' failed to execute: No attribute named 'p_uuID' is defined
16:52:12.276 [ERROR] i.g.h.a.HttpRequestAction - 'httpRequest-4' failed to execute: No attribute named 'p_uuID' is defined
16:52:17.525 [ERROR] i.g.h.a.HttpRequestAction - 'httpRequest-21' failed to execute: No attribute named 'pt_uuID' is defined
16:52:17.528 [ERROR] i.g.h.a.HttpRequestAction - 'httpRequest-20' failed to execute: No attribute named 'pt_uuID' is defined
16:52:22.342 [ERROR] i.g.h.a.HttpRequestAction - 'httpRequest-5' failed to execute: No attribute named 'p_uuID' is defined
16:52:22.344 [ERROR] i.g.h.a.HttpRequestAction - 'httpRequest-4' failed to execute: No attribute named 'p_uuID' is defined
16:52:32.209 [ERROR] i.g.h.a.HttpRequestAction - 'httpRequest-21' failed to execute: No attribute named 'pt_uuID' is defined
16:52:32.210 [ERROR] i.g.h.a.HttpRequestAction - 'httpRequest-20' failed to execute: No attribute named 'pt_uuID' is defined
16:52:32.232 [ERROR] i.g.h.a.HttpRequestAction - 'httpRequest-5' failed to execute: No attribute named 'p_uuID' is defined
16:52:32.233 [ERROR] i.g.h.a.HttpRequestAction - 'httpRequest-4' failed to execute: No attribute named 'p_uuID' is defined
16:52:32.245 [ERROR] i.g.h.a.HttpRequestAction - 'httpRequest-73' failed to execute: No attribute named 'pt_uuID' is defined
16:52:32.246 [ERROR] i.g.h.a.HttpRequestAction - 'httpRequest-72' failed to execute: No attribute named 'pt_uuID' is defined
16:52:34.719 [ERROR] i.g.h.a.HttpRequestAction - 'httpRequest-62' failed to execute: No attribute named 'pt_uuID' is defined
16:52:34.723 [ERROR] i.g.h.a.HttpRequestAction - 'httpRequest-60' failed to execute: No attribute named 'pt_uuID' is defined
16:52:34.723 [ERROR] i.g.h.a.HttpRequestAction - 'httpRequest-59' failed to execute: No attribute named 'pt_uuID' is defined
16:52:42.285 [ERROR] i.g.h.a.HttpRequestAction - 'httpRequest-5' failed to execute: No attribute named 'p_uuID' is defined
16:52:42.287 [ERROR] i.g.h.a.HttpRequestAction - 'httpRequest-4' failed to execute: No attribute named 'p_uuID' is defined
16:52:47.241 [ERROR] i.g.h.a.HttpRequestAction - 'httpRequest-21' failed to execute: No attribute named 'pt_uuID' is defined
16:52:47.242 [ERROR] i.g.h.a.HttpRequestAction - 'httpRequest-20' failed to execute: No attribute named 'pt_uuID' is defined
16:52:52.260 [ERROR] i.g.h.a.HttpRequestAction - 'httpRequest-5' failed to execute: No attribute named 'p_uuID' is defined
16:52:52.262 [ERROR] i.g.h.a.HttpRequestAction - 'httpRequest-4' failed to execute: No attribute named 'p_uuID' is defined
16:53:02.221 [ERROR] i.g.h.a.HttpRequestAction - 'httpRequest-5' failed to execute: No attribute named 'p_uuID' is defined
16:53:02.224 [ERROR] i.g.h.a.HttpRequestAction - 'httpRequest-4' failed to execute: No attribute named 'p_uuID' is defined
16:53:02.221 [ERROR] i.g.h.a.HttpRequestAction - 'httpRequest-21' failed to execute: No attribute named 'pt_uuID' is defined
16:53:02.226 [ERROR] i.g.h.a.HttpRequestAction - 'httpRequest-20' failed to execute: No attribute named 'pt_uuID' is defined
16:53:02.235 [ERROR] i.g.h.a.HttpRequestAction - 'httpRequest-73' failed to execute: No attribute named 'pt_uuID' is defined
16:53:02.235 [ERROR] i.g.h.a.HttpRequestAction - 'httpRequest-72' failed to execute: No attribute named 'pt_uuID' is defined
16:53:04.482 [ERROR] i.g.h.a.HttpRequestAction - 'httpRequest-62' failed to execute: No attribute named 'pt_uuID' is defined
16:53:04.490 [ERROR] i.g.h.a.HttpRequestAction - 'httpRequest-60' failed to execute: No attribute named 'pt_uuID' is defined
16:53:04.491 [ERROR] i.g.h.a.HttpRequestAction - 'httpRequest-59' failed to execute: No attribute named 'pt_uuID' is defined
16:54:12.533 [ERROR] i.g.h.a.HttpRequestAction - 'httpRequest-5' failed to execute: No attribute named 'p_uuID' is defined
16:54:12.534 [ERROR] i.g.h.a.HttpRequestAction - 'httpRequest-4' failed to execute: No attribute named 'p_uuID' is defined
16:54:17.314 [ERROR] i.g.h.a.HttpRequestAction - 'httpRequest-21' failed to execute: No attribute named 'pt_uuID' is defined
16:54:17.318 [ERROR] i.g.h.a.HttpRequestAction - 'httpRequest-20' failed to execute: No attribute named 'pt_uuID' is defined
16:54:22.308 [ERROR] i.g.h.a.HttpRequestAction - 'httpRequest-5' failed to execute: No attribute named 'p_uuID' is defined
16:54:22.309 [ERROR] i.g.h.a.HttpRequestAction - 'httpRequest-4' failed to execute: No attribute named 'p_uuID' is defined
16:54:32.406 [ERROR] i.g.h.a.HttpRequestAction - 'httpRequest-21' failed to execute: No attribute named 'pt_uuID' is defined
16:54:32.408 [ERROR] i.g.h.a.HttpRequestAction - 'httpRequest-20' failed to execute: No attribute named 'pt_uuID' is defined
16:54:32.415 [ERROR] i.g.h.a.HttpRequestAction - 'httpRequest-5' failed to execute: No attribute named 'p_uuID' is defined
16:54:32.416 [ERROR] i.g.h.a.HttpRequestAction - 'httpRequest-4' failed to execute: No attribute named 'p_uuID' is defined
16:54:32.416 [ERROR] i.g.h.a.HttpRequestAction - 'httpRequest-73' failed to execute: No attribute named 'pt_uuID' is defined
16:54:32.417 [ERROR] i.g.h.a.HttpRequestAction - 'httpRequest-72' failed to execute: No attribute named 'pt_uuID' is defined
16:54:34.758 [ERROR] i.g.h.a.HttpRequestAction - 'httpRequest-62' failed to execute: No attribute named 'pt_uuID' is defined
16:54:34.761 [ERROR] i.g.h.a.HttpRequestAction - 'httpRequest-60' failed to execute: No attribute named 'pt_uuID' is defined
16:54:34.761 [ERROR] i.g.h.a.HttpRequestAction - 'httpRequest-59' failed to execute: No attribute named 'pt_uuID' is defined
16:54:42.251 [ERROR] i.g.h.a.HttpRequestAction - 'httpRequest-5' failed to execute: No attribute named 'p_uuID' is defined
16:54:42.252 [ERROR] i.g.h.a.HttpRequestAction - 'httpRequest-4' failed to execute: No attribute named 'p_uuID' is defined
16:54:47.359 [ERROR] i.g.h.a.HttpRequestAction - 'httpRequest-21' failed to execute: No attribute named 'pt_uuID' is defined
16:54:47.360 [ERROR] i.g.h.a.HttpRequestAction - 'httpRequest-20' failed to execute: No attribute named 'pt_uuID' is defined
16:54:52.225 [ERROR] i.g.h.a.HttpRequestAction - 'httpRequest-5' failed to execute: No attribute named 'p_uuID' is defined
16:54:52.236 [ERROR] i.g.h.a.HttpRequestAction - 'httpRequest-4' failed to execute: No attribute named 'p_uuID' is defined
16:55:02.263 [ERROR] i.g.h.a.HttpRequestAction - 'httpRequest-21' failed to execute: No attribute named 'pt_uuID' is defined
16:55:02.266 [ERROR] i.g.h.a.HttpRequestAction - 'httpRequest-20' failed to execute: No attribute named 'pt_uuID' is defined
16:55:02.280 [ERROR] i.g.h.a.HttpRequestAction - 'httpRequest-5' failed to execute: No attribute named 'p_uuID' is defined
16:55:02.280 [ERROR] i.g.h.a.HttpRequestAction - 'httpRequest-4' failed to execute: No attribute named 'p_uuID' is defined
16:55:02.281 [ERROR] i.g.h.a.HttpRequestAction - 'httpRequest-73' failed to execute: No attribute named 'pt_uuID' is defined
16:55:02.282 [ERROR] i.g.h.a.HttpRequestAction - 'httpRequest-72' failed to execute: No attribute named 'pt_uuID' is defined
16:55:04.616 [ERROR] i.g.h.a.HttpRequestAction - 'httpRequest-62' failed to execute: No attribute named 'pt_uuID' is defined
16:55:04.626 [ERROR] i.g.h.a.HttpRequestAction - 'httpRequest-60' failed to execute: No attribute named 'pt_uuID' is defined
16:55:04.627 [ERROR] i.g.h.a.HttpRequestAction - 'httpRequest-59' failed to execute: No attribute named 'pt_uuID' is defined
16:56:12.225 [ERROR] i.g.h.a.HttpRequestAction - 'httpRequest-5' failed to execute: No attribute named 'p_uuID' is defined
16:56:12.229 [ERROR] i.g.h.a.HttpRequestAction - 'httpRequest-4' failed to execute: No attribute named 'p_uuID' is defined
16:56:17.841 [ERROR] i.g.h.a.HttpRequestAction - 'httpRequest-21' failed to execute: No attribute named 'pt_uuID' is defined
16:56:17.843 [ERROR] i.g.h.a.HttpRequestAction - 'httpRequest-20' failed to execute: No attribute named 'pt_uuID' is defined
16:56:22.328 [ERROR] i.g.h.a.HttpRequestAction - 'httpRequest-5' failed to execute: No attribute named 'p_uuID' is defined
16:56:22.330 [ERROR] i.g.h.a.HttpRequestAction - 'httpRequest-4' failed to execute: No attribute named 'p_uuID' is defined
16:56:32.265 [ERROR] i.g.h.a.HttpRequestAction - 'httpRequest-73' failed to execute: No attribute named 'pt_uuID' is defined
16:56:32.268 [ERROR] i.g.h.a.HttpRequestAction - 'httpRequest-72' failed to execute: No attribute named 'pt_uuID' is defined
16:56:32.295 [ERROR] i.g.h.a.HttpRequestAction - 'httpRequest-21' failed to execute: No attribute named 'pt_uuID' is defined
16:56:32.296 [ERROR] i.g.h.a.HttpRequestAction - 'httpRequest-20' failed to execute: No attribute named 'pt_uuID' is defined
16:56:32.298 [ERROR] i.g.h.a.HttpRequestAction - 'httpRequest-5' failed to execute: No attribute named 'p_uuID' is defined
16:56:32.299 [ERROR] i.g.h.a.HttpRequestAction - 'httpRequest-4' failed to execute: No attribute named 'p_uuID' is defined
16:56:34.614 [ERROR] i.g.h.a.HttpRequestAction - 'httpRequest-62' failed to execute: No attribute named 'pt_uuID' is defined
16:56:34.618 [ERROR] i.g.h.a.HttpRequestAction - 'httpRequest-60' failed to execute: No attribute named 'pt_uuID' is defined
16:56:34.619 [ERROR] i.g.h.a.HttpRequestAction - 'httpRequest-59' failed to execute: No attribute named 'pt_uuID' is defined
16:56:42.569 [ERROR] i.g.h.a.HttpRequestAction - 'httpRequest-5' failed to execute: No attribute named 'p_uuID' is defined
16:56:42.579 [ERROR] i.g.h.a.HttpRequestAction - 'httpRequest-4' failed to execute: No attribute named 'p_uuID' is defined
16:56:47.279 [ERROR] i.g.h.a.HttpRequestAction - 'httpRequest-21' failed to execute: No attribute named 'pt_uuID' is defined
16:56:47.280 [ERROR] i.g.h.a.HttpRequestAction - 'httpRequest-20' failed to execute: No attribute named 'pt_uuID' is defined
16:56:52.179 [ERROR] i.g.h.a.HttpRequestAction - 'httpRequest-5' failed to execute: No attribute named 'p_uuID' is defined
16:56:52.180 [ERROR] i.g.h.a.HttpRequestAction - 'httpRequest-4' failed to execute: No attribute named 'p_uuID' is defined
16:57:02.326 [ERROR] i.g.h.a.HttpRequestAction - 'httpRequest-73' failed to execute: No attribute named 'pt_uuID' is defined
16:57:02.328 [ERROR] i.g.h.a.HttpRequestAction - 'httpRequest-72' failed to execute: No attribute named 'pt_uuID' is defined
16:57:02.366 [ERROR] i.g.h.a.HttpRequestAction - 'httpRequest-5' failed to execute: No attribute named 'p_uuID' is defined
16:57:02.371 [ERROR] i.g.h.a.HttpRequestAction - 'httpRequest-4' failed to execute: No attribute named 'p_uuID' is defined
16:57:02.388 [ERROR] i.g.h.a.HttpRequestAction - 'httpRequest-21' failed to execute: No attribute named 'pt_uuID' is defined
16:57:02.393 [ERROR] i.g.h.a.HttpRequestAction - 'httpRequest-20' failed to execute: No attribute named 'pt_uuID' is defined
16:57:05.100 [ERROR] i.g.h.a.HttpRequestAction - 'httpRequest-62' failed to execute: No attribute named 'pt_uuID' is defined
16:57:05.107 [ERROR] i.g.h.a.HttpRequestAction - 'httpRequest-60' failed to execute: No attribute named 'pt_uuID' is defined
16:57:05.108 [ERROR] i.g.h.a.HttpRequestAction - 'httpRequest-59' failed to execute: No attribute named 'pt_uuID' is defined
16:58:12.161 [ERROR] i.g.h.a.HttpRequestAction - 'httpRequest-5' failed to execute: No attribute named 'p_uuID' is defined
16:58:12.163 [ERROR] i.g.h.a.HttpRequestAction - 'httpRequest-4' failed to execute: No attribute named 'p_uuID' is defined
16:58:17.312 [ERROR] i.g.h.a.HttpRequestAction - 'httpRequest-21' failed to execute: No attribute named 'pt_uuID' is defined
16:58:17.316 [ERROR] i.g.h.a.HttpRequestAction - 'httpRequest-20' failed to execute: No attribute named 'pt_uuID' is defined
16:58:22.181 [ERROR] i.g.h.a.HttpRequestAction - 'httpRequest-5' failed to execute: No attribute named 'p_uuID' is defined
16:58:22.191 [ERROR] i.g.h.a.HttpRequestAction - 'httpRequest-4' failed to execute: No attribute named 'p_uuID' is defined
16:59:11.298 [ERROR] i.g.h.a.HttpRequestAction - 'httpRequest-5' failed to execute: No attribute named 'p_uuID' is defined
16:59:11.300 [ERROR] i.g.h.a.HttpRequestAction - 'httpRequest-4' failed to execute: No attribute named 'p_uuID' is defined
16:59:11.354 [ERROR] i.g.h.a.HttpRequestAction - 'httpRequest-21' failed to execute: No attribute named 'pt_uuID' is defined
16:59:11.353 [ERROR] i.g.h.a.HttpRequestAction - 'httpRequest-73' failed to execute: No attribute named 'pt_uuID' is defined
16:59:11.368 [ERROR] i.g.h.a.HttpRequestAction - 'httpRequest-20' failed to execute: No attribute named 'pt_uuID' is defined
16:59:11.369 [ERROR] i.g.h.a.HttpRequestAction - 'httpRequest-72' failed to execute: No attribute named 'pt_uuID' is defined
16:59:13.657 [ERROR] i.g.h.a.HttpRequestAction - 'httpRequest-62' failed to execute: No attribute named 'pt_uuID' is defined
16:59:13.660 [ERROR] i.g.h.a.HttpRequestAction - 'httpRequest-60' failed to execute: No attribute named 'pt_uuID' is defined
16:59:13.660 [ERROR] i.g.h.a.HttpRequestAction - 'httpRequest-59' failed to execute: No attribute named 'pt_uuID' is defined
16:59:21.260 [ERROR] i.g.h.a.HttpRequestAction - 'httpRequest-5' failed to execute: No attribute named 'p_uuID' is defined
16:59:21.261 [ERROR] i.g.h.a.HttpRequestAction - 'httpRequest-4' failed to execute: No attribute named 'p_uuID' is defined
16:59:26.419 [ERROR] i.g.h.a.HttpRequestAction - 'httpRequest-21' failed to execute: No attribute named 'pt_uuID' is defined
16:59:26.431 [ERROR] i.g.h.a.HttpRequestAction - 'httpRequest-20' failed to execute: No attribute named 'pt_uuID' is defined
16:59:31.566 [ERROR] i.g.h.a.HttpRequestAction - 'httpRequest-5' failed to execute: No attribute named 'p_uuID' is defined
16:59:31.567 [ERROR] i.g.h.a.HttpRequestAction - 'httpRequest-4' failed to execute: No attribute named 'p_uuID' is defined
16:59:41.315 [ERROR] i.g.h.a.HttpRequestAction - 'httpRequest-73' failed to execute: No attribute named 'pt_uuID' is defined
16:59:41.317 [ERROR] i.g.h.a.HttpRequestAction - 'httpRequest-72' failed to execute: No attribute named 'pt_uuID' is defined
16:59:41.327 [ERROR] i.g.h.a.HttpRequestAction - 'httpRequest-5' failed to execute: No attribute named 'p_uuID' is defined
16:59:41.327 [ERROR] i.g.h.a.HttpRequestAction - 'httpRequest-4' failed to execute: No attribute named 'p_uuID' is defined
16:59:41.349 [ERROR] i.g.h.a.HttpRequestAction - 'httpRequest-21' failed to execute: No attribute named 'pt_uuID' is defined
16:59:41.350 [ERROR] i.g.h.a.HttpRequestAction - 'httpRequest-20' failed to execute: No attribute named 'pt_uuID' is defined
16:59:43.583 [ERROR] i.g.h.a.HttpRequestAction - 'httpRequest-62' failed to execute: No attribute named 'pt_uuID' is defined
16:59:43.588 [ERROR] i.g.h.a.HttpRequestAction - 'httpRequest-60' failed to execute: No attribute named 'pt_uuID' is defined
16:59:43.588 [ERROR] i.g.h.a.HttpRequestAction - 'httpRequest-59' failed to execute: No attribute named 'pt_uuID' is defined
