16:41:51.749 [ERROR] i.g.c.a.b.SessionHookBuilder$$anon$1 - 'hook-119' crashed with 'j.u.NoSuchElementException: No attribute named 'patientUUIDs' is defined', forwarding to the next one
16:41:51.753 [ERROR] i.g.c.s.LoopBlock$ - Condition evaluation crashed with message 'No attribute named 'opdPatients' is defined', exiting loop
16:41:51.753 [ERROR] i.g.c.a.b.SessionHookBuilder$$anon$1 - 'hook-115' crashed with 'j.u.NoSuchElementException: No attribute named 'patientUUIDs' is defined', forwarding to the next one
16:41:51.754 [ERROR] i.g.c.a.b.SessionHookBuilder$$anon$1 - 'hook-114' crashed with 'j.l.IllegalArgumentException: bound must be positive', forwarding to the next one
16:41:51.755 [ERROR] i.g.h.a.HttpRequestAction - 'httpRequest-113' failed to execute: No attribute named 'opdPatientId' is defined
16:41:51.757 [ERROR] i.g.h.a.HttpRequestAction - 'httpRequest-112' failed to execute: No attribute named 'opdPatientId' is defined
16:41:53.168 [ERROR] i.g.h.a.HttpRequestAction - 'httpRequest-110' failed to execute: No attribute named 'opdPatientId' is defined
16:41:53.169 [ERROR] i.g.h.a.HttpRequestAction - 'httpRequest-109' failed to execute: No attribute named 'locationUuid' is defined
16:41:54.639 [ERROR] i.g.c.a.b.SessionHookBuilder$$anon$1 - 'hook-119' crashed with 'j.u.NoSuchElementException: No attribute named 'patientUUIDs' is defined', forwarding to the next one
16:41:54.640 [ERROR] i.g.c.s.LoopBlock$ - Condition evaluation crashed with message 'No attribute named 'opdPatients' is defined', exiting loop
16:41:54.640 [ERROR] i.g.c.a.b.SessionHookBuilder$$anon$1 - 'hook-115' crashed with 'j.u.NoSuchElementException: No attribute named 'patientUUIDs' is defined', forwarding to the next one
16:41:54.640 [ERROR] i.g.c.a.b.SessionHookBuilder$$anon$1 - 'hook-114' crashed with 'j.l.IllegalArgumentException: bound must be positive', forwarding to the next one
16:41:54.641 [ERROR] i.g.h.a.HttpRequestAction - 'httpRequest-113' failed to execute: No attribute named 'opdPatientId' is defined
16:41:54.641 [ERROR] i.g.h.a.HttpRequestAction - 'httpRequest-112' failed to execute: No attribute named 'opdPatientId' is defined
16:41:54.970 [ERROR] i.g.h.a.HttpRequestAction - 'httpRequest-110' failed to execute: No attribute named 'opdPatientId' is defined
16:41:54.970 [ERROR] i.g.h.a.HttpRequestAction - 'httpRequest-109' failed to execute: No attribute named 'locationUuid' is defined
16:41:55.200 [ERROR] i.g.c.a.b.SessionHookBuilder$$anon$1 - 'hook-119' crashed with 'j.u.NoSuchElementException: No attribute named 'patientUUIDs' is defined', forwarding to the next one
16:41:55.200 [ERROR] i.g.c.s.LoopBlock$ - Condition evaluation crashed with message 'No attribute named 'opdPatients' is defined', exiting loop
16:41:55.200 [ERROR] i.g.c.a.b.SessionHookBuilder$$anon$1 - 'hook-115' crashed with 'j.u.NoSuchElementException: No attribute named 'patientUUIDs' is defined', forwarding to the next one
16:41:55.201 [ERROR] i.g.c.a.b.SessionHookBuilder$$anon$1 - 'hook-114' crashed with 'j.l.IllegalArgumentException: bound must be positive', forwarding to the next one
16:41:55.201 [ERROR] i.g.h.a.HttpRequestAction - 'httpRequest-113' failed to execute: No attribute named 'opdPatientId' is defined
16:41:55.201 [ERROR] i.g.h.a.HttpRequestAction - 'httpRequest-112' failed to execute: No attribute named 'opdPatientId' is defined
16:41:56.123 [ERROR] i.g.h.a.HttpRequestAction - 'httpRequest-110' failed to execute: No attribute named 'opdPatientId' is defined
16:41:56.128 [ERROR] i.g.h.a.HttpRequestAction - 'httpRequest-109' failed to execute: No attribute named 'locationUuid' is defined
16:41:58.188 [ERROR] i.g.h.a.HttpRequestAction - 'httpRequest-5' failed to execute: No attribute named 'p_uuID' is defined
16:41:58.190 [ERROR] i.g.h.a.HttpRequestAction - 'httpRequest-4' failed to execute: No attribute named 'p_uuID' is defined
16:41:58.847 [ERROR] i.g.h.a.HttpRequestAction - 'httpRequest-21' failed to execute: No attribute named 'pt_uuID' is defined
16:41:58.848 [ERROR] i.g.h.a.HttpRequestAction - 'httpRequest-20' failed to execute: No attribute named 'pt_uuID' is defined
16:42:02.715 [ERROR] i.g.h.a.HttpRequestAction - 'httpRequest-100' failed to execute: No attribute named 'opdPatientId' is defined
16:42:02.720 [ERROR] i.g.h.a.HttpRequestAction - 'httpRequest-98' failed to execute: No attribute named 'opdPatientId' is defined
16:42:02.720 [ERROR] i.g.h.a.HttpRequestAction - 'httpRequest-97' failed to execute: No attribute named 'opdPatientId' is defined
16:42:04.517 [ERROR] i.g.h.a.HttpRequestAction - 'httpRequest-5' failed to execute: No attribute named 'p_uuID' is defined
16:42:04.520 [ERROR] i.g.h.a.HttpRequestAction - 'httpRequest-4' failed to execute: No attribute named 'p_uuID' is defined
16:42:04.888 [ERROR] i.g.h.a.HttpRequestAction - 'httpRequest-91' failed to execute: No attribute named 'opdPatientId' is defined
16:42:04.888 [ERROR] i.g.h.a.HttpRequestAction - 'httpRequest-90' failed to execute: No attribute named 'opdPatientId' is defined
16:42:04.984 [ERROR] i.g.h.a.HttpRequestAction - 'httpRequest-88' failed to execute: No attribute named 'opdVisitId' is defined
16:42:06.922 [ERROR] i.g.h.a.HttpRequestAction - 'httpRequest-100' failed to execute: No attribute named 'opdPatientId' is defined
16:42:06.922 [ERROR] i.g.h.a.HttpRequestAction - 'httpRequest-100' failed to execute: No attribute named 'opdPatientId' is defined
16:42:06.928 [ERROR] i.g.h.a.HttpRequestAction - 'httpRequest-98' failed to execute: No attribute named 'opdPatientId' is defined
16:42:06.928 [ERROR] i.g.h.a.HttpRequestAction - 'httpRequest-98' failed to execute: No attribute named 'opdPatientId' is defined
16:42:06.928 [ERROR] i.g.h.a.HttpRequestAction - 'httpRequest-97' failed to execute: No attribute named 'opdPatientId' is defined
16:42:06.929 [ERROR] i.g.h.a.HttpRequestAction - 'httpRequest-97' failed to execute: No attribute named 'opdPatientId' is defined
16:42:08.380 [ERROR] i.g.h.a.HttpRequestAction - 'httpRequest-91' failed to execute: No attribute named 'opdPatientId' is defined
16:42:08.381 [ERROR] i.g.h.a.HttpRequestAction - 'httpRequest-90' failed to execute: No attribute named 'opdPatientId' is defined
16:42:08.717 [ERROR] i.g.h.a.HttpRequestAction - 'httpRequest-88' failed to execute: No attribute named 'opdVisitId' is defined
16:42:09.449 [ERROR] i.g.h.a.HttpRequestAction - 'httpRequest-91' failed to execute: No attribute named 'opdPatientId' is defined
16:42:09.449 [ERROR] i.g.h.a.HttpRequestAction - 'httpRequest-90' failed to execute: No attribute named 'opdPatientId' is defined
16:42:09.515 [ERROR] i.g.h.a.HttpRequestAction - 'httpRequest-88' failed to execute: No attribute named 'opdVisitId' is defined
16:42:12.118 [ERROR] i.g.h.a.HttpRequestAction - 'httpRequest-5' failed to execute: No attribute named 'p_uuID' is defined
16:42:12.120 [ERROR] i.g.h.a.HttpRequestAction - 'httpRequest-4' failed to execute: No attribute named 'p_uuID' is defined
16:42:12.141 [ERROR] i.g.h.a.HttpRequestAction - 'httpRequest-73' failed to execute: No attribute named 'pt_uuID' is defined
16:42:12.142 [ERROR] i.g.h.a.HttpRequestAction - 'httpRequest-72' failed to execute: No attribute named 'pt_uuID' is defined
16:42:12.181 [ERROR] i.g.h.a.HttpRequestAction - 'httpRequest-21' failed to execute: No attribute named 'pt_uuID' is defined
16:42:12.182 [ERROR] i.g.h.a.HttpRequestAction - 'httpRequest-20' failed to execute: No attribute named 'pt_uuID' is defined
16:42:14.313 [ERROR] i.g.h.a.HttpRequestAction - 'httpRequest-62' failed to execute: No attribute named 'pt_uuID' is defined
16:42:14.316 [ERROR] i.g.h.a.HttpRequestAction - 'httpRequest-60' failed to execute: No attribute named 'pt_uuID' is defined
16:42:14.318 [ERROR] i.g.h.a.HttpRequestAction - 'httpRequest-59' failed to execute: No attribute named 'pt_uuID' is defined
16:42:19.740 [ERROR] i.g.h.a.HttpRequestAction - 'httpRequest-5' failed to execute: No attribute named 'p_uuID' is defined
16:42:19.742 [ERROR] i.g.h.a.HttpRequestAction - 'httpRequest-4' failed to execute: No attribute named 'p_uuID' is defined
16:42:25.454 [ERROR] i.g.h.a.HttpRequestAction - 'httpRequest-21' failed to execute: No attribute named 'pt_uuID' is defined
16:42:25.455 [ERROR] i.g.h.a.HttpRequestAction - 'httpRequest-20' failed to execute: No attribute named 'pt_uuID' is defined
16:42:30.280 [ERROR] i.g.h.a.HttpRequestAction - 'httpRequest-5' failed to execute: No attribute named 'p_uuID' is defined
16:42:30.281 [ERROR] i.g.h.a.HttpRequestAction - 'httpRequest-4' failed to execute: No attribute named 'p_uuID' is defined
16:42:40.374 [ERROR] i.g.h.a.HttpRequestAction - 'httpRequest-5' failed to execute: No attribute named 'p_uuID' is defined
16:42:40.376 [ERROR] i.g.h.a.HttpRequestAction - 'httpRequest-4' failed to execute: No attribute named 'p_uuID' is defined
16:42:40.664 [ERROR] i.g.h.a.HttpRequestAction - 'httpRequest-21' failed to execute: No attribute named 'pt_uuID' is defined
16:42:40.664 [ERROR] i.g.h.a.HttpRequestAction - 'httpRequest-20' failed to execute: No attribute named 'pt_uuID' is defined
16:42:40.788 [ERROR] i.g.h.a.HttpRequestAction - 'httpRequest-73' failed to execute: No attribute named 'pt_uuID' is defined
16:42:40.789 [ERROR] i.g.h.a.HttpRequestAction - 'httpRequest-72' failed to execute: No attribute named 'pt_uuID' is defined
16:42:42.900 [ERROR] i.g.h.a.HttpRequestAction - 'httpRequest-62' failed to execute: No attribute named 'pt_uuID' is defined
16:42:42.902 [ERROR] i.g.h.a.HttpRequestAction - 'httpRequest-60' failed to execute: No attribute named 'pt_uuID' is defined
16:42:42.902 [ERROR] i.g.h.a.HttpRequestAction - 'httpRequest-59' failed to execute: No attribute named 'pt_uuID' is defined
16:43:48.323 [ERROR] i.g.h.a.HttpRequestAction - 'httpRequest-5' failed to execute: No attribute named 'p_uuID' is defined
16:43:48.329 [ERROR] i.g.h.a.HttpRequestAction - 'httpRequest-4' failed to execute: No attribute named 'p_uuID' is defined
16:43:53.301 [ERROR] i.g.h.a.HttpRequestAction - 'httpRequest-21' failed to execute: No attribute named 'pt_uuID' is defined
16:43:53.304 [ERROR] i.g.h.a.HttpRequestAction - 'httpRequest-20' failed to execute: No attribute named 'pt_uuID' is defined
16:43:58.265 [ERROR] i.g.h.a.HttpRequestAction - 'httpRequest-5' failed to execute: No attribute named 'p_uuID' is defined
16:43:58.268 [ERROR] i.g.h.a.HttpRequestAction - 'httpRequest-4' failed to execute: No attribute named 'p_uuID' is defined
16:44:08.375 [ERROR] i.g.h.a.HttpRequestAction - 'httpRequest-21' failed to execute: No attribute named 'pt_uuID' is defined
16:44:08.378 [ERROR] i.g.h.a.HttpRequestAction - 'httpRequest-20' failed to execute: No attribute named 'pt_uuID' is defined
16:44:08.389 [ERROR] i.g.h.a.HttpRequestAction - 'httpRequest-5' failed to execute: No attribute named 'p_uuID' is defined
16:44:08.389 [ERROR] i.g.h.a.HttpRequestAction - 'httpRequest-4' failed to execute: No attribute named 'p_uuID' is defined
16:44:08.391 [ERROR] i.g.h.a.HttpRequestAction - 'httpRequest-73' failed to execute: No attribute named 'pt_uuID' is defined
16:44:08.392 [ERROR] i.g.h.a.HttpRequestAction - 'httpRequest-72' failed to execute: No attribute named 'pt_uuID' is defined
16:44:09.797 [ERROR] i.g.h.a.HttpRequestAction - 'httpRequest-62' failed to execute: No attribute named 'pt_uuID' is defined
16:44:09.800 [ERROR] i.g.h.a.HttpRequestAction - 'httpRequest-60' failed to execute: No attribute named 'pt_uuID' is defined
16:44:09.801 [ERROR] i.g.h.a.HttpRequestAction - 'httpRequest-59' failed to execute: No attribute named 'pt_uuID' is defined
16:44:18.364 [ERROR] i.g.h.a.HttpRequestAction - 'httpRequest-5' failed to execute: No attribute named 'p_uuID' is defined
16:44:18.367 [ERROR] i.g.h.a.HttpRequestAction - 'httpRequest-4' failed to execute: No attribute named 'p_uuID' is defined
16:44:23.314 [ERROR] i.g.h.a.HttpRequestAction - 'httpRequest-21' failed to execute: No attribute named 'pt_uuID' is defined
16:44:23.314 [ERROR] i.g.h.a.HttpRequestAction - 'httpRequest-20' failed to execute: No attribute named 'pt_uuID' is defined
16:44:28.268 [ERROR] i.g.h.a.HttpRequestAction - 'httpRequest-5' failed to execute: No attribute named 'p_uuID' is defined
16:44:28.272 [ERROR] i.g.h.a.HttpRequestAction - 'httpRequest-4' failed to execute: No attribute named 'p_uuID' is defined
16:44:38.361 [ERROR] i.g.h.a.HttpRequestAction - 'httpRequest-21' failed to execute: No attribute named 'pt_uuID' is defined
16:44:38.362 [ERROR] i.g.h.a.HttpRequestAction - 'httpRequest-20' failed to execute: No attribute named 'pt_uuID' is defined
16:44:38.367 [ERROR] i.g.h.a.HttpRequestAction - 'httpRequest-5' failed to execute: No attribute named 'p_uuID' is defined
16:44:38.367 [ERROR] i.g.h.a.HttpRequestAction - 'httpRequest-4' failed to execute: No attribute named 'p_uuID' is defined
16:44:38.373 [ERROR] i.g.h.a.HttpRequestAction - 'httpRequest-73' failed to execute: No attribute named 'pt_uuID' is defined
16:44:38.374 [ERROR] i.g.h.a.HttpRequestAction - 'httpRequest-72' failed to execute: No attribute named 'pt_uuID' is defined
16:44:40.288 [ERROR] i.g.h.a.HttpRequestAction - 'httpRequest-62' failed to execute: No attribute named 'pt_uuID' is defined
16:44:40.295 [ERROR] i.g.h.a.HttpRequestAction - 'httpRequest-60' failed to execute: No attribute named 'pt_uuID' is defined
16:44:40.296 [ERROR] i.g.h.a.HttpRequestAction - 'httpRequest-59' failed to execute: No attribute named 'pt_uuID' is defined
16:45:48.399 [ERROR] i.g.h.a.HttpRequestAction - 'httpRequest-5' failed to execute: No attribute named 'p_uuID' is defined
16:45:48.402 [ERROR] i.g.h.a.HttpRequestAction - 'httpRequest-4' failed to execute: No attribute named 'p_uuID' is defined
16:45:53.278 [ERROR] i.g.h.a.HttpRequestAction - 'httpRequest-21' failed to execute: No attribute named 'pt_uuID' is defined
16:45:53.279 [ERROR] i.g.h.a.HttpRequestAction - 'httpRequest-20' failed to execute: No attribute named 'pt_uuID' is defined
16:45:58.242 [ERROR] i.g.h.a.HttpRequestAction - 'httpRequest-5' failed to execute: No attribute named 'p_uuID' is defined
16:45:58.244 [ERROR] i.g.h.a.HttpRequestAction - 'httpRequest-4' failed to execute: No attribute named 'p_uuID' is defined
16:46:08.249 [ERROR] i.g.h.a.HttpRequestAction - 'httpRequest-73' failed to execute: No attribute named 'pt_uuID' is defined
16:46:08.251 [ERROR] i.g.h.a.HttpRequestAction - 'httpRequest-72' failed to execute: No attribute named 'pt_uuID' is defined
16:46:08.270 [ERROR] i.g.h.a.HttpRequestAction - 'httpRequest-21' failed to execute: No attribute named 'pt_uuID' is defined
16:46:08.272 [ERROR] i.g.h.a.HttpRequestAction - 'httpRequest-20' failed to execute: No attribute named 'pt_uuID' is defined
16:46:08.297 [ERROR] i.g.h.a.HttpRequestAction - 'httpRequest-5' failed to execute: No attribute named 'p_uuID' is defined
16:46:08.297 [ERROR] i.g.h.a.HttpRequestAction - 'httpRequest-4' failed to execute: No attribute named 'p_uuID' is defined
16:46:09.819 [ERROR] i.g.h.a.HttpRequestAction - 'httpRequest-62' failed to execute: No attribute named 'pt_uuID' is defined
16:46:09.829 [ERROR] i.g.h.a.HttpRequestAction - 'httpRequest-60' failed to execute: No attribute named 'pt_uuID' is defined
16:46:09.829 [ERROR] i.g.h.a.HttpRequestAction - 'httpRequest-59' failed to execute: No attribute named 'pt_uuID' is defined
16:46:18.299 [ERROR] i.g.h.a.HttpRequestAction - 'httpRequest-5' failed to execute: No attribute named 'p_uuID' is defined
16:46:18.302 [ERROR] i.g.h.a.HttpRequestAction - 'httpRequest-4' failed to execute: No attribute named 'p_uuID' is defined
16:46:23.240 [ERROR] i.g.h.a.HttpRequestAction - 'httpRequest-21' failed to execute: No attribute named 'pt_uuID' is defined
16:46:23.242 [ERROR] i.g.h.a.HttpRequestAction - 'httpRequest-20' failed to execute: No attribute named 'pt_uuID' is defined
16:46:28.303 [ERROR] i.g.h.a.HttpRequestAction - 'httpRequest-5' failed to execute: No attribute named 'p_uuID' is defined
16:46:28.304 [ERROR] i.g.h.a.HttpRequestAction - 'httpRequest-4' failed to execute: No attribute named 'p_uuID' is defined
16:46:38.341 [ERROR] i.g.h.a.HttpRequestAction - 'httpRequest-5' failed to execute: No attribute named 'p_uuID' is defined
16:46:38.344 [ERROR] i.g.h.a.HttpRequestAction - 'httpRequest-4' failed to execute: No attribute named 'p_uuID' is defined
16:46:38.344 [ERROR] i.g.h.a.HttpRequestAction - 'httpRequest-73' failed to execute: No attribute named 'pt_uuID' is defined
16:46:38.346 [ERROR] i.g.h.a.HttpRequestAction - 'httpRequest-72' failed to execute: No attribute named 'pt_uuID' is defined
16:46:38.347 [ERROR] i.g.h.a.HttpRequestAction - 'httpRequest-21' failed to execute: No attribute named 'pt_uuID' is defined
16:46:38.351 [ERROR] i.g.h.a.HttpRequestAction - 'httpRequest-20' failed to execute: No attribute named 'pt_uuID' is defined
16:46:40.301 [ERROR] i.g.h.a.HttpRequestAction - 'httpRequest-62' failed to execute: No attribute named 'pt_uuID' is defined
16:46:40.308 [ERROR] i.g.h.a.HttpRequestAction - 'httpRequest-60' failed to execute: No attribute named 'pt_uuID' is defined
16:46:40.311 [ERROR] i.g.h.a.HttpRequestAction - 'httpRequest-59' failed to execute: No attribute named 'pt_uuID' is defined
16:47:48.387 [ERROR] i.g.h.a.HttpRequestAction - 'httpRequest-5' failed to execute: No attribute named 'p_uuID' is defined
16:47:48.389 [ERROR] i.g.h.a.HttpRequestAction - 'httpRequest-4' failed to execute: No attribute named 'p_uuID' is defined
16:47:53.427 [ERROR] i.g.h.a.HttpRequestAction - 'httpRequest-21' failed to execute: No attribute named 'pt_uuID' is defined
16:47:53.428 [ERROR] i.g.h.a.HttpRequestAction - 'httpRequest-20' failed to execute: No attribute named 'pt_uuID' is defined
16:47:58.250 [ERROR] i.g.h.a.HttpRequestAction - 'httpRequest-5' failed to execute: No attribute named 'p_uuID' is defined
16:47:58.251 [ERROR] i.g.h.a.HttpRequestAction - 'httpRequest-4' failed to execute: No attribute named 'p_uuID' is defined
16:48:08.272 [ERROR] i.g.h.a.HttpRequestAction - 'httpRequest-5' failed to execute: No attribute named 'p_uuID' is defined
16:48:08.275 [ERROR] i.g.h.a.HttpRequestAction - 'httpRequest-21' failed to execute: No attribute named 'pt_uuID' is defined
16:48:08.272 [ERROR] i.g.h.a.HttpRequestAction - 'httpRequest-73' failed to execute: No attribute named 'pt_uuID' is defined
16:48:08.280 [ERROR] i.g.h.a.HttpRequestAction - 'httpRequest-20' failed to execute: No attribute named 'pt_uuID' is defined
16:48:08.280 [ERROR] i.g.h.a.HttpRequestAction - 'httpRequest-4' failed to execute: No attribute named 'p_uuID' is defined
16:48:08.280 [ERROR] i.g.h.a.HttpRequestAction - 'httpRequest-72' failed to execute: No attribute named 'pt_uuID' is defined
16:48:10.599 [ERROR] i.g.h.a.HttpRequestAction - 'httpRequest-62' failed to execute: No attribute named 'pt_uuID' is defined
16:48:10.603 [ERROR] i.g.h.a.HttpRequestAction - 'httpRequest-60' failed to execute: No attribute named 'pt_uuID' is defined
16:48:10.603 [ERROR] i.g.h.a.HttpRequestAction - 'httpRequest-59' failed to execute: No attribute named 'pt_uuID' is defined
16:48:18.310 [ERROR] i.g.h.a.HttpRequestAction - 'httpRequest-5' failed to execute: No attribute named 'p_uuID' is defined
16:48:18.311 [ERROR] i.g.h.a.HttpRequestAction - 'httpRequest-4' failed to execute: No attribute named 'p_uuID' is defined
16:48:23.307 [ERROR] i.g.h.a.HttpRequestAction - 'httpRequest-21' failed to execute: No attribute named 'pt_uuID' is defined
16:48:23.311 [ERROR] i.g.h.a.HttpRequestAction - 'httpRequest-20' failed to execute: No attribute named 'pt_uuID' is defined
16:48:28.282 [ERROR] i.g.h.a.HttpRequestAction - 'httpRequest-5' failed to execute: No attribute named 'p_uuID' is defined
16:48:28.284 [ERROR] i.g.h.a.HttpRequestAction - 'httpRequest-4' failed to execute: No attribute named 'p_uuID' is defined
16:48:38.302 [ERROR] i.g.h.a.HttpRequestAction - 'httpRequest-5' failed to execute: No attribute named 'p_uuID' is defined
16:48:38.305 [ERROR] i.g.h.a.HttpRequestAction - 'httpRequest-4' failed to execute: No attribute named 'p_uuID' is defined
16:48:38.307 [ERROR] i.g.h.a.HttpRequestAction - 'httpRequest-73' failed to execute: No attribute named 'pt_uuID' is defined
16:48:38.307 [ERROR] i.g.h.a.HttpRequestAction - 'httpRequest-72' failed to execute: No attribute named 'pt_uuID' is defined
16:48:38.308 [ERROR] i.g.h.a.HttpRequestAction - 'httpRequest-21' failed to execute: No attribute named 'pt_uuID' is defined
16:48:38.308 [ERROR] i.g.h.a.HttpRequestAction - 'httpRequest-20' failed to execute: No attribute named 'pt_uuID' is defined
16:48:40.653 [ERROR] i.g.h.a.HttpRequestAction - 'httpRequest-62' failed to execute: No attribute named 'pt_uuID' is defined
16:48:40.655 [ERROR] i.g.h.a.HttpRequestAction - 'httpRequest-60' failed to execute: No attribute named 'pt_uuID' is defined
16:48:40.656 [ERROR] i.g.h.a.HttpRequestAction - 'httpRequest-59' failed to execute: No attribute named 'pt_uuID' is defined
16:49:48.533 [ERROR] i.g.h.a.HttpRequestAction - 'httpRequest-5' failed to execute: No attribute named 'p_uuID' is defined
16:49:48.537 [ERROR] i.g.h.a.HttpRequestAction - 'httpRequest-4' failed to execute: No attribute named 'p_uuID' is defined
16:49:53.219 [ERROR] i.g.h.a.HttpRequestAction - 'httpRequest-21' failed to execute: No attribute named 'pt_uuID' is defined
16:49:53.219 [ERROR] i.g.h.a.HttpRequestAction - 'httpRequest-20' failed to execute: No attribute named 'pt_uuID' is defined
16:49:58.171 [ERROR] i.g.h.a.HttpRequestAction - 'httpRequest-5' failed to execute: No attribute named 'p_uuID' is defined
16:49:58.174 [ERROR] i.g.h.a.HttpRequestAction - 'httpRequest-4' failed to execute: No attribute named 'p_uuID' is defined
16:50:08.430 [ERROR] i.g.h.a.HttpRequestAction - 'httpRequest-73' failed to execute: No attribute named 'pt_uuID' is defined
16:50:08.431 [ERROR] i.g.h.a.HttpRequestAction - 'httpRequest-72' failed to execute: No attribute named 'pt_uuID' is defined
16:50:08.442 [ERROR] i.g.h.a.HttpRequestAction - 'httpRequest-5' failed to execute: No attribute named 'p_uuID' is defined
16:50:08.442 [ERROR] i.g.h.a.HttpRequestAction - 'httpRequest-4' failed to execute: No attribute named 'p_uuID' is defined
16:50:08.460 [ERROR] i.g.h.a.HttpRequestAction - 'httpRequest-21' failed to execute: No attribute named 'pt_uuID' is defined
16:50:08.460 [ERROR] i.g.h.a.HttpRequestAction - 'httpRequest-20' failed to execute: No attribute named 'pt_uuID' is defined
16:50:10.585 [ERROR] i.g.h.a.HttpRequestAction - 'httpRequest-62' failed to execute: No attribute named 'pt_uuID' is defined
16:50:10.586 [ERROR] i.g.h.a.HttpRequestAction - 'httpRequest-60' failed to execute: No attribute named 'pt_uuID' is defined
16:50:10.586 [ERROR] i.g.h.a.HttpRequestAction - 'httpRequest-59' failed to execute: No attribute named 'pt_uuID' is defined
16:50:18.328 [ERROR] i.g.h.a.HttpRequestAction - 'httpRequest-5' failed to execute: No attribute named 'p_uuID' is defined
16:50:18.330 [ERROR] i.g.h.a.HttpRequestAction - 'httpRequest-4' failed to execute: No attribute named 'p_uuID' is defined
16:50:23.347 [ERROR] i.g.h.a.HttpRequestAction - 'httpRequest-21' failed to execute: No attribute named 'pt_uuID' is defined
16:50:23.355 [ERROR] i.g.h.a.HttpRequestAction - 'httpRequest-20' failed to execute: No attribute named 'pt_uuID' is defined
16:50:28.387 [ERROR] i.g.h.a.HttpRequestAction - 'httpRequest-5' failed to execute: No attribute named 'p_uuID' is defined
16:50:28.390 [ERROR] i.g.h.a.HttpRequestAction - 'httpRequest-4' failed to execute: No attribute named 'p_uuID' is defined
16:50:38.356 [ERROR] i.g.h.a.HttpRequestAction - 'httpRequest-73' failed to execute: No attribute named 'pt_uuID' is defined
16:50:38.356 [ERROR] i.g.h.a.HttpRequestAction - 'httpRequest-21' failed to execute: No attribute named 'pt_uuID' is defined
16:50:38.358 [ERROR] i.g.h.a.HttpRequestAction - 'httpRequest-20' failed to execute: No attribute named 'pt_uuID' is defined
16:50:38.358 [ERROR] i.g.h.a.HttpRequestAction - 'httpRequest-72' failed to execute: No attribute named 'pt_uuID' is defined
16:50:38.403 [ERROR] i.g.h.a.HttpRequestAction - 'httpRequest-5' failed to execute: No attribute named 'p_uuID' is defined
16:50:38.404 [ERROR] i.g.h.a.HttpRequestAction - 'httpRequest-4' failed to execute: No attribute named 'p_uuID' is defined
16:50:40.653 [ERROR] i.g.h.a.HttpRequestAction - 'httpRequest-62' failed to execute: No attribute named 'pt_uuID' is defined
16:50:40.653 [ERROR] i.g.h.a.HttpRequestAction - 'httpRequest-60' failed to execute: No attribute named 'pt_uuID' is defined
16:50:40.653 [ERROR] i.g.h.a.HttpRequestAction - 'httpRequest-59' failed to execute: No attribute named 'pt_uuID' is defined
