16:20:55.445 [ERROR] i.g.h.a.HttpRequestAction - 'httpRequest-126' failed to execute: No attribute named 'runTimeUuid' is defined
16:20:55.448 [ERROR] i.g.h.a.HttpRequestAction - 'httpRequest-125' failed to execute: No attribute named 'runTimeUuid' is defined
16:20:55.594 [ERROR] i.g.c.a.b.SessionHookBuilder$$anon$1 - 'hook-119' crashed with 'j.u.NoSuchElementException: No attribute named 'patientUUIDs' is defined', forwarding to the next one
16:20:55.595 [ERROR] i.g.c.s.LoopBlock$ - Condition evaluation crashed with message 'No attribute named 'opdPatients' is defined', exiting loop
16:20:55.595 [ERROR] i.g.c.a.b.SessionHookBuilder$$anon$1 - 'hook-115' crashed with 'j.u.NoSuchElementException: No attribute named 'patientUUIDs' is defined', forwarding to the next one
16:20:55.596 [ERROR] i.g.c.a.b.SessionHookBuilder$$anon$1 - 'hook-114' crashed with 'j.l.IllegalArgumentException: bound must be positive', forwarding to the next one
16:20:55.597 [ERROR] i.g.h.a.HttpRequestAction - 'httpRequest-113' failed to execute: No attribute named 'opdPatientId' is defined
16:20:55.597 [ERROR] i.g.h.a.HttpRequestAction - 'httpRequest-112' failed to execute: No attribute named 'opdPatientId' is defined
16:20:55.630 [ERROR] i.g.h.a.HttpRequestAction - 'httpRequest-110' failed to execute: No attribute named 'opdPatientId' is defined
16:20:55.631 [ERROR] i.g.h.a.HttpRequestAction - 'httpRequest-109' failed to execute: No attribute named 'locationUuid' is defined
16:20:55.813 [ERROR] i.g.h.a.HttpRequestAction - 'httpRequest-102' failed to execute: No attribute named 'form_uuid' is defined
16:20:55.815 [ERROR] i.g.h.a.HttpRequestAction - 'httpRequest-100' failed to execute: No attribute named 'opdPatientId' is defined
16:20:55.815 [ERROR] i.g.h.a.HttpRequestAction - 'httpRequest-98' failed to execute: No attribute named 'opdPatientId' is defined
16:20:55.815 [ERROR] i.g.h.a.HttpRequestAction - 'httpRequest-97' failed to execute: No attribute named 'opdPatientId' is defined
16:20:55.915 [ERROR] i.g.h.a.HttpRequestAction - 'httpRequest-93' failed to execute: No attribute named 'runTimeUuid' is defined
16:20:55.950 [ERROR] i.g.h.a.HttpRequestAction - 'httpRequest-91' failed to execute: No attribute named 'opdPatientId' is defined
16:20:55.950 [ERROR] i.g.h.a.HttpRequestAction - 'httpRequest-90' failed to execute: No attribute named 'opdPatientId' is defined
16:20:55.983 [ERROR] i.g.h.a.HttpRequestAction - 'httpRequest-88' failed to execute: No attribute named 'opdVisitId' is defined
16:20:58.329 [ERROR] i.g.h.a.HttpRequestAction - 'httpRequest-126' failed to execute: No attribute named 'runTimeUuid' is defined
16:20:58.330 [ERROR] i.g.h.a.HttpRequestAction - 'httpRequest-125' failed to execute: No attribute named 'runTimeUuid' is defined
16:20:58.469 [ERROR] i.g.c.a.b.SessionHookBuilder$$anon$1 - 'hook-119' crashed with 'j.u.NoSuchElementException: No attribute named 'patientUUIDs' is defined', forwarding to the next one
16:20:58.469 [ERROR] i.g.c.s.LoopBlock$ - Condition evaluation crashed with message 'No attribute named 'opdPatients' is defined', exiting loop
16:20:58.469 [ERROR] i.g.c.a.b.SessionHookBuilder$$anon$1 - 'hook-115' crashed with 'j.u.NoSuchElementException: No attribute named 'patientUUIDs' is defined', forwarding to the next one
16:20:58.470 [ERROR] i.g.c.a.b.SessionHookBuilder$$anon$1 - 'hook-114' crashed with 'j.l.IllegalArgumentException: bound must be positive', forwarding to the next one
16:20:58.470 [ERROR] i.g.h.a.HttpRequestAction - 'httpRequest-113' failed to execute: No attribute named 'opdPatientId' is defined
16:20:58.470 [ERROR] i.g.h.a.HttpRequestAction - 'httpRequest-112' failed to execute: No attribute named 'opdPatientId' is defined
16:20:58.506 [ERROR] i.g.h.a.HttpRequestAction - 'httpRequest-110' failed to execute: No attribute named 'opdPatientId' is defined
16:20:58.506 [ERROR] i.g.h.a.HttpRequestAction - 'httpRequest-109' failed to execute: No attribute named 'locationUuid' is defined
16:20:58.702 [ERROR] i.g.h.a.HttpRequestAction - 'httpRequest-102' failed to execute: No attribute named 'form_uuid' is defined
16:20:58.703 [ERROR] i.g.h.a.HttpRequestAction - 'httpRequest-100' failed to execute: No attribute named 'opdPatientId' is defined
16:20:58.703 [ERROR] i.g.h.a.HttpRequestAction - 'httpRequest-98' failed to execute: No attribute named 'opdPatientId' is defined
16:20:58.703 [ERROR] i.g.h.a.HttpRequestAction - 'httpRequest-97' failed to execute: No attribute named 'opdPatientId' is defined
16:20:58.804 [ERROR] i.g.h.a.HttpRequestAction - 'httpRequest-93' failed to execute: No attribute named 'runTimeUuid' is defined
16:20:58.838 [ERROR] i.g.h.a.HttpRequestAction - 'httpRequest-91' failed to execute: No attribute named 'opdPatientId' is defined
16:20:58.840 [ERROR] i.g.h.a.HttpRequestAction - 'httpRequest-90' failed to execute: No attribute named 'opdPatientId' is defined
16:20:58.871 [ERROR] i.g.h.a.HttpRequestAction - 'httpRequest-88' failed to execute: No attribute named 'opdVisitId' is defined
16:21:00.348 [ERROR] i.g.h.a.HttpRequestAction - 'httpRequest-51' failed to execute: No attribute named 'runTimeUuid' is defined
16:21:00.349 [ERROR] i.g.h.a.HttpRequestAction - 'httpRequest-50' failed to execute: No attribute named 'runTimeUuid' is defined
16:21:00.513 [ERROR] i.g.h.a.HttpRequestAction - 'httpRequest-44' failed to execute: No attribute named 'runTimeUuid' is defined
16:21:00.682 [ERROR] i.g.h.a.HttpRequestAction - 'httpRequest-37' failed to execute: No attribute named 'identifier_sources_id' is defined
16:21:00.683 [ERROR] i.g.h.a.HttpRequestAction - 'httpRequest-36' failed to execute: No attribute named 'patient_uuid' is defined
16:21:01.366 [ERROR] i.g.h.a.HttpRequestAction - 'httpRequest-126' failed to execute: No attribute named 'runTimeUuid' is defined
16:21:01.366 [ERROR] i.g.h.a.HttpRequestAction - 'httpRequest-125' failed to execute: No attribute named 'runTimeUuid' is defined
16:21:01.506 [ERROR] i.g.c.a.b.SessionHookBuilder$$anon$1 - 'hook-119' crashed with 'j.u.NoSuchElementException: No attribute named 'patientUUIDs' is defined', forwarding to the next one
16:21:01.507 [ERROR] i.g.c.s.LoopBlock$ - Condition evaluation crashed with message 'No attribute named 'opdPatients' is defined', exiting loop
16:21:01.508 [ERROR] i.g.c.a.b.SessionHookBuilder$$anon$1 - 'hook-115' crashed with 'j.u.NoSuchElementException: No attribute named 'patientUUIDs' is defined', forwarding to the next one
16:21:01.508 [ERROR] i.g.c.a.b.SessionHookBuilder$$anon$1 - 'hook-114' crashed with 'j.l.IllegalArgumentException: bound must be positive', forwarding to the next one
16:21:01.508 [ERROR] i.g.h.a.HttpRequestAction - 'httpRequest-113' failed to execute: No attribute named 'opdPatientId' is defined
16:21:01.509 [ERROR] i.g.h.a.HttpRequestAction - 'httpRequest-112' failed to execute: No attribute named 'opdPatientId' is defined
16:21:01.548 [ERROR] i.g.h.a.HttpRequestAction - 'httpRequest-110' failed to execute: No attribute named 'opdPatientId' is defined
16:21:01.549 [ERROR] i.g.h.a.HttpRequestAction - 'httpRequest-109' failed to execute: No attribute named 'locationUuid' is defined
16:21:01.744 [ERROR] i.g.h.a.HttpRequestAction - 'httpRequest-102' failed to execute: No attribute named 'form_uuid' is defined
16:21:01.745 [ERROR] i.g.h.a.HttpRequestAction - 'httpRequest-100' failed to execute: No attribute named 'opdPatientId' is defined
16:21:01.746 [ERROR] i.g.h.a.HttpRequestAction - 'httpRequest-98' failed to execute: No attribute named 'opdPatientId' is defined
16:21:01.747 [ERROR] i.g.h.a.HttpRequestAction - 'httpRequest-97' failed to execute: No attribute named 'opdPatientId' is defined
16:21:01.863 [ERROR] i.g.h.a.HttpRequestAction - 'httpRequest-93' failed to execute: No attribute named 'runTimeUuid' is defined
16:21:01.896 [ERROR] i.g.h.a.HttpRequestAction - 'httpRequest-91' failed to execute: No attribute named 'opdPatientId' is defined
16:21:01.897 [ERROR] i.g.h.a.HttpRequestAction - 'httpRequest-90' failed to execute: No attribute named 'opdPatientId' is defined
16:21:01.933 [ERROR] i.g.h.a.HttpRequestAction - 'httpRequest-88' failed to execute: No attribute named 'opdVisitId' is defined
16:21:02.358 [ERROR] i.g.h.a.HttpRequestAction - 'httpRequest-11' failed to execute: No attribute named 'runTimeUuid' is defined
16:21:02.360 [ERROR] i.g.h.a.HttpRequestAction - 'httpRequest-10' failed to execute: No attribute named 'runTimeUuid' is defined
16:21:02.495 [ERROR] i.g.h.a.HttpRequestAction - 'httpRequest-5' failed to execute: No attribute named 'p_uuID' is defined
16:21:02.497 [ERROR] i.g.h.a.HttpRequestAction - 'httpRequest-4' failed to execute: No attribute named 'p_uuID' is defined
16:21:04.325 [ERROR] i.g.h.a.HttpRequestAction - 'httpRequest-126' failed to execute: No attribute named 'runTimeUuid' is defined
16:21:04.326 [ERROR] i.g.h.a.HttpRequestAction - 'httpRequest-125' failed to execute: No attribute named 'runTimeUuid' is defined
16:21:04.458 [ERROR] i.g.c.a.b.SessionHookBuilder$$anon$1 - 'hook-119' crashed with 'j.u.NoSuchElementException: No attribute named 'patientUUIDs' is defined', forwarding to the next one
16:21:04.458 [ERROR] i.g.c.s.LoopBlock$ - Condition evaluation crashed with message 'No attribute named 'opdPatients' is defined', exiting loop
16:21:04.458 [ERROR] i.g.c.a.b.SessionHookBuilder$$anon$1 - 'hook-115' crashed with 'j.u.NoSuchElementException: No attribute named 'patientUUIDs' is defined', forwarding to the next one
16:21:04.458 [ERROR] i.g.c.a.b.SessionHookBuilder$$anon$1 - 'hook-114' crashed with 'j.l.IllegalArgumentException: bound must be positive', forwarding to the next one
16:21:04.459 [ERROR] i.g.h.a.HttpRequestAction - 'httpRequest-113' failed to execute: No attribute named 'opdPatientId' is defined
16:21:04.459 [ERROR] i.g.h.a.HttpRequestAction - 'httpRequest-112' failed to execute: No attribute named 'opdPatientId' is defined
16:21:04.489 [ERROR] i.g.h.a.HttpRequestAction - 'httpRequest-110' failed to execute: No attribute named 'opdPatientId' is defined
16:21:04.490 [ERROR] i.g.h.a.HttpRequestAction - 'httpRequest-109' failed to execute: No attribute named 'locationUuid' is defined
16:21:04.652 [ERROR] i.g.h.a.HttpRequestAction - 'httpRequest-102' failed to execute: No attribute named 'form_uuid' is defined
16:21:04.653 [ERROR] i.g.h.a.HttpRequestAction - 'httpRequest-100' failed to execute: No attribute named 'opdPatientId' is defined
16:21:04.653 [ERROR] i.g.h.a.HttpRequestAction - 'httpRequest-98' failed to execute: No attribute named 'opdPatientId' is defined
16:21:04.654 [ERROR] i.g.h.a.HttpRequestAction - 'httpRequest-97' failed to execute: No attribute named 'opdPatientId' is defined
16:21:04.753 [ERROR] i.g.h.a.HttpRequestAction - 'httpRequest-93' failed to execute: No attribute named 'runTimeUuid' is defined
16:21:04.785 [ERROR] i.g.h.a.HttpRequestAction - 'httpRequest-91' failed to execute: No attribute named 'opdPatientId' is defined
16:21:04.785 [ERROR] i.g.h.a.HttpRequestAction - 'httpRequest-90' failed to execute: No attribute named 'opdPatientId' is defined
16:21:04.817 [ERROR] i.g.h.a.HttpRequestAction - 'httpRequest-88' failed to execute: No attribute named 'opdVisitId' is defined
16:21:07.385 [ERROR] i.g.h.a.HttpRequestAction - 'httpRequest-126' failed to execute: No attribute named 'runTimeUuid' is defined
16:21:07.387 [ERROR] i.g.h.a.HttpRequestAction - 'httpRequest-125' failed to execute: No attribute named 'runTimeUuid' is defined
16:21:07.451 [ERROR] i.g.h.a.HttpRequestAction - 'httpRequest-27' failed to execute: No attribute named 'runTimeUuid' is defined
16:21:07.452 [ERROR] i.g.h.a.HttpRequestAction - 'httpRequest-51' failed to execute: No attribute named 'runTimeUuid' is defined
16:21:07.452 [ERROR] i.g.h.a.HttpRequestAction - 'httpRequest-50' failed to execute: No attribute named 'runTimeUuid' is defined
16:21:07.452 [ERROR] i.g.h.a.HttpRequestAction - 'httpRequest-26' failed to execute: No attribute named 'runTimeUuid' is defined
16:21:07.624 [ERROR] i.g.c.a.b.SessionHookBuilder$$anon$1 - 'hook-119' crashed with 'j.u.NoSuchElementException: No attribute named 'patientUUIDs' is defined', forwarding to the next one
16:21:07.625 [ERROR] i.g.c.s.LoopBlock$ - Condition evaluation crashed with message 'No attribute named 'opdPatients' is defined', exiting loop
16:21:07.625 [ERROR] i.g.c.a.b.SessionHookBuilder$$anon$1 - 'hook-115' crashed with 'j.u.NoSuchElementException: No attribute named 'patientUUIDs' is defined', forwarding to the next one
16:21:07.625 [ERROR] i.g.c.a.b.SessionHookBuilder$$anon$1 - 'hook-114' crashed with 'j.l.IllegalArgumentException: bound must be positive', forwarding to the next one
16:21:07.625 [ERROR] i.g.h.a.HttpRequestAction - 'httpRequest-113' failed to execute: No attribute named 'opdPatientId' is defined
16:21:07.625 [ERROR] i.g.h.a.HttpRequestAction - 'httpRequest-112' failed to execute: No attribute named 'opdPatientId' is defined
16:21:07.670 [ERROR] i.g.h.a.HttpRequestAction - 'httpRequest-110' failed to execute: No attribute named 'opdPatientId' is defined
16:21:07.670 [ERROR] i.g.h.a.HttpRequestAction - 'httpRequest-109' failed to execute: No attribute named 'locationUuid' is defined
16:21:07.675 [ERROR] i.g.h.a.HttpRequestAction - 'httpRequest-21' failed to execute: No attribute named 'pt_uuID' is defined
16:21:07.675 [ERROR] i.g.h.a.HttpRequestAction - 'httpRequest-20' failed to execute: No attribute named 'pt_uuID' is defined
16:21:07.724 [ERROR] i.g.h.a.HttpRequestAction - 'httpRequest-44' failed to execute: No attribute named 'runTimeUuid' is defined
16:21:07.902 [ERROR] i.g.h.a.HttpRequestAction - 'httpRequest-102' failed to execute: No attribute named 'form_uuid' is defined
16:21:07.903 [ERROR] i.g.h.a.HttpRequestAction - 'httpRequest-100' failed to execute: No attribute named 'opdPatientId' is defined
16:21:07.904 [ERROR] i.g.h.a.HttpRequestAction - 'httpRequest-98' failed to execute: No attribute named 'opdPatientId' is defined
16:21:07.904 [ERROR] i.g.h.a.HttpRequestAction - 'httpRequest-97' failed to execute: No attribute named 'opdPatientId' is defined
16:21:08.023 [ERROR] i.g.h.a.HttpRequestAction - 'httpRequest-37' failed to execute: No attribute named 'identifier_sources_id' is defined
16:21:08.024 [ERROR] i.g.h.a.HttpRequestAction - 'httpRequest-36' failed to execute: No attribute named 'patient_uuid' is defined
16:21:08.066 [ERROR] i.g.h.a.HttpRequestAction - 'httpRequest-93' failed to execute: No attribute named 'runTimeUuid' is defined
16:21:08.113 [ERROR] i.g.h.a.HttpRequestAction - 'httpRequest-91' failed to execute: No attribute named 'opdPatientId' is defined
16:21:08.114 [ERROR] i.g.h.a.HttpRequestAction - 'httpRequest-90' failed to execute: No attribute named 'opdPatientId' is defined
16:21:08.168 [ERROR] i.g.h.a.HttpRequestAction - 'httpRequest-88' failed to execute: No attribute named 'opdVisitId' is defined
