16:41:41.160 [ERROR] i.g.h.a.HttpRequestAction - 'httpRequest-51' failed to execute: No attribute named 'runTimeUuid' is defined
16:41:41.163 [ERROR] i.g.h.a.HttpRequestAction - 'httpRequest-11' failed to execute: No attribute named 'runTimeUuid' is defined
16:41:41.166 [ERROR] i.g.h.a.HttpRequestAction - 'httpRequest-50' failed to execute: No attribute named 'runTimeUuid' is defined
16:41:41.167 [ERROR] i.g.h.a.HttpRequestAction - 'httpRequest-10' failed to execute: No attribute named 'runTimeUuid' is defined
16:41:41.175 [ERROR] i.g.h.a.HttpRequestAction - 'httpRequest-51' failed to execute: No attribute named 'runTimeUuid' is defined
16:41:41.177 [ERROR] i.g.h.a.HttpRequestAction - 'httpRequest-50' failed to execute: No attribute named 'runTimeUuid' is defined
16:41:41.178 [ERROR] i.g.h.a.HttpRequestAction - 'httpRequest-27' failed to execute: No attribute named 'runTimeUuid' is defined
16:41:41.179 [ERROR] i.g.h.a.HttpRequestAction - 'httpRequest-26' failed to execute: No attribute named 'runTimeUuid' is defined
16:41:41.218 [ERROR] i.g.h.a.HttpRequestAction - 'httpRequest-126' failed to execute: No attribute named 'runTimeUuid' is defined
16:41:41.219 [ERROR] i.g.h.a.HttpRequestAction - 'httpRequest-125' failed to execute: No attribute named 'runTimeUuid' is defined
16:41:41.250 [ERROR] i.g.h.a.HttpRequestAction - 'httpRequest-126' failed to execute: No attribute named 'runTimeUuid' is defined
16:41:41.252 [ERROR] i.g.h.a.HttpRequestAction - 'httpRequest-125' failed to execute: No attribute named 'runTimeUuid' is defined
16:41:41.252 [ERROR] i.g.h.a.HttpRequestAction - 'httpRequest-126' failed to execute: No attribute named 'runTimeUuid' is defined
16:41:41.253 [ERROR] i.g.h.a.HttpRequestAction - 'httpRequest-125' failed to execute: No attribute named 'runTimeUuid' is defined
16:41:41.271 [ERROR] i.g.h.a.HttpRequestAction - 'httpRequest-126' failed to execute: No attribute named 'runTimeUuid' is defined
16:41:41.271 [ERROR] i.g.h.a.HttpRequestAction - 'httpRequest-125' failed to execute: No attribute named 'runTimeUuid' is defined
16:41:44.434 [ERROR] i.g.h.a.HttpRequestAction - 'httpRequest-21' failed to execute: No attribute named 'pt_uuID' is defined
16:41:44.437 [ERROR] i.g.h.a.HttpRequestAction - 'httpRequest-20' failed to execute: No attribute named 'pt_uuID' is defined
16:41:45.594 [ERROR] i.g.h.a.HttpRequestAction - 'httpRequest-5' failed to execute: No attribute named 'p_uuID' is defined
16:41:45.595 [ERROR] i.g.h.a.HttpRequestAction - 'httpRequest-4' failed to execute: No attribute named 'p_uuID' is defined
16:41:47.398 [ERROR] i.g.c.a.b.SessionHookBuilder$$anon$1 - 'hook-119' crashed with 'j.u.NoSuchElementException: No attribute named 'patientUUIDs' is defined', forwarding to the next one
16:41:47.404 [ERROR] i.g.c.s.LoopBlock$ - Condition evaluation crashed with message 'No attribute named 'opdPatients' is defined', exiting loop
16:41:47.406 [ERROR] i.g.c.a.b.SessionHookBuilder$$anon$1 - 'hook-115' crashed with 'j.u.NoSuchElementException: No attribute named 'patientUUIDs' is defined', forwarding to the next one
16:41:47.415 [ERROR] i.g.c.a.b.SessionHookBuilder$$anon$1 - 'hook-114' crashed with 'j.l.IllegalArgumentException: bound must be positive', forwarding to the next one
16:41:47.416 [ERROR] i.g.h.a.HttpRequestAction - 'httpRequest-113' failed to execute: No attribute named 'opdPatientId' is defined
16:41:47.416 [ERROR] i.g.h.a.HttpRequestAction - 'httpRequest-112' failed to execute: No attribute named 'opdPatientId' is defined
16:41:47.464 [ERROR] i.g.c.a.b.SessionHookBuilder$$anon$1 - 'hook-119' crashed with 'j.u.NoSuchElementException: No attribute named 'patientUUIDs' is defined', forwarding to the next one
16:41:47.465 [ERROR] i.g.c.s.LoopBlock$ - Condition evaluation crashed with message 'No attribute named 'opdPatients' is defined', exiting loop
16:41:47.465 [ERROR] i.g.c.a.b.SessionHookBuilder$$anon$1 - 'hook-115' crashed with 'j.u.NoSuchElementException: No attribute named 'patientUUIDs' is defined', forwarding to the next one
16:41:47.465 [ERROR] i.g.c.a.b.SessionHookBuilder$$anon$1 - 'hook-114' crashed with 'j.l.IllegalArgumentException: bound must be positive', forwarding to the next one
16:41:47.465 [ERROR] i.g.h.a.HttpRequestAction - 'httpRequest-113' failed to execute: No attribute named 'opdPatientId' is defined
16:41:47.465 [ERROR] i.g.h.a.HttpRequestAction - 'httpRequest-112' failed to execute: No attribute named 'opdPatientId' is defined
16:41:47.530 [ERROR] i.g.c.a.b.SessionHookBuilder$$anon$1 - 'hook-119' crashed with 'j.u.NoSuchElementException: No attribute named 'patientUUIDs' is defined', forwarding to the next one
16:41:47.531 [ERROR] i.g.c.s.LoopBlock$ - Condition evaluation crashed with message 'No attribute named 'opdPatients' is defined', exiting loop
16:41:47.531 [ERROR] i.g.c.a.b.SessionHookBuilder$$anon$1 - 'hook-115' crashed with 'j.u.NoSuchElementException: No attribute named 'patientUUIDs' is defined', forwarding to the next one
16:41:47.531 [ERROR] i.g.c.a.b.SessionHookBuilder$$anon$1 - 'hook-114' crashed with 'j.l.IllegalArgumentException: bound must be positive', forwarding to the next one
16:41:47.531 [ERROR] i.g.h.a.HttpRequestAction - 'httpRequest-113' failed to execute: No attribute named 'opdPatientId' is defined
16:41:47.531 [ERROR] i.g.h.a.HttpRequestAction - 'httpRequest-112' failed to execute: No attribute named 'opdPatientId' is defined
16:41:47.600 [ERROR] i.g.c.a.b.SessionHookBuilder$$anon$1 - 'hook-119' crashed with 'j.u.NoSuchElementException: No attribute named 'patientUUIDs' is defined', forwarding to the next one
16:41:47.601 [ERROR] i.g.c.s.LoopBlock$ - Condition evaluation crashed with message 'No attribute named 'opdPatients' is defined', exiting loop
16:41:47.601 [ERROR] i.g.c.a.b.SessionHookBuilder$$anon$1 - 'hook-115' crashed with 'j.u.NoSuchElementException: No attribute named 'patientUUIDs' is defined', forwarding to the next one
16:41:47.601 [ERROR] i.g.c.a.b.SessionHookBuilder$$anon$1 - 'hook-114' crashed with 'j.l.IllegalArgumentException: bound must be positive', forwarding to the next one
16:41:47.601 [ERROR] i.g.h.a.HttpRequestAction - 'httpRequest-113' failed to execute: No attribute named 'opdPatientId' is defined
16:41:47.602 [ERROR] i.g.h.a.HttpRequestAction - 'httpRequest-112' failed to execute: No attribute named 'opdPatientId' is defined
16:41:48.896 [ERROR] i.g.h.a.HttpRequestAction - 'httpRequest-110' failed to execute: No attribute named 'opdPatientId' is defined
16:41:48.897 [ERROR] i.g.h.a.HttpRequestAction - 'httpRequest-109' failed to execute: No attribute named 'locationUuid' is defined
16:41:49.081 [ERROR] i.g.h.a.HttpRequestAction - 'httpRequest-110' failed to execute: No attribute named 'opdPatientId' is defined
16:41:49.082 [ERROR] i.g.h.a.HttpRequestAction - 'httpRequest-109' failed to execute: No attribute named 'locationUuid' is defined
16:41:49.286 [ERROR] i.g.h.a.HttpRequestAction - 'httpRequest-110' failed to execute: No attribute named 'opdPatientId' is defined
16:41:49.287 [ERROR] i.g.h.a.HttpRequestAction - 'httpRequest-109' failed to execute: No attribute named 'locationUuid' is defined
16:41:50.187 [ERROR] i.g.h.a.HttpRequestAction - 'httpRequest-110' failed to execute: No attribute named 'opdPatientId' is defined
16:41:50.188 [ERROR] i.g.h.a.HttpRequestAction - 'httpRequest-109' failed to execute: No attribute named 'locationUuid' is defined
16:41:50.268 [ERROR] i.g.h.a.HttpRequestAction - 'httpRequest-21' failed to execute: No attribute named 'pt_uuID' is defined
16:41:50.273 [ERROR] i.g.h.a.HttpRequestAction - 'httpRequest-20' failed to execute: No attribute named 'pt_uuID' is defined
16:41:50.429 [ERROR] i.g.h.a.HttpRequestAction - 'httpRequest-73' failed to execute: No attribute named 'pt_uuID' is defined
16:41:50.432 [ERROR] i.g.h.a.HttpRequestAction - 'httpRequest-72' failed to execute: No attribute named 'pt_uuID' is defined
16:41:50.596 [ERROR] i.g.h.a.HttpRequestAction - 'httpRequest-21' failed to execute: No attribute named 'pt_uuID' is defined
16:41:50.597 [ERROR] i.g.h.a.HttpRequestAction - 'httpRequest-20' failed to execute: No attribute named 'pt_uuID' is defined
16:41:50.659 [ERROR] i.g.c.a.b.SessionHookBuilder$$anon$1 - 'hook-119' crashed with 'j.u.NoSuchElementException: No attribute named 'patientUUIDs' is defined', forwarding to the next one
16:41:50.659 [ERROR] i.g.c.s.LoopBlock$ - Condition evaluation crashed with message 'No attribute named 'opdPatients' is defined', exiting loop
16:41:50.659 [ERROR] i.g.c.a.b.SessionHookBuilder$$anon$1 - 'hook-115' crashed with 'j.u.NoSuchElementException: No attribute named 'patientUUIDs' is defined', forwarding to the next one
16:41:50.660 [ERROR] i.g.c.a.b.SessionHookBuilder$$anon$1 - 'hook-114' crashed with 'j.l.IllegalArgumentException: bound must be positive', forwarding to the next one
16:41:50.662 [ERROR] i.g.h.a.HttpRequestAction - 'httpRequest-113' failed to execute: No attribute named 'opdPatientId' is defined
16:41:50.663 [ERROR] i.g.h.a.HttpRequestAction - 'httpRequest-112' failed to execute: No attribute named 'opdPatientId' is defined
16:41:51.616 [ERROR] i.g.c.a.b.SessionHookBuilder$$anon$1 - 'hook-119' crashed with 'j.u.NoSuchElementException: No attribute named 'patientUUIDs' is defined', forwarding to the next one
16:41:51.617 [ERROR] i.g.c.s.LoopBlock$ - Condition evaluation crashed with message 'No attribute named 'opdPatients' is defined', exiting loop
16:41:51.617 [ERROR] i.g.c.a.b.SessionHookBuilder$$anon$1 - 'hook-115' crashed with 'j.u.NoSuchElementException: No attribute named 'patientUUIDs' is defined', forwarding to the next one
16:41:51.618 [ERROR] i.g.c.a.b.SessionHookBuilder$$anon$1 - 'hook-114' crashed with 'j.l.IllegalArgumentException: bound must be positive', forwarding to the next one
16:41:51.618 [ERROR] i.g.h.a.HttpRequestAction - 'httpRequest-113' failed to execute: No attribute named 'opdPatientId' is defined
16:41:51.619 [ERROR] i.g.h.a.HttpRequestAction - 'httpRequest-112' failed to execute: No attribute named 'opdPatientId' is defined
16:41:51.924 [ERROR] i.g.h.a.HttpRequestAction - 'httpRequest-110' failed to execute: No attribute named 'opdPatientId' is defined
16:41:51.924 [ERROR] i.g.h.a.HttpRequestAction - 'httpRequest-109' failed to execute: No attribute named 'locationUuid' is defined
16:41:52.746 [ERROR] i.g.h.a.HttpRequestAction - 'httpRequest-110' failed to execute: No attribute named 'opdPatientId' is defined
16:41:52.747 [ERROR] i.g.h.a.HttpRequestAction - 'httpRequest-109' failed to execute: No attribute named 'locationUuid' is defined
16:41:53.138 [ERROR] i.g.c.a.b.SessionHookBuilder$$anon$1 - 'hook-119' crashed with 'j.u.NoSuchElementException: No attribute named 'patientUUIDs' is defined', forwarding to the next one
16:41:53.139 [ERROR] i.g.c.s.LoopBlock$ - Condition evaluation crashed with message 'No attribute named 'opdPatients' is defined', exiting loop
16:41:53.140 [ERROR] i.g.c.a.b.SessionHookBuilder$$anon$1 - 'hook-115' crashed with 'j.u.NoSuchElementException: No attribute named 'patientUUIDs' is defined', forwarding to the next one
16:41:53.140 [ERROR] i.g.c.a.b.SessionHookBuilder$$anon$1 - 'hook-114' crashed with 'j.l.IllegalArgumentException: bound must be positive', forwarding to the next one
16:41:53.141 [ERROR] i.g.h.a.HttpRequestAction - 'httpRequest-113' failed to execute: No attribute named 'opdPatientId' is defined
16:41:53.141 [ERROR] i.g.h.a.HttpRequestAction - 'httpRequest-112' failed to execute: No attribute named 'opdPatientId' is defined
16:41:53.455 [ERROR] i.g.h.a.HttpRequestAction - 'httpRequest-5' failed to execute: No attribute named 'p_uuID' is defined
16:41:53.456 [ERROR] i.g.h.a.HttpRequestAction - 'httpRequest-4' failed to execute: No attribute named 'p_uuID' is defined
16:41:53.462 [ERROR] i.g.h.a.HttpRequestAction - 'httpRequest-5' failed to execute: No attribute named 'p_uuID' is defined
16:41:53.462 [ERROR] i.g.h.a.HttpRequestAction - 'httpRequest-4' failed to execute: No attribute named 'p_uuID' is defined
16:41:53.796 [ERROR] i.g.h.a.HttpRequestAction - 'httpRequest-110' failed to execute: No attribute named 'opdPatientId' is defined
16:41:53.797 [ERROR] i.g.h.a.HttpRequestAction - 'httpRequest-109' failed to execute: No attribute named 'locationUuid' is defined
16:41:53.947 [ERROR] i.g.c.a.b.SessionHookBuilder$$anon$1 - 'hook-119' crashed with 'j.u.NoSuchElementException: No attribute named 'patientUUIDs' is defined', forwarding to the next one
16:41:53.948 [ERROR] i.g.c.s.LoopBlock$ - Condition evaluation crashed with message 'No attribute named 'opdPatients' is defined', exiting loop
16:41:53.948 [ERROR] i.g.c.a.b.SessionHookBuilder$$anon$1 - 'hook-115' crashed with 'j.u.NoSuchElementException: No attribute named 'patientUUIDs' is defined', forwarding to the next one
16:41:53.948 [ERROR] i.g.c.a.b.SessionHookBuilder$$anon$1 - 'hook-114' crashed with 'j.l.IllegalArgumentException: bound must be positive', forwarding to the next one
16:41:53.948 [ERROR] i.g.h.a.HttpRequestAction - 'httpRequest-113' failed to execute: No attribute named 'opdPatientId' is defined
16:41:53.948 [ERROR] i.g.h.a.HttpRequestAction - 'httpRequest-112' failed to execute: No attribute named 'opdPatientId' is defined
16:41:54.119 [ERROR] i.g.h.a.HttpRequestAction - 'httpRequest-73' failed to execute: No attribute named 'pt_uuID' is defined
16:41:54.121 [ERROR] i.g.h.a.HttpRequestAction - 'httpRequest-72' failed to execute: No attribute named 'pt_uuID' is defined
16:41:54.375 [ERROR] i.g.h.a.HttpRequestAction - 'httpRequest-110' failed to execute: No attribute named 'opdPatientId' is defined
16:41:54.375 [ERROR] i.g.h.a.HttpRequestAction - 'httpRequest-109' failed to execute: No attribute named 'locationUuid' is defined
16:41:54.387 [ERROR] i.g.h.a.HttpRequestAction - 'httpRequest-21' failed to execute: No attribute named 'pt_uuID' is defined
16:41:54.388 [ERROR] i.g.h.a.HttpRequestAction - 'httpRequest-20' failed to execute: No attribute named 'pt_uuID' is defined
16:41:54.415 [ERROR] i.g.c.a.b.SessionHookBuilder$$anon$1 - 'hook-66' crashed with 'j.u.NoSuchElementException: No attribute named 'patientUUIDs' is defined', forwarding to the next one
16:41:54.415 [ERROR] i.g.c.s.LoopBlock$ - Condition evaluation crashed with message 'No attribute named 'opdPatients' is defined', exiting loop
16:41:54.416 [ERROR] i.g.h.a.HttpRequestAction - 'httpRequest-62' failed to execute: No attribute named 'pt_uuID' is defined
16:41:54.418 [ERROR] i.g.h.a.HttpRequestAction - 'httpRequest-60' failed to execute: No attribute named 'pt_uuID' is defined
16:41:54.419 [ERROR] i.g.h.a.HttpRequestAction - 'httpRequest-59' failed to execute: No attribute named 'pt_uuID' is defined
16:41:54.448 [ERROR] i.g.c.a.b.SessionHookBuilder$$anon$1 - 'hook-119' crashed with 'j.u.NoSuchElementException: No attribute named 'patientUUIDs' is defined', forwarding to the next one
16:41:54.448 [ERROR] i.g.c.s.LoopBlock$ - Condition evaluation crashed with message 'No attribute named 'opdPatients' is defined', exiting loop
16:41:54.448 [ERROR] i.g.c.a.b.SessionHookBuilder$$anon$1 - 'hook-115' crashed with 'j.u.NoSuchElementException: No attribute named 'patientUUIDs' is defined', forwarding to the next one
16:41:54.448 [ERROR] i.g.c.a.b.SessionHookBuilder$$anon$1 - 'hook-114' crashed with 'j.l.IllegalArgumentException: bound must be positive', forwarding to the next one
16:41:54.448 [ERROR] i.g.h.a.HttpRequestAction - 'httpRequest-113' failed to execute: No attribute named 'opdPatientId' is defined
16:41:54.448 [ERROR] i.g.h.a.HttpRequestAction - 'httpRequest-112' failed to execute: No attribute named 'opdPatientId' is defined
16:41:54.593 [ERROR] i.g.c.a.b.SessionHookBuilder$$anon$1 - 'hook-119' crashed with 'j.u.NoSuchElementException: No attribute named 'patientUUIDs' is defined', forwarding to the next one
16:41:54.593 [ERROR] i.g.c.s.LoopBlock$ - Condition evaluation crashed with message 'No attribute named 'opdPatients' is defined', exiting loop
16:41:54.593 [ERROR] i.g.c.a.b.SessionHookBuilder$$anon$1 - 'hook-115' crashed with 'j.u.NoSuchElementException: No attribute named 'patientUUIDs' is defined', forwarding to the next one
16:41:54.593 [ERROR] i.g.c.a.b.SessionHookBuilder$$anon$1 - 'hook-114' crashed with 'j.l.IllegalArgumentException: bound must be positive', forwarding to the next one
16:41:54.593 [ERROR] i.g.h.a.HttpRequestAction - 'httpRequest-113' failed to execute: No attribute named 'opdPatientId' is defined
16:41:54.593 [ERROR] i.g.h.a.HttpRequestAction - 'httpRequest-112' failed to execute: No attribute named 'opdPatientId' is defined
16:41:54.617 [ERROR] i.g.c.a.b.SessionHookBuilder$$anon$1 - 'hook-119' crashed with 'j.u.NoSuchElementException: No attribute named 'patientUUIDs' is defined', forwarding to the next one
16:41:54.619 [ERROR] i.g.c.s.LoopBlock$ - Condition evaluation crashed with message 'No attribute named 'opdPatients' is defined', exiting loop
16:41:54.619 [ERROR] i.g.c.a.b.SessionHookBuilder$$anon$1 - 'hook-115' crashed with 'j.u.NoSuchElementException: No attribute named 'patientUUIDs' is defined', forwarding to the next one
16:41:54.620 [ERROR] i.g.c.a.b.SessionHookBuilder$$anon$1 - 'hook-114' crashed with 'j.l.IllegalArgumentException: bound must be positive', forwarding to the next one
16:41:54.620 [ERROR] i.g.h.a.HttpRequestAction - 'httpRequest-113' failed to execute: No attribute named 'opdPatientId' is defined
16:41:54.620 [ERROR] i.g.h.a.HttpRequestAction - 'httpRequest-112' failed to execute: No attribute named 'opdPatientId' is defined
16:41:54.637 [ERROR] i.g.c.a.b.SessionHookBuilder$$anon$1 - 'hook-119' crashed with 'j.u.NoSuchElementException: No attribute named 'patientUUIDs' is defined', forwarding to the next one
16:41:54.638 [ERROR] i.g.c.s.LoopBlock$ - Condition evaluation crashed with message 'No attribute named 'opdPatients' is defined', exiting loop
16:41:54.638 [ERROR] i.g.c.a.b.SessionHookBuilder$$anon$1 - 'hook-115' crashed with 'j.u.NoSuchElementException: No attribute named 'patientUUIDs' is defined', forwarding to the next one
16:41:54.638 [ERROR] i.g.c.a.b.SessionHookBuilder$$anon$1 - 'hook-114' crashed with 'j.l.IllegalArgumentException: bound must be positive', forwarding to the next one
16:41:54.638 [ERROR] i.g.h.a.HttpRequestAction - 'httpRequest-113' failed to execute: No attribute named 'opdPatientId' is defined
16:41:54.638 [ERROR] i.g.h.a.HttpRequestAction - 'httpRequest-112' failed to execute: No attribute named 'opdPatientId' is defined
16:41:54.661 [ERROR] i.g.c.a.b.SessionHookBuilder$$anon$1 - 'hook-119' crashed with 'j.u.NoSuchElementException: No attribute named 'patientUUIDs' is defined', forwarding to the next one
16:41:54.661 [ERROR] i.g.c.a.b.SessionHookBuilder$$anon$1 - 'hook-119' crashed with 'j.u.NoSuchElementException: No attribute named 'patientUUIDs' is defined', forwarding to the next one
16:41:54.663 [ERROR] i.g.c.s.LoopBlock$ - Condition evaluation crashed with message 'No attribute named 'opdPatients' is defined', exiting loop
16:41:54.663 [ERROR] i.g.c.s.LoopBlock$ - Condition evaluation crashed with message 'No attribute named 'opdPatients' is defined', exiting loop
16:41:54.664 [ERROR] i.g.c.a.b.SessionHookBuilder$$anon$1 - 'hook-115' crashed with 'j.u.NoSuchElementException: No attribute named 'patientUUIDs' is defined', forwarding to the next one
16:41:54.664 [ERROR] i.g.c.a.b.SessionHookBuilder$$anon$1 - 'hook-115' crashed with 'j.u.NoSuchElementException: No attribute named 'patientUUIDs' is defined', forwarding to the next one
16:41:54.664 [ERROR] i.g.c.a.b.SessionHookBuilder$$anon$1 - 'hook-114' crashed with 'j.l.IllegalArgumentException: bound must be positive', forwarding to the next one
16:41:54.664 [ERROR] i.g.c.a.b.SessionHookBuilder$$anon$1 - 'hook-114' crashed with 'j.l.IllegalArgumentException: bound must be positive', forwarding to the next one
16:41:54.664 [ERROR] i.g.h.a.HttpRequestAction - 'httpRequest-113' failed to execute: No attribute named 'opdPatientId' is defined
16:41:54.664 [ERROR] i.g.h.a.HttpRequestAction - 'httpRequest-113' failed to execute: No attribute named 'opdPatientId' is defined
16:41:54.664 [ERROR] i.g.h.a.HttpRequestAction - 'httpRequest-112' failed to execute: No attribute named 'opdPatientId' is defined
16:41:54.664 [ERROR] i.g.h.a.HttpRequestAction - 'httpRequest-112' failed to execute: No attribute named 'opdPatientId' is defined
16:41:54.761 [ERROR] i.g.h.a.HttpRequestAction - 'httpRequest-5' failed to execute: No attribute named 'p_uuID' is defined
16:41:54.762 [ERROR] i.g.h.a.HttpRequestAction - 'httpRequest-4' failed to execute: No attribute named 'p_uuID' is defined
16:41:54.909 [ERROR] i.g.c.a.b.SessionHookBuilder$$anon$1 - 'hook-119' crashed with 'j.u.NoSuchElementException: No attribute named 'patientUUIDs' is defined', forwarding to the next one
16:41:54.909 [ERROR] i.g.c.s.LoopBlock$ - Condition evaluation crashed with message 'No attribute named 'opdPatients' is defined', exiting loop
16:41:54.910 [ERROR] i.g.c.a.b.SessionHookBuilder$$anon$1 - 'hook-115' crashed with 'j.u.NoSuchElementException: No attribute named 'patientUUIDs' is defined', forwarding to the next one
16:41:54.910 [ERROR] i.g.c.a.b.SessionHookBuilder$$anon$1 - 'hook-114' crashed with 'j.l.IllegalArgumentException: bound must be positive', forwarding to the next one
16:41:54.910 [ERROR] i.g.h.a.HttpRequestAction - 'httpRequest-113' failed to execute: No attribute named 'opdPatientId' is defined
16:41:54.910 [ERROR] i.g.h.a.HttpRequestAction - 'httpRequest-112' failed to execute: No attribute named 'opdPatientId' is defined
16:41:54.975 [ERROR] i.g.c.a.b.SessionHookBuilder$$anon$1 - 'hook-119' crashed with 'j.u.NoSuchElementException: No attribute named 'patientUUIDs' is defined', forwarding to the next one
16:41:54.978 [ERROR] i.g.c.s.LoopBlock$ - Condition evaluation crashed with message 'No attribute named 'opdPatients' is defined', exiting loop
16:41:54.978 [ERROR] i.g.c.a.b.SessionHookBuilder$$anon$1 - 'hook-115' crashed with 'j.u.NoSuchElementException: No attribute named 'patientUUIDs' is defined', forwarding to the next one
16:41:54.978 [ERROR] i.g.c.a.b.SessionHookBuilder$$anon$1 - 'hook-114' crashed with 'j.l.IllegalArgumentException: bound must be positive', forwarding to the next one
16:41:54.978 [ERROR] i.g.h.a.HttpRequestAction - 'httpRequest-113' failed to execute: No attribute named 'opdPatientId' is defined
16:41:54.978 [ERROR] i.g.h.a.HttpRequestAction - 'httpRequest-112' failed to execute: No attribute named 'opdPatientId' is defined
16:41:55.008 [ERROR] i.g.c.a.b.SessionHookBuilder$$anon$1 - 'hook-119' crashed with 'j.u.NoSuchElementException: No attribute named 'patientUUIDs' is defined', forwarding to the next one
16:41:55.009 [ERROR] i.g.c.s.LoopBlock$ - Condition evaluation crashed with message 'No attribute named 'opdPatients' is defined', exiting loop
16:41:55.009 [ERROR] i.g.c.a.b.SessionHookBuilder$$anon$1 - 'hook-115' crashed with 'j.u.NoSuchElementException: No attribute named 'patientUUIDs' is defined', forwarding to the next one
16:41:55.009 [ERROR] i.g.c.a.b.SessionHookBuilder$$anon$1 - 'hook-114' crashed with 'j.l.IllegalArgumentException: bound must be positive', forwarding to the next one
16:41:55.010 [ERROR] i.g.h.a.HttpRequestAction - 'httpRequest-113' failed to execute: No attribute named 'opdPatientId' is defined
16:41:55.010 [ERROR] i.g.h.a.HttpRequestAction - 'httpRequest-112' failed to execute: No attribute named 'opdPatientId' is defined
16:41:55.145 [ERROR] i.g.c.a.b.SessionHookBuilder$$anon$1 - 'hook-119' crashed with 'j.u.NoSuchElementException: No attribute named 'patientUUIDs' is defined', forwarding to the next one
16:41:55.145 [ERROR] i.g.c.s.LoopBlock$ - Condition evaluation crashed with message 'No attribute named 'opdPatients' is defined', exiting loop
16:41:55.145 [ERROR] i.g.c.a.b.SessionHookBuilder$$anon$1 - 'hook-115' crashed with 'j.u.NoSuchElementException: No attribute named 'patientUUIDs' is defined', forwarding to the next one
16:41:55.145 [ERROR] i.g.c.a.b.SessionHookBuilder$$anon$1 - 'hook-114' crashed with 'j.l.IllegalArgumentException: bound must be positive', forwarding to the next one
16:41:55.145 [ERROR] i.g.h.a.HttpRequestAction - 'httpRequest-113' failed to execute: No attribute named 'opdPatientId' is defined
16:41:55.145 [ERROR] i.g.h.a.HttpRequestAction - 'httpRequest-112' failed to execute: No attribute named 'opdPatientId' is defined
16:41:55.222 [ERROR] i.g.h.a.HttpRequestAction - 'httpRequest-110' failed to execute: No attribute named 'opdPatientId' is defined
16:41:55.222 [ERROR] i.g.h.a.HttpRequestAction - 'httpRequest-109' failed to execute: No attribute named 'locationUuid' is defined
16:41:55.224 [ERROR] i.g.c.a.b.SessionHookBuilder$$anon$1 - 'hook-119' crashed with 'j.u.NoSuchElementException: No attribute named 'patientUUIDs' is defined', forwarding to the next one
16:41:55.225 [ERROR] i.g.c.s.LoopBlock$ - Condition evaluation crashed with message 'No attribute named 'opdPatients' is defined', exiting loop
16:41:55.225 [ERROR] i.g.c.a.b.SessionHookBuilder$$anon$1 - 'hook-115' crashed with 'j.u.NoSuchElementException: No attribute named 'patientUUIDs' is defined', forwarding to the next one
16:41:55.225 [ERROR] i.g.c.a.b.SessionHookBuilder$$anon$1 - 'hook-114' crashed with 'j.l.IllegalArgumentException: bound must be positive', forwarding to the next one
16:41:55.225 [ERROR] i.g.h.a.HttpRequestAction - 'httpRequest-113' failed to execute: No attribute named 'opdPatientId' is defined
16:41:55.225 [ERROR] i.g.h.a.HttpRequestAction - 'httpRequest-112' failed to execute: No attribute named 'opdPatientId' is defined
16:41:55.234 [ERROR] i.g.h.a.HttpRequestAction - 'httpRequest-110' failed to execute: No attribute named 'opdPatientId' is defined
16:41:55.235 [ERROR] i.g.h.a.HttpRequestAction - 'httpRequest-109' failed to execute: No attribute named 'locationUuid' is defined
16:41:55.311 [ERROR] i.g.h.a.HttpRequestAction - 'httpRequest-110' failed to execute: No attribute named 'opdPatientId' is defined
16:41:55.312 [ERROR] i.g.h.a.HttpRequestAction - 'httpRequest-109' failed to execute: No attribute named 'locationUuid' is defined
16:41:55.332 [ERROR] i.g.c.a.b.SessionHookBuilder$$anon$1 - 'hook-119' crashed with 'j.u.NoSuchElementException: No attribute named 'patientUUIDs' is defined', forwarding to the next one
16:41:55.332 [ERROR] i.g.c.s.LoopBlock$ - Condition evaluation crashed with message 'No attribute named 'opdPatients' is defined', exiting loop
16:41:55.333 [ERROR] i.g.c.a.b.SessionHookBuilder$$anon$1 - 'hook-115' crashed with 'j.u.NoSuchElementException: No attribute named 'patientUUIDs' is defined', forwarding to the next one
16:41:55.333 [ERROR] i.g.c.a.b.SessionHookBuilder$$anon$1 - 'hook-114' crashed with 'j.l.IllegalArgumentException: bound must be positive', forwarding to the next one
16:41:55.333 [ERROR] i.g.h.a.HttpRequestAction - 'httpRequest-113' failed to execute: No attribute named 'opdPatientId' is defined
16:41:55.333 [ERROR] i.g.h.a.HttpRequestAction - 'httpRequest-112' failed to execute: No attribute named 'opdPatientId' is defined
16:41:55.385 [ERROR] i.g.h.a.HttpRequestAction - 'httpRequest-5' failed to execute: No attribute named 'p_uuID' is defined
16:41:55.386 [ERROR] i.g.h.a.HttpRequestAction - 'httpRequest-4' failed to execute: No attribute named 'p_uuID' is defined
16:41:55.417 [ERROR] i.g.h.a.HttpRequestAction - 'httpRequest-110' failed to execute: No attribute named 'opdPatientId' is defined
16:41:55.417 [ERROR] i.g.h.a.HttpRequestAction - 'httpRequest-109' failed to execute: No attribute named 'locationUuid' is defined
16:41:55.450 [ERROR] i.g.h.a.HttpRequestAction - 'httpRequest-110' failed to execute: No attribute named 'opdPatientId' is defined
16:41:55.451 [ERROR] i.g.h.a.HttpRequestAction - 'httpRequest-109' failed to execute: No attribute named 'locationUuid' is defined
16:41:55.514 [ERROR] i.g.h.a.HttpRequestAction - 'httpRequest-110' failed to execute: No attribute named 'opdPatientId' is defined
16:41:55.514 [ERROR] i.g.h.a.HttpRequestAction - 'httpRequest-109' failed to execute: No attribute named 'locationUuid' is defined
16:41:55.517 [ERROR] i.g.h.a.HttpRequestAction - 'httpRequest-110' failed to execute: No attribute named 'opdPatientId' is defined
16:41:55.517 [ERROR] i.g.h.a.HttpRequestAction - 'httpRequest-109' failed to execute: No attribute named 'locationUuid' is defined
16:41:55.564 [ERROR] i.g.h.a.HttpRequestAction - 'httpRequest-110' failed to execute: No attribute named 'opdPatientId' is defined
16:41:55.569 [ERROR] i.g.h.a.HttpRequestAction - 'httpRequest-109' failed to execute: No attribute named 'locationUuid' is defined
16:41:55.648 [ERROR] i.g.h.a.HttpRequestAction - 'httpRequest-110' failed to execute: No attribute named 'opdPatientId' is defined
16:41:55.648 [ERROR] i.g.h.a.HttpRequestAction - 'httpRequest-109' failed to execute: No attribute named 'locationUuid' is defined
16:41:55.689 [ERROR] i.g.h.a.HttpRequestAction - 'httpRequest-110' failed to execute: No attribute named 'opdPatientId' is defined
16:41:55.689 [ERROR] i.g.h.a.HttpRequestAction - 'httpRequest-109' failed to execute: No attribute named 'locationUuid' is defined
16:41:55.712 [ERROR] i.g.h.a.HttpRequestAction - 'httpRequest-110' failed to execute: No attribute named 'opdPatientId' is defined
16:41:55.712 [ERROR] i.g.h.a.HttpRequestAction - 'httpRequest-109' failed to execute: No attribute named 'locationUuid' is defined
16:41:55.896 [ERROR] i.g.h.a.HttpRequestAction - 'httpRequest-110' failed to execute: No attribute named 'opdPatientId' is defined
16:41:55.897 [ERROR] i.g.h.a.HttpRequestAction - 'httpRequest-109' failed to execute: No attribute named 'locationUuid' is defined
16:41:56.119 [ERROR] i.g.h.a.HttpRequestAction - 'httpRequest-5' failed to execute: No attribute named 'p_uuID' is defined
16:41:56.122 [ERROR] i.g.h.a.HttpRequestAction - 'httpRequest-4' failed to execute: No attribute named 'p_uuID' is defined
16:41:57.873 [ERROR] i.g.h.a.HttpRequestAction - 'httpRequest-62' failed to execute: No attribute named 'pt_uuID' is defined
16:41:57.875 [ERROR] i.g.h.a.HttpRequestAction - 'httpRequest-60' failed to execute: No attribute named 'pt_uuID' is defined
16:41:57.875 [ERROR] i.g.h.a.HttpRequestAction - 'httpRequest-59' failed to execute: No attribute named 'pt_uuID' is defined
16:42:00.572 [ERROR] i.g.h.a.HttpRequestAction - 'httpRequest-5' failed to execute: No attribute named 'p_uuID' is defined
16:42:00.574 [ERROR] i.g.h.a.HttpRequestAction - 'httpRequest-4' failed to execute: No attribute named 'p_uuID' is defined
16:42:01.558 [ERROR] i.g.h.a.HttpRequestAction - 'httpRequest-100' failed to execute: No attribute named 'opdPatientId' is defined
16:42:01.559 [ERROR] i.g.h.a.HttpRequestAction - 'httpRequest-98' failed to execute: No attribute named 'opdPatientId' is defined
16:42:01.559 [ERROR] i.g.h.a.HttpRequestAction - 'httpRequest-97' failed to execute: No attribute named 'opdPatientId' is defined
16:42:01.793 [ERROR] i.g.h.a.HttpRequestAction - 'httpRequest-100' failed to execute: No attribute named 'opdPatientId' is defined
16:42:01.799 [ERROR] i.g.h.a.HttpRequestAction - 'httpRequest-98' failed to execute: No attribute named 'opdPatientId' is defined
16:42:01.800 [ERROR] i.g.h.a.HttpRequestAction - 'httpRequest-97' failed to execute: No attribute named 'opdPatientId' is defined
16:42:01.934 [ERROR] i.g.h.a.HttpRequestAction - 'httpRequest-100' failed to execute: No attribute named 'opdPatientId' is defined
16:42:01.934 [ERROR] i.g.h.a.HttpRequestAction - 'httpRequest-98' failed to execute: No attribute named 'opdPatientId' is defined
16:42:01.934 [ERROR] i.g.h.a.HttpRequestAction - 'httpRequest-97' failed to execute: No attribute named 'opdPatientId' is defined
16:42:02.215 [ERROR] i.g.h.a.HttpRequestAction - 'httpRequest-100' failed to execute: No attribute named 'opdPatientId' is defined
16:42:02.215 [ERROR] i.g.h.a.HttpRequestAction - 'httpRequest-98' failed to execute: No attribute named 'opdPatientId' is defined
16:42:02.215 [ERROR] i.g.h.a.HttpRequestAction - 'httpRequest-97' failed to execute: No attribute named 'opdPatientId' is defined
16:42:02.342 [ERROR] i.g.h.a.HttpRequestAction - 'httpRequest-100' failed to execute: No attribute named 'opdPatientId' is defined
16:42:02.342 [ERROR] i.g.h.a.HttpRequestAction - 'httpRequest-98' failed to execute: No attribute named 'opdPatientId' is defined
16:42:02.342 [ERROR] i.g.h.a.HttpRequestAction - 'httpRequest-97' failed to execute: No attribute named 'opdPatientId' is defined
16:42:02.625 [ERROR] i.g.h.a.HttpRequestAction - 'httpRequest-91' failed to execute: No attribute named 'opdPatientId' is defined
16:42:02.625 [ERROR] i.g.h.a.HttpRequestAction - 'httpRequest-90' failed to execute: No attribute named 'opdPatientId' is defined
16:42:02.717 [ERROR] i.g.h.a.HttpRequestAction - 'httpRequest-88' failed to execute: No attribute named 'opdVisitId' is defined
16:42:02.757 [ERROR] i.g.h.a.HttpRequestAction - 'httpRequest-91' failed to execute: No attribute named 'opdPatientId' is defined
16:42:02.758 [ERROR] i.g.h.a.HttpRequestAction - 'httpRequest-90' failed to execute: No attribute named 'opdPatientId' is defined
16:42:02.959 [ERROR] i.g.h.a.HttpRequestAction - 'httpRequest-88' failed to execute: No attribute named 'opdVisitId' is defined
16:42:03.139 [ERROR] i.g.h.a.HttpRequestAction - 'httpRequest-100' failed to execute: No attribute named 'opdPatientId' is defined
16:42:03.139 [ERROR] i.g.h.a.HttpRequestAction - 'httpRequest-98' failed to execute: No attribute named 'opdPatientId' is defined
16:42:03.139 [ERROR] i.g.h.a.HttpRequestAction - 'httpRequest-97' failed to execute: No attribute named 'opdPatientId' is defined
16:42:03.299 [ERROR] i.g.h.a.HttpRequestAction - 'httpRequest-91' failed to execute: No attribute named 'opdPatientId' is defined
16:42:03.299 [ERROR] i.g.h.a.HttpRequestAction - 'httpRequest-90' failed to execute: No attribute named 'opdPatientId' is defined
16:42:03.981 [ERROR] i.g.h.a.HttpRequestAction - 'httpRequest-88' failed to execute: No attribute named 'opdVisitId' is defined
16:42:03.985 [ERROR] i.g.h.a.HttpRequestAction - 'httpRequest-100' failed to execute: No attribute named 'opdPatientId' is defined
16:42:03.987 [ERROR] i.g.h.a.HttpRequestAction - 'httpRequest-98' failed to execute: No attribute named 'opdPatientId' is defined
16:42:03.987 [ERROR] i.g.h.a.HttpRequestAction - 'httpRequest-97' failed to execute: No attribute named 'opdPatientId' is defined
16:42:04.336 [ERROR] i.g.h.a.HttpRequestAction - 'httpRequest-21' failed to execute: No attribute named 'pt_uuID' is defined
16:42:04.337 [ERROR] i.g.h.a.HttpRequestAction - 'httpRequest-20' failed to execute: No attribute named 'pt_uuID' is defined
16:42:04.665 [ERROR] i.g.h.a.HttpRequestAction - 'httpRequest-91' failed to execute: No attribute named 'opdPatientId' is defined
16:42:04.666 [ERROR] i.g.h.a.HttpRequestAction - 'httpRequest-90' failed to execute: No attribute named 'opdPatientId' is defined
16:42:04.738 [ERROR] i.g.h.a.HttpRequestAction - 'httpRequest-91' failed to execute: No attribute named 'opdPatientId' is defined
16:42:04.738 [ERROR] i.g.h.a.HttpRequestAction - 'httpRequest-90' failed to execute: No attribute named 'opdPatientId' is defined
16:42:04.832 [ERROR] i.g.h.a.HttpRequestAction - 'httpRequest-88' failed to execute: No attribute named 'opdVisitId' is defined
16:42:04.839 [ERROR] i.g.h.a.HttpRequestAction - 'httpRequest-88' failed to execute: No attribute named 'opdVisitId' is defined
16:42:05.031 [ERROR] i.g.h.a.HttpRequestAction - 'httpRequest-91' failed to execute: No attribute named 'opdPatientId' is defined
16:42:05.032 [ERROR] i.g.h.a.HttpRequestAction - 'httpRequest-90' failed to execute: No attribute named 'opdPatientId' is defined
16:42:05.157 [ERROR] i.g.h.a.HttpRequestAction - 'httpRequest-88' failed to execute: No attribute named 'opdVisitId' is defined
16:42:05.283 [ERROR] i.g.h.a.HttpRequestAction - 'httpRequest-91' failed to execute: No attribute named 'opdPatientId' is defined
16:42:05.283 [ERROR] i.g.h.a.HttpRequestAction - 'httpRequest-90' failed to execute: No attribute named 'opdPatientId' is defined
16:42:05.356 [ERROR] i.g.h.a.HttpRequestAction - 'httpRequest-88' failed to execute: No attribute named 'opdVisitId' is defined
16:42:06.357 [ERROR] i.g.h.a.HttpRequestAction - 'httpRequest-100' failed to execute: No attribute named 'opdPatientId' is defined
16:42:06.357 [ERROR] i.g.h.a.HttpRequestAction - 'httpRequest-98' failed to execute: No attribute named 'opdPatientId' is defined
16:42:06.358 [ERROR] i.g.h.a.HttpRequestAction - 'httpRequest-97' failed to execute: No attribute named 'opdPatientId' is defined
16:42:06.484 [ERROR] i.g.h.a.HttpRequestAction - 'httpRequest-100' failed to execute: No attribute named 'opdPatientId' is defined
16:42:06.485 [ERROR] i.g.h.a.HttpRequestAction - 'httpRequest-98' failed to execute: No attribute named 'opdPatientId' is defined
16:42:06.486 [ERROR] i.g.h.a.HttpRequestAction - 'httpRequest-97' failed to execute: No attribute named 'opdPatientId' is defined
16:42:06.748 [ERROR] i.g.h.a.HttpRequestAction - 'httpRequest-100' failed to execute: No attribute named 'opdPatientId' is defined
16:42:06.749 [ERROR] i.g.h.a.HttpRequestAction - 'httpRequest-98' failed to execute: No attribute named 'opdPatientId' is defined
16:42:06.749 [ERROR] i.g.h.a.HttpRequestAction - 'httpRequest-97' failed to execute: No attribute named 'opdPatientId' is defined
16:42:06.767 [ERROR] i.g.h.a.HttpRequestAction - 'httpRequest-100' failed to execute: No attribute named 'opdPatientId' is defined
16:42:06.767 [ERROR] i.g.h.a.HttpRequestAction - 'httpRequest-98' failed to execute: No attribute named 'opdPatientId' is defined
16:42:06.768 [ERROR] i.g.h.a.HttpRequestAction - 'httpRequest-97' failed to execute: No attribute named 'opdPatientId' is defined
16:42:06.796 [ERROR] i.g.h.a.HttpRequestAction - 'httpRequest-100' failed to execute: No attribute named 'opdPatientId' is defined
16:42:06.797 [ERROR] i.g.h.a.HttpRequestAction - 'httpRequest-98' failed to execute: No attribute named 'opdPatientId' is defined
16:42:06.797 [ERROR] i.g.h.a.HttpRequestAction - 'httpRequest-97' failed to execute: No attribute named 'opdPatientId' is defined
16:42:06.837 [ERROR] i.g.h.a.HttpRequestAction - 'httpRequest-100' failed to execute: No attribute named 'opdPatientId' is defined
16:42:06.837 [ERROR] i.g.h.a.HttpRequestAction - 'httpRequest-98' failed to execute: No attribute named 'opdPatientId' is defined
16:42:06.837 [ERROR] i.g.h.a.HttpRequestAction - 'httpRequest-97' failed to execute: No attribute named 'opdPatientId' is defined
16:42:06.842 [ERROR] i.g.h.a.HttpRequestAction - 'httpRequest-100' failed to execute: No attribute named 'opdPatientId' is defined
16:42:06.842 [ERROR] i.g.h.a.HttpRequestAction - 'httpRequest-98' failed to execute: No attribute named 'opdPatientId' is defined
16:42:06.842 [ERROR] i.g.h.a.HttpRequestAction - 'httpRequest-97' failed to execute: No attribute named 'opdPatientId' is defined
16:42:06.852 [ERROR] i.g.h.a.HttpRequestAction - 'httpRequest-100' failed to execute: No attribute named 'opdPatientId' is defined
16:42:06.852 [ERROR] i.g.h.a.HttpRequestAction - 'httpRequest-98' failed to execute: No attribute named 'opdPatientId' is defined
16:42:06.852 [ERROR] i.g.h.a.HttpRequestAction - 'httpRequest-97' failed to execute: No attribute named 'opdPatientId' is defined
16:42:06.856 [ERROR] i.g.h.a.HttpRequestAction - 'httpRequest-100' failed to execute: No attribute named 'opdPatientId' is defined
16:42:06.856 [ERROR] i.g.h.a.HttpRequestAction - 'httpRequest-98' failed to execute: No attribute named 'opdPatientId' is defined
16:42:06.856 [ERROR] i.g.h.a.HttpRequestAction - 'httpRequest-97' failed to execute: No attribute named 'opdPatientId' is defined
16:42:06.905 [ERROR] i.g.h.a.HttpRequestAction - 'httpRequest-100' failed to execute: No attribute named 'opdPatientId' is defined
16:42:06.905 [ERROR] i.g.h.a.HttpRequestAction - 'httpRequest-98' failed to execute: No attribute named 'opdPatientId' is defined
16:42:06.905 [ERROR] i.g.h.a.HttpRequestAction - 'httpRequest-97' failed to execute: No attribute named 'opdPatientId' is defined
16:42:07.081 [ERROR] i.g.h.a.HttpRequestAction - 'httpRequest-100' failed to execute: No attribute named 'opdPatientId' is defined
16:42:07.081 [ERROR] i.g.h.a.HttpRequestAction - 'httpRequest-98' failed to execute: No attribute named 'opdPatientId' is defined
16:42:07.081 [ERROR] i.g.h.a.HttpRequestAction - 'httpRequest-97' failed to execute: No attribute named 'opdPatientId' is defined
16:42:07.177 [ERROR] i.g.h.a.HttpRequestAction - 'httpRequest-100' failed to execute: No attribute named 'opdPatientId' is defined
16:42:07.178 [ERROR] i.g.h.a.HttpRequestAction - 'httpRequest-98' failed to execute: No attribute named 'opdPatientId' is defined
16:42:07.178 [ERROR] i.g.h.a.HttpRequestAction - 'httpRequest-97' failed to execute: No attribute named 'opdPatientId' is defined
16:42:07.286 [ERROR] i.g.h.a.HttpRequestAction - 'httpRequest-100' failed to execute: No attribute named 'opdPatientId' is defined
16:42:07.286 [ERROR] i.g.h.a.HttpRequestAction - 'httpRequest-98' failed to execute: No attribute named 'opdPatientId' is defined
16:42:07.286 [ERROR] i.g.h.a.HttpRequestAction - 'httpRequest-97' failed to execute: No attribute named 'opdPatientId' is defined
16:42:08.239 [ERROR] i.g.h.a.HttpRequestAction - 'httpRequest-91' failed to execute: No attribute named 'opdPatientId' is defined
16:42:08.240 [ERROR] i.g.h.a.HttpRequestAction - 'httpRequest-90' failed to execute: No attribute named 'opdPatientId' is defined
16:42:08.292 [ERROR] i.g.h.a.HttpRequestAction - 'httpRequest-88' failed to execute: No attribute named 'opdVisitId' is defined
16:42:08.583 [ERROR] i.g.h.a.HttpRequestAction - 'httpRequest-91' failed to execute: No attribute named 'opdPatientId' is defined
16:42:08.584 [ERROR] i.g.h.a.HttpRequestAction - 'httpRequest-90' failed to execute: No attribute named 'opdPatientId' is defined
16:42:08.737 [ERROR] i.g.h.a.HttpRequestAction - 'httpRequest-91' failed to execute: No attribute named 'opdPatientId' is defined
16:42:08.738 [ERROR] i.g.h.a.HttpRequestAction - 'httpRequest-90' failed to execute: No attribute named 'opdPatientId' is defined
16:42:08.754 [ERROR] i.g.h.a.HttpRequestAction - 'httpRequest-88' failed to execute: No attribute named 'opdVisitId' is defined
16:42:08.815 [ERROR] i.g.h.a.HttpRequestAction - 'httpRequest-91' failed to execute: No attribute named 'opdPatientId' is defined
16:42:08.817 [ERROR] i.g.h.a.HttpRequestAction - 'httpRequest-90' failed to execute: No attribute named 'opdPatientId' is defined
16:42:08.829 [ERROR] i.g.h.a.HttpRequestAction - 'httpRequest-88' failed to execute: No attribute named 'opdVisitId' is defined
16:42:08.952 [ERROR] i.g.h.a.HttpRequestAction - 'httpRequest-88' failed to execute: No attribute named 'opdVisitId' is defined
16:42:08.956 [ERROR] i.g.h.a.HttpRequestAction - 'httpRequest-91' failed to execute: No attribute named 'opdPatientId' is defined
16:42:08.957 [ERROR] i.g.h.a.HttpRequestAction - 'httpRequest-90' failed to execute: No attribute named 'opdPatientId' is defined
16:42:09.018 [ERROR] i.g.h.a.HttpRequestAction - 'httpRequest-88' failed to execute: No attribute named 'opdVisitId' is defined
16:42:09.054 [ERROR] i.g.h.a.HttpRequestAction - 'httpRequest-91' failed to execute: No attribute named 'opdPatientId' is defined
16:42:09.054 [ERROR] i.g.h.a.HttpRequestAction - 'httpRequest-90' failed to execute: No attribute named 'opdPatientId' is defined
16:42:09.071 [ERROR] i.g.h.a.HttpRequestAction - 'httpRequest-91' failed to execute: No attribute named 'opdPatientId' is defined
16:42:09.071 [ERROR] i.g.h.a.HttpRequestAction - 'httpRequest-90' failed to execute: No attribute named 'opdPatientId' is defined
16:42:09.075 [ERROR] i.g.h.a.HttpRequestAction - 'httpRequest-91' failed to execute: No attribute named 'opdPatientId' is defined
16:42:09.075 [ERROR] i.g.h.a.HttpRequestAction - 'httpRequest-90' failed to execute: No attribute named 'opdPatientId' is defined
16:42:09.133 [ERROR] i.g.h.a.HttpRequestAction - 'httpRequest-91' failed to execute: No attribute named 'opdPatientId' is defined
16:42:09.134 [ERROR] i.g.h.a.HttpRequestAction - 'httpRequest-90' failed to execute: No attribute named 'opdPatientId' is defined
16:42:09.142 [ERROR] i.g.h.a.HttpRequestAction - 'httpRequest-88' failed to execute: No attribute named 'opdVisitId' is defined
16:42:09.176 [ERROR] i.g.h.a.HttpRequestAction - 'httpRequest-88' failed to execute: No attribute named 'opdVisitId' is defined
16:42:09.177 [ERROR] i.g.h.a.HttpRequestAction - 'httpRequest-88' failed to execute: No attribute named 'opdVisitId' is defined
16:42:09.190 [ERROR] i.g.h.a.HttpRequestAction - 'httpRequest-88' failed to execute: No attribute named 'opdVisitId' is defined
16:42:09.452 [ERROR] i.g.h.a.HttpRequestAction - 'httpRequest-91' failed to execute: No attribute named 'opdPatientId' is defined
16:42:09.453 [ERROR] i.g.h.a.HttpRequestAction - 'httpRequest-90' failed to execute: No attribute named 'opdPatientId' is defined
16:42:09.553 [ERROR] i.g.h.a.HttpRequestAction - 'httpRequest-88' failed to execute: No attribute named 'opdVisitId' is defined
16:42:09.567 [ERROR] i.g.h.a.HttpRequestAction - 'httpRequest-91' failed to execute: No attribute named 'opdPatientId' is defined
16:42:09.567 [ERROR] i.g.h.a.HttpRequestAction - 'httpRequest-91' failed to execute: No attribute named 'opdPatientId' is defined
16:42:09.568 [ERROR] i.g.h.a.HttpRequestAction - 'httpRequest-90' failed to execute: No attribute named 'opdPatientId' is defined
16:42:09.568 [ERROR] i.g.h.a.HttpRequestAction - 'httpRequest-90' failed to execute: No attribute named 'opdPatientId' is defined
16:42:09.641 [ERROR] i.g.h.a.HttpRequestAction - 'httpRequest-88' failed to execute: No attribute named 'opdVisitId' is defined
16:42:09.641 [ERROR] i.g.h.a.HttpRequestAction - 'httpRequest-88' failed to execute: No attribute named 'opdVisitId' is defined
16:42:10.163 [ERROR] i.g.h.a.HttpRequestAction - 'httpRequest-5' failed to execute: No attribute named 'p_uuID' is defined
16:42:10.163 [ERROR] i.g.h.a.HttpRequestAction - 'httpRequest-4' failed to execute: No attribute named 'p_uuID' is defined
16:42:10.264 [ERROR] i.g.h.a.HttpRequestAction - 'httpRequest-91' failed to execute: No attribute named 'opdPatientId' is defined
16:42:10.264 [ERROR] i.g.h.a.HttpRequestAction - 'httpRequest-90' failed to execute: No attribute named 'opdPatientId' is defined
16:42:10.372 [ERROR] i.g.h.a.HttpRequestAction - 'httpRequest-88' failed to execute: No attribute named 'opdVisitId' is defined
16:42:16.813 [ERROR] i.g.h.a.HttpRequestAction - 'httpRequest-21' failed to execute: No attribute named 'pt_uuID' is defined
16:42:16.815 [ERROR] i.g.h.a.HttpRequestAction - 'httpRequest-20' failed to execute: No attribute named 'pt_uuID' is defined
16:42:17.312 [ERROR] i.g.h.a.HttpRequestAction - 'httpRequest-73' failed to execute: No attribute named 'pt_uuID' is defined
16:42:17.312 [ERROR] i.g.h.a.HttpRequestAction - 'httpRequest-72' failed to execute: No attribute named 'pt_uuID' is defined
16:42:17.419 [ERROR] i.g.h.a.HttpRequestAction - 'httpRequest-5' failed to execute: No attribute named 'p_uuID' is defined
16:42:17.419 [ERROR] i.g.h.a.HttpRequestAction - 'httpRequest-4' failed to execute: No attribute named 'p_uuID' is defined
16:42:19.735 [ERROR] i.g.h.a.HttpRequestAction - 'httpRequest-62' failed to execute: No attribute named 'pt_uuID' is defined
16:42:19.736 [ERROR] i.g.h.a.HttpRequestAction - 'httpRequest-60' failed to execute: No attribute named 'pt_uuID' is defined
16:42:19.736 [ERROR] i.g.h.a.HttpRequestAction - 'httpRequest-59' failed to execute: No attribute named 'pt_uuID' is defined
16:42:28.653 [ERROR] i.g.h.a.HttpRequestAction - 'httpRequest-5' failed to execute: No attribute named 'p_uuID' is defined
16:42:28.655 [ERROR] i.g.h.a.HttpRequestAction - 'httpRequest-4' failed to execute: No attribute named 'p_uuID' is defined
16:42:31.441 [ERROR] i.g.h.a.HttpRequestAction - 'httpRequest-21' failed to execute: No attribute named 'pt_uuID' is defined
16:42:31.441 [ERROR] i.g.h.a.HttpRequestAction - 'httpRequest-20' failed to execute: No attribute named 'pt_uuID' is defined
16:42:37.393 [ERROR] i.g.h.a.HttpRequestAction - 'httpRequest-5' failed to execute: No attribute named 'p_uuID' is defined
16:42:37.395 [ERROR] i.g.h.a.HttpRequestAction - 'httpRequest-4' failed to execute: No attribute named 'p_uuID' is defined
16:42:47.243 [ERROR] i.g.h.a.HttpRequestAction - 'httpRequest-73' failed to execute: No attribute named 'pt_uuID' is defined
16:42:47.246 [ERROR] i.g.h.a.HttpRequestAction - 'httpRequest-72' failed to execute: No attribute named 'pt_uuID' is defined
16:42:47.660 [ERROR] i.g.h.a.HttpRequestAction - 'httpRequest-21' failed to execute: No attribute named 'pt_uuID' is defined
16:42:47.661 [ERROR] i.g.h.a.HttpRequestAction - 'httpRequest-20' failed to execute: No attribute named 'pt_uuID' is defined
16:42:47.870 [ERROR] i.g.h.a.HttpRequestAction - 'httpRequest-5' failed to execute: No attribute named 'p_uuID' is defined
16:42:47.871 [ERROR] i.g.h.a.HttpRequestAction - 'httpRequest-4' failed to execute: No attribute named 'p_uuID' is defined
16:42:49.605 [ERROR] i.g.h.a.HttpRequestAction - 'httpRequest-62' failed to execute: No attribute named 'pt_uuID' is defined
16:42:49.607 [ERROR] i.g.h.a.HttpRequestAction - 'httpRequest-60' failed to execute: No attribute named 'pt_uuID' is defined
16:42:49.607 [ERROR] i.g.h.a.HttpRequestAction - 'httpRequest-59' failed to execute: No attribute named 'pt_uuID' is defined
16:43:55.589 [ERROR] i.g.h.a.HttpRequestAction - 'httpRequest-5' failed to execute: No attribute named 'p_uuID' is defined
16:43:55.590 [ERROR] i.g.h.a.HttpRequestAction - 'httpRequest-4' failed to execute: No attribute named 'p_uuID' is defined
16:44:00.621 [ERROR] i.g.h.a.HttpRequestAction - 'httpRequest-21' failed to execute: No attribute named 'pt_uuID' is defined
16:44:00.626 [ERROR] i.g.h.a.HttpRequestAction - 'httpRequest-20' failed to execute: No attribute named 'pt_uuID' is defined
16:44:05.547 [ERROR] i.g.h.a.HttpRequestAction - 'httpRequest-5' failed to execute: No attribute named 'p_uuID' is defined
16:44:05.550 [ERROR] i.g.h.a.HttpRequestAction - 'httpRequest-4' failed to execute: No attribute named 'p_uuID' is defined
16:44:15.563 [ERROR] i.g.h.a.HttpRequestAction - 'httpRequest-73' failed to execute: No attribute named 'pt_uuID' is defined
16:44:15.564 [ERROR] i.g.h.a.HttpRequestAction - 'httpRequest-72' failed to execute: No attribute named 'pt_uuID' is defined
16:44:15.605 [ERROR] i.g.h.a.HttpRequestAction - 'httpRequest-21' failed to execute: No attribute named 'pt_uuID' is defined
16:44:15.606 [ERROR] i.g.h.a.HttpRequestAction - 'httpRequest-20' failed to execute: No attribute named 'pt_uuID' is defined
16:44:15.617 [ERROR] i.g.h.a.HttpRequestAction - 'httpRequest-5' failed to execute: No attribute named 'p_uuID' is defined
16:44:15.618 [ERROR] i.g.h.a.HttpRequestAction - 'httpRequest-4' failed to execute: No attribute named 'p_uuID' is defined
16:44:17.197 [ERROR] i.g.h.a.HttpRequestAction - 'httpRequest-62' failed to execute: No attribute named 'pt_uuID' is defined
16:44:17.201 [ERROR] i.g.h.a.HttpRequestAction - 'httpRequest-60' failed to execute: No attribute named 'pt_uuID' is defined
16:44:17.202 [ERROR] i.g.h.a.HttpRequestAction - 'httpRequest-59' failed to execute: No attribute named 'pt_uuID' is defined
16:44:25.459 [ERROR] i.g.h.a.HttpRequestAction - 'httpRequest-5' failed to execute: No attribute named 'p_uuID' is defined
16:44:25.464 [ERROR] i.g.h.a.HttpRequestAction - 'httpRequest-4' failed to execute: No attribute named 'p_uuID' is defined
16:44:30.540 [ERROR] i.g.h.a.HttpRequestAction - 'httpRequest-21' failed to execute: No attribute named 'pt_uuID' is defined
16:44:30.541 [ERROR] i.g.h.a.HttpRequestAction - 'httpRequest-20' failed to execute: No attribute named 'pt_uuID' is defined
16:44:35.552 [ERROR] i.g.h.a.HttpRequestAction - 'httpRequest-5' failed to execute: No attribute named 'p_uuID' is defined
16:44:35.555 [ERROR] i.g.h.a.HttpRequestAction - 'httpRequest-4' failed to execute: No attribute named 'p_uuID' is defined
16:44:45.719 [ERROR] i.g.h.a.HttpRequestAction - 'httpRequest-5' failed to execute: No attribute named 'p_uuID' is defined
16:44:45.720 [ERROR] i.g.h.a.HttpRequestAction - 'httpRequest-73' failed to execute: No attribute named 'pt_uuID' is defined
16:44:45.721 [ERROR] i.g.h.a.HttpRequestAction - 'httpRequest-4' failed to execute: No attribute named 'p_uuID' is defined
16:44:45.721 [ERROR] i.g.h.a.HttpRequestAction - 'httpRequest-72' failed to execute: No attribute named 'pt_uuID' is defined
16:44:45.727 [ERROR] i.g.h.a.HttpRequestAction - 'httpRequest-21' failed to execute: No attribute named 'pt_uuID' is defined
16:44:45.727 [ERROR] i.g.h.a.HttpRequestAction - 'httpRequest-20' failed to execute: No attribute named 'pt_uuID' is defined
16:44:47.825 [ERROR] i.g.h.a.HttpRequestAction - 'httpRequest-62' failed to execute: No attribute named 'pt_uuID' is defined
16:44:47.829 [ERROR] i.g.h.a.HttpRequestAction - 'httpRequest-60' failed to execute: No attribute named 'pt_uuID' is defined
16:44:47.831 [ERROR] i.g.h.a.HttpRequestAction - 'httpRequest-59' failed to execute: No attribute named 'pt_uuID' is defined
16:45:55.514 [ERROR] i.g.h.a.HttpRequestAction - 'httpRequest-5' failed to execute: No attribute named 'p_uuID' is defined
16:45:55.518 [ERROR] i.g.h.a.HttpRequestAction - 'httpRequest-4' failed to execute: No attribute named 'p_uuID' is defined
16:46:00.577 [ERROR] i.g.h.a.HttpRequestAction - 'httpRequest-21' failed to execute: No attribute named 'pt_uuID' is defined
16:46:00.578 [ERROR] i.g.h.a.HttpRequestAction - 'httpRequest-20' failed to execute: No attribute named 'pt_uuID' is defined
16:46:05.474 [ERROR] i.g.h.a.HttpRequestAction - 'httpRequest-5' failed to execute: No attribute named 'p_uuID' is defined
16:46:05.475 [ERROR] i.g.h.a.HttpRequestAction - 'httpRequest-4' failed to execute: No attribute named 'p_uuID' is defined
16:46:15.757 [ERROR] i.g.h.a.HttpRequestAction - 'httpRequest-73' failed to execute: No attribute named 'pt_uuID' is defined
16:46:15.757 [ERROR] i.g.h.a.HttpRequestAction - 'httpRequest-72' failed to execute: No attribute named 'pt_uuID' is defined
16:46:15.761 [ERROR] i.g.h.a.HttpRequestAction - 'httpRequest-5' failed to execute: No attribute named 'p_uuID' is defined
16:46:15.761 [ERROR] i.g.h.a.HttpRequestAction - 'httpRequest-4' failed to execute: No attribute named 'p_uuID' is defined
16:46:15.786 [ERROR] i.g.h.a.HttpRequestAction - 'httpRequest-21' failed to execute: No attribute named 'pt_uuID' is defined
16:46:15.786 [ERROR] i.g.h.a.HttpRequestAction - 'httpRequest-20' failed to execute: No attribute named 'pt_uuID' is defined
16:46:17.598 [ERROR] i.g.h.a.HttpRequestAction - 'httpRequest-62' failed to execute: No attribute named 'pt_uuID' is defined
16:46:17.602 [ERROR] i.g.h.a.HttpRequestAction - 'httpRequest-60' failed to execute: No attribute named 'pt_uuID' is defined
16:46:17.606 [ERROR] i.g.h.a.HttpRequestAction - 'httpRequest-59' failed to execute: No attribute named 'pt_uuID' is defined
16:46:25.530 [ERROR] i.g.h.a.HttpRequestAction - 'httpRequest-5' failed to execute: No attribute named 'p_uuID' is defined
16:46:25.531 [ERROR] i.g.h.a.HttpRequestAction - 'httpRequest-4' failed to execute: No attribute named 'p_uuID' is defined
16:46:30.539 [ERROR] i.g.h.a.HttpRequestAction - 'httpRequest-21' failed to execute: No attribute named 'pt_uuID' is defined
16:46:30.539 [ERROR] i.g.h.a.HttpRequestAction - 'httpRequest-20' failed to execute: No attribute named 'pt_uuID' is defined
16:46:35.479 [ERROR] i.g.h.a.HttpRequestAction - 'httpRequest-5' failed to execute: No attribute named 'p_uuID' is defined
16:46:35.480 [ERROR] i.g.h.a.HttpRequestAction - 'httpRequest-4' failed to execute: No attribute named 'p_uuID' is defined
16:46:45.687 [ERROR] i.g.h.a.HttpRequestAction - 'httpRequest-5' failed to execute: No attribute named 'p_uuID' is defined
16:46:45.689 [ERROR] i.g.h.a.HttpRequestAction - 'httpRequest-4' failed to execute: No attribute named 'p_uuID' is defined
16:46:45.746 [ERROR] i.g.h.a.HttpRequestAction - 'httpRequest-21' failed to execute: No attribute named 'pt_uuID' is defined
16:46:45.746 [ERROR] i.g.h.a.HttpRequestAction - 'httpRequest-20' failed to execute: No attribute named 'pt_uuID' is defined
16:46:45.746 [ERROR] i.g.h.a.HttpRequestAction - 'httpRequest-73' failed to execute: No attribute named 'pt_uuID' is defined
16:46:45.747 [ERROR] i.g.h.a.HttpRequestAction - 'httpRequest-72' failed to execute: No attribute named 'pt_uuID' is defined
16:46:47.982 [ERROR] i.g.h.a.HttpRequestAction - 'httpRequest-62' failed to execute: No attribute named 'pt_uuID' is defined
16:46:47.983 [ERROR] i.g.h.a.HttpRequestAction - 'httpRequest-60' failed to execute: No attribute named 'pt_uuID' is defined
16:46:47.983 [ERROR] i.g.h.a.HttpRequestAction - 'httpRequest-59' failed to execute: No attribute named 'pt_uuID' is defined
16:47:55.632 [ERROR] i.g.h.a.HttpRequestAction - 'httpRequest-5' failed to execute: No attribute named 'p_uuID' is defined
16:47:55.635 [ERROR] i.g.h.a.HttpRequestAction - 'httpRequest-4' failed to execute: No attribute named 'p_uuID' is defined
16:48:00.707 [ERROR] i.g.h.a.HttpRequestAction - 'httpRequest-21' failed to execute: No attribute named 'pt_uuID' is defined
16:48:00.708 [ERROR] i.g.h.a.HttpRequestAction - 'httpRequest-20' failed to execute: No attribute named 'pt_uuID' is defined
16:48:05.487 [ERROR] i.g.h.a.HttpRequestAction - 'httpRequest-5' failed to execute: No attribute named 'p_uuID' is defined
16:48:05.487 [ERROR] i.g.h.a.HttpRequestAction - 'httpRequest-4' failed to execute: No attribute named 'p_uuID' is defined
16:48:15.853 [ERROR] i.g.h.a.HttpRequestAction - 'httpRequest-73' failed to execute: No attribute named 'pt_uuID' is defined
16:48:15.856 [ERROR] i.g.h.a.HttpRequestAction - 'httpRequest-72' failed to execute: No attribute named 'pt_uuID' is defined
16:48:15.927 [ERROR] i.g.h.a.HttpRequestAction - 'httpRequest-5' failed to execute: No attribute named 'p_uuID' is defined
16:48:15.928 [ERROR] i.g.h.a.HttpRequestAction - 'httpRequest-4' failed to execute: No attribute named 'p_uuID' is defined
16:48:15.939 [ERROR] i.g.h.a.HttpRequestAction - 'httpRequest-21' failed to execute: No attribute named 'pt_uuID' is defined
16:48:15.940 [ERROR] i.g.h.a.HttpRequestAction - 'httpRequest-20' failed to execute: No attribute named 'pt_uuID' is defined
16:48:18.497 [ERROR] i.g.h.a.HttpRequestAction - 'httpRequest-62' failed to execute: No attribute named 'pt_uuID' is defined
16:48:18.499 [ERROR] i.g.h.a.HttpRequestAction - 'httpRequest-60' failed to execute: No attribute named 'pt_uuID' is defined
16:48:18.499 [ERROR] i.g.h.a.HttpRequestAction - 'httpRequest-59' failed to execute: No attribute named 'pt_uuID' is defined
16:48:26.533 [ERROR] i.g.h.a.HttpRequestAction - 'httpRequest-5' failed to execute: No attribute named 'p_uuID' is defined
16:48:26.534 [ERROR] i.g.h.a.HttpRequestAction - 'httpRequest-4' failed to execute: No attribute named 'p_uuID' is defined
16:48:30.552 [ERROR] i.g.h.a.HttpRequestAction - 'httpRequest-21' failed to execute: No attribute named 'pt_uuID' is defined
16:48:30.552 [ERROR] i.g.h.a.HttpRequestAction - 'httpRequest-20' failed to execute: No attribute named 'pt_uuID' is defined
16:48:35.474 [ERROR] i.g.h.a.HttpRequestAction - 'httpRequest-5' failed to execute: No attribute named 'p_uuID' is defined
16:48:35.476 [ERROR] i.g.h.a.HttpRequestAction - 'httpRequest-4' failed to execute: No attribute named 'p_uuID' is defined
16:48:45.549 [ERROR] i.g.h.a.HttpRequestAction - 'httpRequest-5' failed to execute: No attribute named 'p_uuID' is defined
16:48:45.550 [ERROR] i.g.h.a.HttpRequestAction - 'httpRequest-4' failed to execute: No attribute named 'p_uuID' is defined
16:48:45.575 [ERROR] i.g.h.a.HttpRequestAction - 'httpRequest-73' failed to execute: No attribute named 'pt_uuID' is defined
16:48:45.575 [ERROR] i.g.h.a.HttpRequestAction - 'httpRequest-72' failed to execute: No attribute named 'pt_uuID' is defined
16:48:45.624 [ERROR] i.g.h.a.HttpRequestAction - 'httpRequest-21' failed to execute: No attribute named 'pt_uuID' is defined
16:48:45.625 [ERROR] i.g.h.a.HttpRequestAction - 'httpRequest-20' failed to execute: No attribute named 'pt_uuID' is defined
16:48:47.920 [ERROR] i.g.h.a.HttpRequestAction - 'httpRequest-62' failed to execute: No attribute named 'pt_uuID' is defined
16:48:47.922 [ERROR] i.g.h.a.HttpRequestAction - 'httpRequest-60' failed to execute: No attribute named 'pt_uuID' is defined
16:48:47.923 [ERROR] i.g.h.a.HttpRequestAction - 'httpRequest-59' failed to execute: No attribute named 'pt_uuID' is defined
