16:41:48.125 [ERROR] i.g.c.a.b.SessionHookBuilder$$anon$1 - 'hook-119' crashed with 'j.u.NoSuchElementException: No attribute named 'patientUUIDs' is defined', forwarding to the next one
16:41:48.129 [ERROR] i.g.c.s.LoopBlock$ - Condition evaluation crashed with message 'No attribute named 'opdPatients' is defined', exiting loop
16:41:48.130 [ERROR] i.g.c.a.b.SessionHookBuilder$$anon$1 - 'hook-115' crashed with 'j.u.NoSuchElementException: No attribute named 'patientUUIDs' is defined', forwarding to the next one
16:41:48.132 [ERROR] i.g.c.a.b.SessionHookBuilder$$anon$1 - 'hook-114' crashed with 'j.l.IllegalArgumentException: bound must be positive', forwarding to the next one
16:41:48.134 [ERROR] i.g.h.a.HttpRequestAction - 'httpRequest-113' failed to execute: No attribute named 'opdPatientId' is defined
16:41:48.135 [ERROR] i.g.h.a.HttpRequestAction - 'httpRequest-112' failed to execute: No attribute named 'opdPatientId' is defined
16:41:49.204 [ERROR] i.g.h.a.HttpRequestAction - 'httpRequest-110' failed to execute: No attribute named 'opdPatientId' is defined
16:41:49.206 [ERROR] i.g.h.a.HttpRequestAction - 'httpRequest-109' failed to execute: No attribute named 'locationUuid' is defined
16:41:49.555 [ERROR] i.g.h.a.HttpRequestAction - 'httpRequest-21' failed to execute: No attribute named 'pt_uuID' is defined
16:41:49.557 [ERROR] i.g.h.a.HttpRequestAction - 'httpRequest-20' failed to execute: No attribute named 'pt_uuID' is defined
16:41:50.158 [ERROR] i.g.h.a.HttpRequestAction - 'httpRequest-5' failed to execute: No attribute named 'p_uuID' is defined
16:41:50.160 [ERROR] i.g.h.a.HttpRequestAction - 'httpRequest-4' failed to execute: No attribute named 'p_uuID' is defined
16:41:50.900 [ERROR] i.g.h.a.HttpRequestAction - 'httpRequest-21' failed to execute: No attribute named 'pt_uuID' is defined
16:41:50.901 [ERROR] i.g.h.a.HttpRequestAction - 'httpRequest-5' failed to execute: No attribute named 'p_uuID' is defined
16:41:50.902 [ERROR] i.g.h.a.HttpRequestAction - 'httpRequest-4' failed to execute: No attribute named 'p_uuID' is defined
16:41:50.902 [ERROR] i.g.h.a.HttpRequestAction - 'httpRequest-20' failed to execute: No attribute named 'pt_uuID' is defined
16:41:51.185 [ERROR] i.g.c.a.b.SessionHookBuilder$$anon$1 - 'hook-119' crashed with 'j.u.NoSuchElementException: No attribute named 'patientUUIDs' is defined', forwarding to the next one
16:41:51.187 [ERROR] i.g.c.s.LoopBlock$ - Condition evaluation crashed with message 'No attribute named 'opdPatients' is defined', exiting loop
16:41:51.187 [ERROR] i.g.c.a.b.SessionHookBuilder$$anon$1 - 'hook-115' crashed with 'j.u.NoSuchElementException: No attribute named 'patientUUIDs' is defined', forwarding to the next one
16:41:51.188 [ERROR] i.g.c.a.b.SessionHookBuilder$$anon$1 - 'hook-114' crashed with 'j.l.IllegalArgumentException: bound must be positive', forwarding to the next one
16:41:51.190 [ERROR] i.g.h.a.HttpRequestAction - 'httpRequest-113' failed to execute: No attribute named 'opdPatientId' is defined
16:41:51.191 [ERROR] i.g.h.a.HttpRequestAction - 'httpRequest-112' failed to execute: No attribute named 'opdPatientId' is defined
16:41:51.280 [ERROR] i.g.h.a.HttpRequestAction - 'httpRequest-5' failed to execute: No attribute named 'p_uuID' is defined
16:41:51.282 [ERROR] i.g.h.a.HttpRequestAction - 'httpRequest-4' failed to execute: No attribute named 'p_uuID' is defined
16:41:51.366 [ERROR] i.g.c.a.b.SessionHookBuilder$$anon$1 - 'hook-119' crashed with 'j.u.NoSuchElementException: No attribute named 'patientUUIDs' is defined', forwarding to the next one
16:41:51.366 [ERROR] i.g.c.s.LoopBlock$ - Condition evaluation crashed with message 'No attribute named 'opdPatients' is defined', exiting loop
16:41:51.367 [ERROR] i.g.c.a.b.SessionHookBuilder$$anon$1 - 'hook-115' crashed with 'j.u.NoSuchElementException: No attribute named 'patientUUIDs' is defined', forwarding to the next one
16:41:51.367 [ERROR] i.g.c.a.b.SessionHookBuilder$$anon$1 - 'hook-114' crashed with 'j.l.IllegalArgumentException: bound must be positive', forwarding to the next one
16:41:51.367 [ERROR] i.g.h.a.HttpRequestAction - 'httpRequest-113' failed to execute: No attribute named 'opdPatientId' is defined
16:41:51.369 [ERROR] i.g.h.a.HttpRequestAction - 'httpRequest-112' failed to execute: No attribute named 'opdPatientId' is defined
16:41:51.522 [ERROR] i.g.c.a.b.SessionHookBuilder$$anon$1 - 'hook-119' crashed with 'j.u.NoSuchElementException: No attribute named 'patientUUIDs' is defined', forwarding to the next one
16:41:51.523 [ERROR] i.g.c.s.LoopBlock$ - Condition evaluation crashed with message 'No attribute named 'opdPatients' is defined', exiting loop
16:41:51.523 [ERROR] i.g.c.a.b.SessionHookBuilder$$anon$1 - 'hook-115' crashed with 'j.u.NoSuchElementException: No attribute named 'patientUUIDs' is defined', forwarding to the next one
16:41:51.524 [ERROR] i.g.c.a.b.SessionHookBuilder$$anon$1 - 'hook-114' crashed with 'j.l.IllegalArgumentException: bound must be positive', forwarding to the next one
16:41:51.524 [ERROR] i.g.h.a.HttpRequestAction - 'httpRequest-113' failed to execute: No attribute named 'opdPatientId' is defined
16:41:51.525 [ERROR] i.g.h.a.HttpRequestAction - 'httpRequest-112' failed to execute: No attribute named 'opdPatientId' is defined
16:41:52.029 [ERROR] i.g.c.a.b.SessionHookBuilder$$anon$1 - 'hook-119' crashed with 'j.u.NoSuchElementException: No attribute named 'patientUUIDs' is defined', forwarding to the next one
16:41:52.030 [ERROR] i.g.c.s.LoopBlock$ - Condition evaluation crashed with message 'No attribute named 'opdPatients' is defined', exiting loop
16:41:52.031 [ERROR] i.g.c.a.b.SessionHookBuilder$$anon$1 - 'hook-115' crashed with 'j.u.NoSuchElementException: No attribute named 'patientUUIDs' is defined', forwarding to the next one
16:41:52.031 [ERROR] i.g.c.a.b.SessionHookBuilder$$anon$1 - 'hook-114' crashed with 'j.l.IllegalArgumentException: bound must be positive', forwarding to the next one
16:41:52.031 [ERROR] i.g.h.a.HttpRequestAction - 'httpRequest-113' failed to execute: No attribute named 'opdPatientId' is defined
16:41:52.032 [ERROR] i.g.h.a.HttpRequestAction - 'httpRequest-112' failed to execute: No attribute named 'opdPatientId' is defined
16:41:52.108 [ERROR] i.g.h.a.HttpRequestAction - 'httpRequest-110' failed to execute: No attribute named 'opdPatientId' is defined
16:41:52.109 [ERROR] i.g.h.a.HttpRequestAction - 'httpRequest-109' failed to execute: No attribute named 'locationUuid' is defined
16:41:52.304 [ERROR] i.g.h.a.HttpRequestAction - 'httpRequest-110' failed to execute: No attribute named 'opdPatientId' is defined
16:41:52.306 [ERROR] i.g.h.a.HttpRequestAction - 'httpRequest-109' failed to execute: No attribute named 'locationUuid' is defined
16:41:52.361 [ERROR] i.g.h.a.HttpRequestAction - 'httpRequest-110' failed to execute: No attribute named 'opdPatientId' is defined
16:41:52.362 [ERROR] i.g.h.a.HttpRequestAction - 'httpRequest-109' failed to execute: No attribute named 'locationUuid' is defined
16:41:52.599 [ERROR] i.g.h.a.HttpRequestAction - 'httpRequest-5' failed to execute: No attribute named 'p_uuID' is defined
16:41:52.599 [ERROR] i.g.h.a.HttpRequestAction - 'httpRequest-4' failed to execute: No attribute named 'p_uuID' is defined
16:41:52.613 [ERROR] i.g.h.a.HttpRequestAction - 'httpRequest-110' failed to execute: No attribute named 'opdPatientId' is defined
16:41:52.614 [ERROR] i.g.h.a.HttpRequestAction - 'httpRequest-109' failed to execute: No attribute named 'locationUuid' is defined
16:41:53.584 [ERROR] i.g.h.a.HttpRequestAction - 'httpRequest-73' failed to execute: No attribute named 'pt_uuID' is defined
16:41:53.587 [ERROR] i.g.h.a.HttpRequestAction - 'httpRequest-72' failed to execute: No attribute named 'pt_uuID' is defined
16:41:54.263 [ERROR] i.g.h.a.HttpRequestAction - 'httpRequest-21' failed to execute: No attribute named 'pt_uuID' is defined
16:41:54.264 [ERROR] i.g.h.a.HttpRequestAction - 'httpRequest-20' failed to execute: No attribute named 'pt_uuID' is defined
16:41:54.311 [ERROR] i.g.h.a.HttpRequestAction - 'httpRequest-73' failed to execute: No attribute named 'pt_uuID' is defined
16:41:54.312 [ERROR] i.g.h.a.HttpRequestAction - 'httpRequest-72' failed to execute: No attribute named 'pt_uuID' is defined
16:41:54.436 [ERROR] i.g.c.a.b.SessionHookBuilder$$anon$1 - 'hook-119' crashed with 'j.u.NoSuchElementException: No attribute named 'patientUUIDs' is defined', forwarding to the next one
16:41:54.437 [ERROR] i.g.c.s.LoopBlock$ - Condition evaluation crashed with message 'No attribute named 'opdPatients' is defined', exiting loop
16:41:54.438 [ERROR] i.g.c.a.b.SessionHookBuilder$$anon$1 - 'hook-115' crashed with 'j.u.NoSuchElementException: No attribute named 'patientUUIDs' is defined', forwarding to the next one
16:41:54.439 [ERROR] i.g.c.a.b.SessionHookBuilder$$anon$1 - 'hook-114' crashed with 'j.l.IllegalArgumentException: bound must be positive', forwarding to the next one
16:41:54.439 [ERROR] i.g.h.a.HttpRequestAction - 'httpRequest-113' failed to execute: No attribute named 'opdPatientId' is defined
16:41:54.439 [ERROR] i.g.h.a.HttpRequestAction - 'httpRequest-112' failed to execute: No attribute named 'opdPatientId' is defined
16:41:54.457 [ERROR] i.g.c.a.b.SessionHookBuilder$$anon$1 - 'hook-119' crashed with 'j.u.NoSuchElementException: No attribute named 'patientUUIDs' is defined', forwarding to the next one
16:41:54.457 [ERROR] i.g.c.s.LoopBlock$ - Condition evaluation crashed with message 'No attribute named 'opdPatients' is defined', exiting loop
16:41:54.457 [ERROR] i.g.c.a.b.SessionHookBuilder$$anon$1 - 'hook-115' crashed with 'j.u.NoSuchElementException: No attribute named 'patientUUIDs' is defined', forwarding to the next one
16:41:54.457 [ERROR] i.g.c.a.b.SessionHookBuilder$$anon$1 - 'hook-114' crashed with 'j.l.IllegalArgumentException: bound must be positive', forwarding to the next one
16:41:54.457 [ERROR] i.g.h.a.HttpRequestAction - 'httpRequest-113' failed to execute: No attribute named 'opdPatientId' is defined
16:41:54.458 [ERROR] i.g.h.a.HttpRequestAction - 'httpRequest-112' failed to execute: No attribute named 'opdPatientId' is defined
16:41:54.487 [ERROR] i.g.c.a.b.SessionHookBuilder$$anon$1 - 'hook-119' crashed with 'j.u.NoSuchElementException: No attribute named 'patientUUIDs' is defined', forwarding to the next one
16:41:54.487 [ERROR] i.g.c.s.LoopBlock$ - Condition evaluation crashed with message 'No attribute named 'opdPatients' is defined', exiting loop
16:41:54.487 [ERROR] i.g.c.a.b.SessionHookBuilder$$anon$1 - 'hook-115' crashed with 'j.u.NoSuchElementException: No attribute named 'patientUUIDs' is defined', forwarding to the next one
16:41:54.487 [ERROR] i.g.c.a.b.SessionHookBuilder$$anon$1 - 'hook-114' crashed with 'j.l.IllegalArgumentException: bound must be positive', forwarding to the next one
16:41:54.488 [ERROR] i.g.h.a.HttpRequestAction - 'httpRequest-113' failed to execute: No attribute named 'opdPatientId' is defined
16:41:54.488 [ERROR] i.g.h.a.HttpRequestAction - 'httpRequest-112' failed to execute: No attribute named 'opdPatientId' is defined
16:41:54.488 [ERROR] i.g.c.a.b.SessionHookBuilder$$anon$1 - 'hook-119' crashed with 'j.u.NoSuchElementException: No attribute named 'patientUUIDs' is defined', forwarding to the next one
16:41:54.488 [ERROR] i.g.c.s.LoopBlock$ - Condition evaluation crashed with message 'No attribute named 'opdPatients' is defined', exiting loop
16:41:54.488 [ERROR] i.g.c.a.b.SessionHookBuilder$$anon$1 - 'hook-115' crashed with 'j.u.NoSuchElementException: No attribute named 'patientUUIDs' is defined', forwarding to the next one
16:41:54.489 [ERROR] i.g.c.a.b.SessionHookBuilder$$anon$1 - 'hook-114' crashed with 'j.l.IllegalArgumentException: bound must be positive', forwarding to the next one
16:41:54.489 [ERROR] i.g.h.a.HttpRequestAction - 'httpRequest-113' failed to execute: No attribute named 'opdPatientId' is defined
16:41:54.490 [ERROR] i.g.h.a.HttpRequestAction - 'httpRequest-112' failed to execute: No attribute named 'opdPatientId' is defined
16:41:54.490 [ERROR] i.g.c.a.b.SessionHookBuilder$$anon$1 - 'hook-119' crashed with 'j.u.NoSuchElementException: No attribute named 'patientUUIDs' is defined', forwarding to the next one
16:41:54.490 [ERROR] i.g.c.s.LoopBlock$ - Condition evaluation crashed with message 'No attribute named 'opdPatients' is defined', exiting loop
16:41:54.490 [ERROR] i.g.c.a.b.SessionHookBuilder$$anon$1 - 'hook-115' crashed with 'j.u.NoSuchElementException: No attribute named 'patientUUIDs' is defined', forwarding to the next one
16:41:54.490 [ERROR] i.g.c.a.b.SessionHookBuilder$$anon$1 - 'hook-114' crashed with 'j.l.IllegalArgumentException: bound must be positive', forwarding to the next one
16:41:54.490 [ERROR] i.g.h.a.HttpRequestAction - 'httpRequest-113' failed to execute: No attribute named 'opdPatientId' is defined
16:41:54.490 [ERROR] i.g.h.a.HttpRequestAction - 'httpRequest-112' failed to execute: No attribute named 'opdPatientId' is defined
16:41:54.495 [ERROR] i.g.c.a.b.SessionHookBuilder$$anon$1 - 'hook-119' crashed with 'j.u.NoSuchElementException: No attribute named 'patientUUIDs' is defined', forwarding to the next one
16:41:54.495 [ERROR] i.g.c.s.LoopBlock$ - Condition evaluation crashed with message 'No attribute named 'opdPatients' is defined', exiting loop
16:41:54.495 [ERROR] i.g.c.a.b.SessionHookBuilder$$anon$1 - 'hook-115' crashed with 'j.u.NoSuchElementException: No attribute named 'patientUUIDs' is defined', forwarding to the next one
16:41:54.495 [ERROR] i.g.c.a.b.SessionHookBuilder$$anon$1 - 'hook-114' crashed with 'j.l.IllegalArgumentException: bound must be positive', forwarding to the next one
16:41:54.496 [ERROR] i.g.h.a.HttpRequestAction - 'httpRequest-113' failed to execute: No attribute named 'opdPatientId' is defined
16:41:54.496 [ERROR] i.g.h.a.HttpRequestAction - 'httpRequest-112' failed to execute: No attribute named 'opdPatientId' is defined
16:41:54.584 [ERROR] i.g.c.a.b.SessionHookBuilder$$anon$1 - 'hook-119' crashed with 'j.u.NoSuchElementException: No attribute named 'patientUUIDs' is defined', forwarding to the next one
16:41:54.584 [ERROR] i.g.c.s.LoopBlock$ - Condition evaluation crashed with message 'No attribute named 'opdPatients' is defined', exiting loop
16:41:54.585 [ERROR] i.g.c.a.b.SessionHookBuilder$$anon$1 - 'hook-115' crashed with 'j.u.NoSuchElementException: No attribute named 'patientUUIDs' is defined', forwarding to the next one
16:41:54.585 [ERROR] i.g.c.a.b.SessionHookBuilder$$anon$1 - 'hook-114' crashed with 'j.l.IllegalArgumentException: bound must be positive', forwarding to the next one
16:41:54.585 [ERROR] i.g.h.a.HttpRequestAction - 'httpRequest-113' failed to execute: No attribute named 'opdPatientId' is defined
16:41:54.585 [ERROR] i.g.h.a.HttpRequestAction - 'httpRequest-112' failed to execute: No attribute named 'opdPatientId' is defined
16:41:54.590 [ERROR] i.g.c.a.b.SessionHookBuilder$$anon$1 - 'hook-119' crashed with 'j.u.NoSuchElementException: No attribute named 'patientUUIDs' is defined', forwarding to the next one
16:41:54.590 [ERROR] i.g.c.s.LoopBlock$ - Condition evaluation crashed with message 'No attribute named 'opdPatients' is defined', exiting loop
16:41:54.590 [ERROR] i.g.c.a.b.SessionHookBuilder$$anon$1 - 'hook-115' crashed with 'j.u.NoSuchElementException: No attribute named 'patientUUIDs' is defined', forwarding to the next one
16:41:54.590 [ERROR] i.g.c.a.b.SessionHookBuilder$$anon$1 - 'hook-114' crashed with 'j.l.IllegalArgumentException: bound must be positive', forwarding to the next one
16:41:54.590 [ERROR] i.g.h.a.HttpRequestAction - 'httpRequest-113' failed to execute: No attribute named 'opdPatientId' is defined
16:41:54.590 [ERROR] i.g.h.a.HttpRequestAction - 'httpRequest-112' failed to execute: No attribute named 'opdPatientId' is defined
16:41:54.631 [ERROR] i.g.c.a.b.SessionHookBuilder$$anon$1 - 'hook-119' crashed with 'j.u.NoSuchElementException: No attribute named 'patientUUIDs' is defined', forwarding to the next one
16:41:54.632 [ERROR] i.g.c.s.LoopBlock$ - Condition evaluation crashed with message 'No attribute named 'opdPatients' is defined', exiting loop
16:41:54.632 [ERROR] i.g.c.a.b.SessionHookBuilder$$anon$1 - 'hook-119' crashed with 'j.u.NoSuchElementException: No attribute named 'patientUUIDs' is defined', forwarding to the next one
16:41:54.632 [ERROR] i.g.c.a.b.SessionHookBuilder$$anon$1 - 'hook-115' crashed with 'j.u.NoSuchElementException: No attribute named 'patientUUIDs' is defined', forwarding to the next one
16:41:54.632 [ERROR] i.g.c.s.LoopBlock$ - Condition evaluation crashed with message 'No attribute named 'opdPatients' is defined', exiting loop
16:41:54.632 [ERROR] i.g.c.a.b.SessionHookBuilder$$anon$1 - 'hook-114' crashed with 'j.l.IllegalArgumentException: bound must be positive', forwarding to the next one
16:41:54.632 [ERROR] i.g.c.a.b.SessionHookBuilder$$anon$1 - 'hook-115' crashed with 'j.u.NoSuchElementException: No attribute named 'patientUUIDs' is defined', forwarding to the next one
16:41:54.633 [ERROR] i.g.h.a.HttpRequestAction - 'httpRequest-113' failed to execute: No attribute named 'opdPatientId' is defined
16:41:54.633 [ERROR] i.g.c.a.b.SessionHookBuilder$$anon$1 - 'hook-119' crashed with 'j.u.NoSuchElementException: No attribute named 'patientUUIDs' is defined', forwarding to the next one
16:41:54.633 [ERROR] i.g.c.a.b.SessionHookBuilder$$anon$1 - 'hook-114' crashed with 'j.l.IllegalArgumentException: bound must be positive', forwarding to the next one
16:41:54.633 [ERROR] i.g.c.s.LoopBlock$ - Condition evaluation crashed with message 'No attribute named 'opdPatients' is defined', exiting loop
16:41:54.633 [ERROR] i.g.h.a.HttpRequestAction - 'httpRequest-112' failed to execute: No attribute named 'opdPatientId' is defined
16:41:54.633 [ERROR] i.g.h.a.HttpRequestAction - 'httpRequest-113' failed to execute: No attribute named 'opdPatientId' is defined
16:41:54.633 [ERROR] i.g.c.a.b.SessionHookBuilder$$anon$1 - 'hook-115' crashed with 'j.u.NoSuchElementException: No attribute named 'patientUUIDs' is defined', forwarding to the next one
16:41:54.633 [ERROR] i.g.h.a.HttpRequestAction - 'httpRequest-112' failed to execute: No attribute named 'opdPatientId' is defined
16:41:54.633 [ERROR] i.g.c.a.b.SessionHookBuilder$$anon$1 - 'hook-114' crashed with 'j.l.IllegalArgumentException: bound must be positive', forwarding to the next one
16:41:54.633 [ERROR] i.g.h.a.HttpRequestAction - 'httpRequest-113' failed to execute: No attribute named 'opdPatientId' is defined
16:41:54.633 [ERROR] i.g.h.a.HttpRequestAction - 'httpRequest-112' failed to execute: No attribute named 'opdPatientId' is defined
16:41:54.666 [ERROR] i.g.h.a.HttpRequestAction - 'httpRequest-5' failed to execute: No attribute named 'p_uuID' is defined
16:41:54.666 [ERROR] i.g.h.a.HttpRequestAction - 'httpRequest-4' failed to execute: No attribute named 'p_uuID' is defined
16:41:54.671 [ERROR] i.g.c.a.b.SessionHookBuilder$$anon$1 - 'hook-119' crashed with 'j.u.NoSuchElementException: No attribute named 'patientUUIDs' is defined', forwarding to the next one
16:41:54.671 [ERROR] i.g.c.s.LoopBlock$ - Condition evaluation crashed with message 'No attribute named 'opdPatients' is defined', exiting loop
16:41:54.671 [ERROR] i.g.c.a.b.SessionHookBuilder$$anon$1 - 'hook-115' crashed with 'j.u.NoSuchElementException: No attribute named 'patientUUIDs' is defined', forwarding to the next one
16:41:54.671 [ERROR] i.g.c.a.b.SessionHookBuilder$$anon$1 - 'hook-114' crashed with 'j.l.IllegalArgumentException: bound must be positive', forwarding to the next one
16:41:54.672 [ERROR] i.g.h.a.HttpRequestAction - 'httpRequest-113' failed to execute: No attribute named 'opdPatientId' is defined
16:41:54.672 [ERROR] i.g.h.a.HttpRequestAction - 'httpRequest-112' failed to execute: No attribute named 'opdPatientId' is defined
16:41:54.804 [ERROR] i.g.h.a.HttpRequestAction - 'httpRequest-5' failed to execute: No attribute named 'p_uuID' is defined
16:41:54.805 [ERROR] i.g.h.a.HttpRequestAction - 'httpRequest-4' failed to execute: No attribute named 'p_uuID' is defined
16:41:54.902 [ERROR] i.g.h.a.HttpRequestAction - 'httpRequest-110' failed to execute: No attribute named 'opdPatientId' is defined
16:41:54.902 [ERROR] i.g.h.a.HttpRequestAction - 'httpRequest-109' failed to execute: No attribute named 'locationUuid' is defined
16:41:54.943 [ERROR] i.g.h.a.HttpRequestAction - 'httpRequest-110' failed to execute: No attribute named 'opdPatientId' is defined
16:41:54.944 [ERROR] i.g.h.a.HttpRequestAction - 'httpRequest-109' failed to execute: No attribute named 'locationUuid' is defined
16:41:54.951 [ERROR] i.g.h.a.HttpRequestAction - 'httpRequest-110' failed to execute: No attribute named 'opdPatientId' is defined
16:41:54.953 [ERROR] i.g.h.a.HttpRequestAction - 'httpRequest-109' failed to execute: No attribute named 'locationUuid' is defined
16:41:54.956 [ERROR] i.g.c.a.b.SessionHookBuilder$$anon$1 - 'hook-119' crashed with 'j.u.NoSuchElementException: No attribute named 'patientUUIDs' is defined', forwarding to the next one
16:41:54.956 [ERROR] i.g.c.s.LoopBlock$ - Condition evaluation crashed with message 'No attribute named 'opdPatients' is defined', exiting loop
16:41:54.956 [ERROR] i.g.c.a.b.SessionHookBuilder$$anon$1 - 'hook-115' crashed with 'j.u.NoSuchElementException: No attribute named 'patientUUIDs' is defined', forwarding to the next one
16:41:54.956 [ERROR] i.g.c.a.b.SessionHookBuilder$$anon$1 - 'hook-114' crashed with 'j.l.IllegalArgumentException: bound must be positive', forwarding to the next one
16:41:54.956 [ERROR] i.g.h.a.HttpRequestAction - 'httpRequest-113' failed to execute: No attribute named 'opdPatientId' is defined
16:41:54.957 [ERROR] i.g.h.a.HttpRequestAction - 'httpRequest-112' failed to execute: No attribute named 'opdPatientId' is defined
16:41:55.003 [ERROR] i.g.c.a.b.SessionHookBuilder$$anon$1 - 'hook-119' crashed with 'j.u.NoSuchElementException: No attribute named 'patientUUIDs' is defined', forwarding to the next one
16:41:55.004 [ERROR] i.g.c.s.LoopBlock$ - Condition evaluation crashed with message 'No attribute named 'opdPatients' is defined', exiting loop
16:41:55.004 [ERROR] i.g.c.a.b.SessionHookBuilder$$anon$1 - 'hook-115' crashed with 'j.u.NoSuchElementException: No attribute named 'patientUUIDs' is defined', forwarding to the next one
16:41:55.004 [ERROR] i.g.c.a.b.SessionHookBuilder$$anon$1 - 'hook-114' crashed with 'j.l.IllegalArgumentException: bound must be positive', forwarding to the next one
16:41:55.005 [ERROR] i.g.h.a.HttpRequestAction - 'httpRequest-113' failed to execute: No attribute named 'opdPatientId' is defined
16:41:55.005 [ERROR] i.g.h.a.HttpRequestAction - 'httpRequest-112' failed to execute: No attribute named 'opdPatientId' is defined
16:41:55.007 [ERROR] i.g.h.a.HttpRequestAction - 'httpRequest-110' failed to execute: No attribute named 'opdPatientId' is defined
16:41:55.007 [ERROR] i.g.h.a.HttpRequestAction - 'httpRequest-109' failed to execute: No attribute named 'locationUuid' is defined
16:41:55.009 [ERROR] i.g.h.a.HttpRequestAction - 'httpRequest-21' failed to execute: No attribute named 'pt_uuID' is defined
16:41:55.009 [ERROR] i.g.h.a.HttpRequestAction - 'httpRequest-20' failed to execute: No attribute named 'pt_uuID' is defined
16:41:55.058 [ERROR] i.g.h.a.HttpRequestAction - 'httpRequest-110' failed to execute: No attribute named 'opdPatientId' is defined
16:41:55.058 [ERROR] i.g.h.a.HttpRequestAction - 'httpRequest-109' failed to execute: No attribute named 'locationUuid' is defined
16:41:55.058 [ERROR] i.g.h.a.HttpRequestAction - 'httpRequest-110' failed to execute: No attribute named 'opdPatientId' is defined
16:41:55.059 [ERROR] i.g.h.a.HttpRequestAction - 'httpRequest-109' failed to execute: No attribute named 'locationUuid' is defined
16:41:55.121 [ERROR] i.g.c.a.b.SessionHookBuilder$$anon$1 - 'hook-119' crashed with 'j.u.NoSuchElementException: No attribute named 'patientUUIDs' is defined', forwarding to the next one
16:41:55.122 [ERROR] i.g.c.s.LoopBlock$ - Condition evaluation crashed with message 'No attribute named 'opdPatients' is defined', exiting loop
16:41:55.122 [ERROR] i.g.c.a.b.SessionHookBuilder$$anon$1 - 'hook-115' crashed with 'j.u.NoSuchElementException: No attribute named 'patientUUIDs' is defined', forwarding to the next one
16:41:55.122 [ERROR] i.g.c.a.b.SessionHookBuilder$$anon$1 - 'hook-114' crashed with 'j.l.IllegalArgumentException: bound must be positive', forwarding to the next one
16:41:55.122 [ERROR] i.g.h.a.HttpRequestAction - 'httpRequest-113' failed to execute: No attribute named 'opdPatientId' is defined
16:41:55.123 [ERROR] i.g.h.a.HttpRequestAction - 'httpRequest-112' failed to execute: No attribute named 'opdPatientId' is defined
16:41:55.199 [ERROR] i.g.h.a.HttpRequestAction - 'httpRequest-110' failed to execute: No attribute named 'opdPatientId' is defined
16:41:55.200 [ERROR] i.g.h.a.HttpRequestAction - 'httpRequest-109' failed to execute: No attribute named 'locationUuid' is defined
16:41:55.213 [ERROR] i.g.h.a.HttpRequestAction - 'httpRequest-110' failed to execute: No attribute named 'opdPatientId' is defined
16:41:55.213 [ERROR] i.g.h.a.HttpRequestAction - 'httpRequest-109' failed to execute: No attribute named 'locationUuid' is defined
16:41:55.342 [ERROR] i.g.h.a.HttpRequestAction - 'httpRequest-110' failed to execute: No attribute named 'opdPatientId' is defined
16:41:55.342 [ERROR] i.g.h.a.HttpRequestAction - 'httpRequest-109' failed to execute: No attribute named 'locationUuid' is defined
16:41:55.449 [ERROR] i.g.h.a.HttpRequestAction - 'httpRequest-110' failed to execute: No attribute named 'opdPatientId' is defined
16:41:55.452 [ERROR] i.g.h.a.HttpRequestAction - 'httpRequest-109' failed to execute: No attribute named 'locationUuid' is defined
16:41:55.528 [ERROR] i.g.h.a.HttpRequestAction - 'httpRequest-110' failed to execute: No attribute named 'opdPatientId' is defined
16:41:55.530 [ERROR] i.g.h.a.HttpRequestAction - 'httpRequest-109' failed to execute: No attribute named 'locationUuid' is defined
16:41:55.532 [ERROR] i.g.h.a.HttpRequestAction - 'httpRequest-110' failed to execute: No attribute named 'opdPatientId' is defined
16:41:55.533 [ERROR] i.g.h.a.HttpRequestAction - 'httpRequest-109' failed to execute: No attribute named 'locationUuid' is defined
16:41:55.537 [ERROR] i.g.h.a.HttpRequestAction - 'httpRequest-110' failed to execute: No attribute named 'opdPatientId' is defined
16:41:55.538 [ERROR] i.g.h.a.HttpRequestAction - 'httpRequest-109' failed to execute: No attribute named 'locationUuid' is defined
16:41:55.609 [ERROR] i.g.h.a.HttpRequestAction - 'httpRequest-110' failed to execute: No attribute named 'opdPatientId' is defined
16:41:55.609 [ERROR] i.g.h.a.HttpRequestAction - 'httpRequest-109' failed to execute: No attribute named 'locationUuid' is defined
16:41:56.303 [ERROR] i.g.h.a.HttpRequestAction - 'httpRequest-110' failed to execute: No attribute named 'opdPatientId' is defined
16:41:56.304 [ERROR] i.g.h.a.HttpRequestAction - 'httpRequest-109' failed to execute: No attribute named 'locationUuid' is defined
16:41:57.867 [ERROR] i.g.h.a.HttpRequestAction - 'httpRequest-62' failed to execute: No attribute named 'pt_uuID' is defined
16:41:57.871 [ERROR] i.g.h.a.HttpRequestAction - 'httpRequest-60' failed to execute: No attribute named 'pt_uuID' is defined
16:41:57.872 [ERROR] i.g.h.a.HttpRequestAction - 'httpRequest-59' failed to execute: No attribute named 'pt_uuID' is defined
16:41:58.295 [ERROR] i.g.h.a.HttpRequestAction - 'httpRequest-62' failed to execute: No attribute named 'pt_uuID' is defined
16:41:58.296 [ERROR] i.g.h.a.HttpRequestAction - 'httpRequest-60' failed to execute: No attribute named 'pt_uuID' is defined
16:41:58.296 [ERROR] i.g.h.a.HttpRequestAction - 'httpRequest-59' failed to execute: No attribute named 'pt_uuID' is defined
16:42:01.558 [ERROR] i.g.h.a.HttpRequestAction - 'httpRequest-100' failed to execute: No attribute named 'opdPatientId' is defined
16:42:01.560 [ERROR] i.g.h.a.HttpRequestAction - 'httpRequest-98' failed to execute: No attribute named 'opdPatientId' is defined
16:42:01.560 [ERROR] i.g.h.a.HttpRequestAction - 'httpRequest-97' failed to execute: No attribute named 'opdPatientId' is defined
16:42:02.102 [ERROR] i.g.h.a.HttpRequestAction - 'httpRequest-100' failed to execute: No attribute named 'opdPatientId' is defined
16:42:02.106 [ERROR] i.g.h.a.HttpRequestAction - 'httpRequest-98' failed to execute: No attribute named 'opdPatientId' is defined
16:42:02.107 [ERROR] i.g.h.a.HttpRequestAction - 'httpRequest-97' failed to execute: No attribute named 'opdPatientId' is defined
16:42:02.712 [ERROR] i.g.h.a.HttpRequestAction - 'httpRequest-100' failed to execute: No attribute named 'opdPatientId' is defined
16:42:02.712 [ERROR] i.g.h.a.HttpRequestAction - 'httpRequest-91' failed to execute: No attribute named 'opdPatientId' is defined
16:42:02.713 [ERROR] i.g.h.a.HttpRequestAction - 'httpRequest-98' failed to execute: No attribute named 'opdPatientId' is defined
16:42:02.713 [ERROR] i.g.h.a.HttpRequestAction - 'httpRequest-97' failed to execute: No attribute named 'opdPatientId' is defined
16:42:02.713 [ERROR] i.g.h.a.HttpRequestAction - 'httpRequest-90' failed to execute: No attribute named 'opdPatientId' is defined
16:42:02.794 [ERROR] i.g.h.a.HttpRequestAction - 'httpRequest-88' failed to execute: No attribute named 'opdVisitId' is defined
16:42:03.174 [ERROR] i.g.h.a.HttpRequestAction - 'httpRequest-100' failed to execute: No attribute named 'opdPatientId' is defined
16:42:03.177 [ERROR] i.g.h.a.HttpRequestAction - 'httpRequest-98' failed to execute: No attribute named 'opdPatientId' is defined
16:42:03.178 [ERROR] i.g.h.a.HttpRequestAction - 'httpRequest-97' failed to execute: No attribute named 'opdPatientId' is defined
16:42:03.292 [ERROR] i.g.h.a.HttpRequestAction - 'httpRequest-100' failed to execute: No attribute named 'opdPatientId' is defined
16:42:03.293 [ERROR] i.g.h.a.HttpRequestAction - 'httpRequest-98' failed to execute: No attribute named 'opdPatientId' is defined
16:42:03.293 [ERROR] i.g.h.a.HttpRequestAction - 'httpRequest-97' failed to execute: No attribute named 'opdPatientId' is defined
16:42:03.940 [ERROR] i.g.h.a.HttpRequestAction - 'httpRequest-91' failed to execute: No attribute named 'opdPatientId' is defined
16:42:03.943 [ERROR] i.g.h.a.HttpRequestAction - 'httpRequest-90' failed to execute: No attribute named 'opdPatientId' is defined
16:42:04.102 [ERROR] i.g.h.a.HttpRequestAction - 'httpRequest-100' failed to execute: No attribute named 'opdPatientId' is defined
16:42:04.103 [ERROR] i.g.h.a.HttpRequestAction - 'httpRequest-98' failed to execute: No attribute named 'opdPatientId' is defined
16:42:04.103 [ERROR] i.g.h.a.HttpRequestAction - 'httpRequest-97' failed to execute: No attribute named 'opdPatientId' is defined
16:42:04.173 [ERROR] i.g.h.a.HttpRequestAction - 'httpRequest-88' failed to execute: No attribute named 'opdVisitId' is defined
16:42:04.947 [ERROR] i.g.h.a.HttpRequestAction - 'httpRequest-91' failed to execute: No attribute named 'opdPatientId' is defined
16:42:04.947 [ERROR] i.g.h.a.HttpRequestAction - 'httpRequest-90' failed to execute: No attribute named 'opdPatientId' is defined
16:42:05.080 [ERROR] i.g.h.a.HttpRequestAction - 'httpRequest-88' failed to execute: No attribute named 'opdVisitId' is defined
16:42:05.286 [ERROR] i.g.h.a.HttpRequestAction - 'httpRequest-91' failed to execute: No attribute named 'opdPatientId' is defined
16:42:05.288 [ERROR] i.g.h.a.HttpRequestAction - 'httpRequest-90' failed to execute: No attribute named 'opdPatientId' is defined
16:42:05.479 [ERROR] i.g.h.a.HttpRequestAction - 'httpRequest-88' failed to execute: No attribute named 'opdVisitId' is defined
16:42:05.703 [ERROR] i.g.h.a.HttpRequestAction - 'httpRequest-91' failed to execute: No attribute named 'opdPatientId' is defined
16:42:05.703 [ERROR] i.g.h.a.HttpRequestAction - 'httpRequest-90' failed to execute: No attribute named 'opdPatientId' is defined
16:42:05.799 [ERROR] i.g.h.a.HttpRequestAction - 'httpRequest-91' failed to execute: No attribute named 'opdPatientId' is defined
16:42:05.799 [ERROR] i.g.h.a.HttpRequestAction - 'httpRequest-90' failed to execute: No attribute named 'opdPatientId' is defined
16:42:05.875 [ERROR] i.g.h.a.HttpRequestAction - 'httpRequest-88' failed to execute: No attribute named 'opdVisitId' is defined
16:42:06.099 [ERROR] i.g.h.a.HttpRequestAction - 'httpRequest-88' failed to execute: No attribute named 'opdVisitId' is defined
16:42:06.383 [ERROR] i.g.h.a.HttpRequestAction - 'httpRequest-100' failed to execute: No attribute named 'opdPatientId' is defined
16:42:06.384 [ERROR] i.g.h.a.HttpRequestAction - 'httpRequest-98' failed to execute: No attribute named 'opdPatientId' is defined
16:42:06.384 [ERROR] i.g.h.a.HttpRequestAction - 'httpRequest-97' failed to execute: No attribute named 'opdPatientId' is defined
16:42:06.776 [ERROR] i.g.h.a.HttpRequestAction - 'httpRequest-100' failed to execute: No attribute named 'opdPatientId' is defined
16:42:06.776 [ERROR] i.g.h.a.HttpRequestAction - 'httpRequest-98' failed to execute: No attribute named 'opdPatientId' is defined
16:42:06.776 [ERROR] i.g.h.a.HttpRequestAction - 'httpRequest-97' failed to execute: No attribute named 'opdPatientId' is defined
16:42:06.834 [ERROR] i.g.h.a.HttpRequestAction - 'httpRequest-100' failed to execute: No attribute named 'opdPatientId' is defined
16:42:06.834 [ERROR] i.g.h.a.HttpRequestAction - 'httpRequest-98' failed to execute: No attribute named 'opdPatientId' is defined
16:42:06.834 [ERROR] i.g.h.a.HttpRequestAction - 'httpRequest-97' failed to execute: No attribute named 'opdPatientId' is defined
16:42:06.849 [ERROR] i.g.h.a.HttpRequestAction - 'httpRequest-100' failed to execute: No attribute named 'opdPatientId' is defined
16:42:06.849 [ERROR] i.g.h.a.HttpRequestAction - 'httpRequest-98' failed to execute: No attribute named 'opdPatientId' is defined
16:42:06.849 [ERROR] i.g.h.a.HttpRequestAction - 'httpRequest-97' failed to execute: No attribute named 'opdPatientId' is defined
16:42:06.850 [ERROR] i.g.h.a.HttpRequestAction - 'httpRequest-100' failed to execute: No attribute named 'opdPatientId' is defined
16:42:06.850 [ERROR] i.g.h.a.HttpRequestAction - 'httpRequest-98' failed to execute: No attribute named 'opdPatientId' is defined
16:42:06.850 [ERROR] i.g.h.a.HttpRequestAction - 'httpRequest-97' failed to execute: No attribute named 'opdPatientId' is defined
16:42:06.850 [ERROR] i.g.h.a.HttpRequestAction - 'httpRequest-100' failed to execute: No attribute named 'opdPatientId' is defined
16:42:06.850 [ERROR] i.g.h.a.HttpRequestAction - 'httpRequest-98' failed to execute: No attribute named 'opdPatientId' is defined
16:42:06.850 [ERROR] i.g.h.a.HttpRequestAction - 'httpRequest-97' failed to execute: No attribute named 'opdPatientId' is defined
16:42:06.860 [ERROR] i.g.h.a.HttpRequestAction - 'httpRequest-100' failed to execute: No attribute named 'opdPatientId' is defined
16:42:06.861 [ERROR] i.g.h.a.HttpRequestAction - 'httpRequest-98' failed to execute: No attribute named 'opdPatientId' is defined
16:42:06.861 [ERROR] i.g.h.a.HttpRequestAction - 'httpRequest-97' failed to execute: No attribute named 'opdPatientId' is defined
16:42:06.891 [ERROR] i.g.h.a.HttpRequestAction - 'httpRequest-100' failed to execute: No attribute named 'opdPatientId' is defined
16:42:06.891 [ERROR] i.g.h.a.HttpRequestAction - 'httpRequest-98' failed to execute: No attribute named 'opdPatientId' is defined
16:42:06.891 [ERROR] i.g.h.a.HttpRequestAction - 'httpRequest-97' failed to execute: No attribute named 'opdPatientId' is defined
16:42:06.926 [ERROR] i.g.h.a.HttpRequestAction - 'httpRequest-100' failed to execute: No attribute named 'opdPatientId' is defined
16:42:06.926 [ERROR] i.g.h.a.HttpRequestAction - 'httpRequest-98' failed to execute: No attribute named 'opdPatientId' is defined
16:42:06.926 [ERROR] i.g.h.a.HttpRequestAction - 'httpRequest-97' failed to execute: No attribute named 'opdPatientId' is defined
16:42:06.931 [ERROR] i.g.h.a.HttpRequestAction - 'httpRequest-100' failed to execute: No attribute named 'opdPatientId' is defined
16:42:06.931 [ERROR] i.g.h.a.HttpRequestAction - 'httpRequest-98' failed to execute: No attribute named 'opdPatientId' is defined
16:42:06.931 [ERROR] i.g.h.a.HttpRequestAction - 'httpRequest-97' failed to execute: No attribute named 'opdPatientId' is defined
16:42:07.008 [ERROR] i.g.h.a.HttpRequestAction - 'httpRequest-100' failed to execute: No attribute named 'opdPatientId' is defined
16:42:07.010 [ERROR] i.g.h.a.HttpRequestAction - 'httpRequest-98' failed to execute: No attribute named 'opdPatientId' is defined
16:42:07.010 [ERROR] i.g.h.a.HttpRequestAction - 'httpRequest-97' failed to execute: No attribute named 'opdPatientId' is defined
16:42:07.064 [ERROR] i.g.h.a.HttpRequestAction - 'httpRequest-100' failed to execute: No attribute named 'opdPatientId' is defined
16:42:07.065 [ERROR] i.g.h.a.HttpRequestAction - 'httpRequest-98' failed to execute: No attribute named 'opdPatientId' is defined
16:42:07.066 [ERROR] i.g.h.a.HttpRequestAction - 'httpRequest-97' failed to execute: No attribute named 'opdPatientId' is defined
16:42:07.115 [ERROR] i.g.h.a.HttpRequestAction - 'httpRequest-100' failed to execute: No attribute named 'opdPatientId' is defined
16:42:07.116 [ERROR] i.g.h.a.HttpRequestAction - 'httpRequest-98' failed to execute: No attribute named 'opdPatientId' is defined
16:42:07.116 [ERROR] i.g.h.a.HttpRequestAction - 'httpRequest-97' failed to execute: No attribute named 'opdPatientId' is defined
16:42:07.126 [ERROR] i.g.h.a.HttpRequestAction - 'httpRequest-100' failed to execute: No attribute named 'opdPatientId' is defined
16:42:07.128 [ERROR] i.g.h.a.HttpRequestAction - 'httpRequest-98' failed to execute: No attribute named 'opdPatientId' is defined
16:42:07.130 [ERROR] i.g.h.a.HttpRequestAction - 'httpRequest-97' failed to execute: No attribute named 'opdPatientId' is defined
16:42:08.630 [ERROR] i.g.h.a.HttpRequestAction - 'httpRequest-91' failed to execute: No attribute named 'opdPatientId' is defined
16:42:08.630 [ERROR] i.g.h.a.HttpRequestAction - 'httpRequest-90' failed to execute: No attribute named 'opdPatientId' is defined
16:42:08.657 [ERROR] i.g.h.a.HttpRequestAction - 'httpRequest-91' failed to execute: No attribute named 'opdPatientId' is defined
16:42:08.657 [ERROR] i.g.h.a.HttpRequestAction - 'httpRequest-90' failed to execute: No attribute named 'opdPatientId' is defined
16:42:08.732 [ERROR] i.g.h.a.HttpRequestAction - 'httpRequest-88' failed to execute: No attribute named 'opdVisitId' is defined
16:42:08.744 [ERROR] i.g.h.a.HttpRequestAction - 'httpRequest-88' failed to execute: No attribute named 'opdVisitId' is defined
16:42:08.861 [ERROR] i.g.h.a.HttpRequestAction - 'httpRequest-91' failed to execute: No attribute named 'opdPatientId' is defined
16:42:08.861 [ERROR] i.g.h.a.HttpRequestAction - 'httpRequest-90' failed to execute: No attribute named 'opdPatientId' is defined
16:42:08.887 [ERROR] i.g.h.a.HttpRequestAction - 'httpRequest-91' failed to execute: No attribute named 'opdPatientId' is defined
16:42:08.887 [ERROR] i.g.h.a.HttpRequestAction - 'httpRequest-91' failed to execute: No attribute named 'opdPatientId' is defined
16:42:08.887 [ERROR] i.g.h.a.HttpRequestAction - 'httpRequest-90' failed to execute: No attribute named 'opdPatientId' is defined
16:42:08.887 [ERROR] i.g.h.a.HttpRequestAction - 'httpRequest-90' failed to execute: No attribute named 'opdPatientId' is defined
16:42:08.916 [ERROR] i.g.h.a.HttpRequestAction - 'httpRequest-91' failed to execute: No attribute named 'opdPatientId' is defined
16:42:08.917 [ERROR] i.g.h.a.HttpRequestAction - 'httpRequest-90' failed to execute: No attribute named 'opdPatientId' is defined
16:42:08.938 [ERROR] i.g.h.a.HttpRequestAction - 'httpRequest-91' failed to execute: No attribute named 'opdPatientId' is defined
16:42:08.938 [ERROR] i.g.h.a.HttpRequestAction - 'httpRequest-90' failed to execute: No attribute named 'opdPatientId' is defined
16:42:08.955 [ERROR] i.g.h.a.HttpRequestAction - 'httpRequest-91' failed to execute: No attribute named 'opdPatientId' is defined
16:42:08.955 [ERROR] i.g.h.a.HttpRequestAction - 'httpRequest-90' failed to execute: No attribute named 'opdPatientId' is defined
16:42:09.022 [ERROR] i.g.h.a.HttpRequestAction - 'httpRequest-88' failed to execute: No attribute named 'opdVisitId' is defined
16:42:09.030 [ERROR] i.g.h.a.HttpRequestAction - 'httpRequest-88' failed to execute: No attribute named 'opdVisitId' is defined
16:42:09.081 [ERROR] i.g.h.a.HttpRequestAction - 'httpRequest-88' failed to execute: No attribute named 'opdVisitId' is defined
16:42:09.083 [ERROR] i.g.h.a.HttpRequestAction - 'httpRequest-88' failed to execute: No attribute named 'opdVisitId' is defined
16:42:09.092 [ERROR] i.g.h.a.HttpRequestAction - 'httpRequest-88' failed to execute: No attribute named 'opdVisitId' is defined
16:42:09.128 [ERROR] i.g.h.a.HttpRequestAction - 'httpRequest-91' failed to execute: No attribute named 'opdPatientId' is defined
16:42:09.128 [ERROR] i.g.h.a.HttpRequestAction - 'httpRequest-90' failed to execute: No attribute named 'opdPatientId' is defined
16:42:09.141 [ERROR] i.g.h.a.HttpRequestAction - 'httpRequest-88' failed to execute: No attribute named 'opdVisitId' is defined
16:42:09.179 [ERROR] i.g.h.a.HttpRequestAction - 'httpRequest-88' failed to execute: No attribute named 'opdVisitId' is defined
16:42:09.436 [ERROR] i.g.h.a.HttpRequestAction - 'httpRequest-91' failed to execute: No attribute named 'opdPatientId' is defined
16:42:09.437 [ERROR] i.g.h.a.HttpRequestAction - 'httpRequest-90' failed to execute: No attribute named 'opdPatientId' is defined
16:42:09.463 [ERROR] i.g.h.a.HttpRequestAction - 'httpRequest-91' failed to execute: No attribute named 'opdPatientId' is defined
16:42:09.463 [ERROR] i.g.h.a.HttpRequestAction - 'httpRequest-90' failed to execute: No attribute named 'opdPatientId' is defined
16:42:09.495 [ERROR] i.g.h.a.HttpRequestAction - 'httpRequest-91' failed to execute: No attribute named 'opdPatientId' is defined
16:42:09.496 [ERROR] i.g.h.a.HttpRequestAction - 'httpRequest-90' failed to execute: No attribute named 'opdPatientId' is defined
16:42:09.506 [ERROR] i.g.h.a.HttpRequestAction - 'httpRequest-88' failed to execute: No attribute named 'opdVisitId' is defined
16:42:09.584 [ERROR] i.g.h.a.HttpRequestAction - 'httpRequest-88' failed to execute: No attribute named 'opdVisitId' is defined
16:42:09.586 [ERROR] i.g.h.a.HttpRequestAction - 'httpRequest-91' failed to execute: No attribute named 'opdPatientId' is defined
16:42:09.587 [ERROR] i.g.h.a.HttpRequestAction - 'httpRequest-90' failed to execute: No attribute named 'opdPatientId' is defined
16:42:09.592 [ERROR] i.g.h.a.HttpRequestAction - 'httpRequest-88' failed to execute: No attribute named 'opdVisitId' is defined
16:42:09.748 [ERROR] i.g.h.a.HttpRequestAction - 'httpRequest-88' failed to execute: No attribute named 'opdVisitId' is defined
16:42:09.847 [ERROR] i.g.h.a.HttpRequestAction - 'httpRequest-91' failed to execute: No attribute named 'opdPatientId' is defined
16:42:09.847 [ERROR] i.g.h.a.HttpRequestAction - 'httpRequest-90' failed to execute: No attribute named 'opdPatientId' is defined
16:42:09.956 [ERROR] i.g.h.a.HttpRequestAction - 'httpRequest-88' failed to execute: No attribute named 'opdVisitId' is defined
16:42:35.959 [ERROR] i.g.h.a.HttpRequestAction - 'httpRequest-5' failed to execute: No attribute named 'p_uuID' is defined
16:42:35.960 [ERROR] i.g.h.a.HttpRequestAction - 'httpRequest-4' failed to execute: No attribute named 'p_uuID' is defined
16:42:40.399 [ERROR] i.g.h.a.HttpRequestAction - 'httpRequest-21' failed to execute: No attribute named 'pt_uuID' is defined
16:42:40.400 [ERROR] i.g.h.a.HttpRequestAction - 'httpRequest-20' failed to execute: No attribute named 'pt_uuID' is defined
16:42:47.104 [ERROR] i.g.h.a.HttpRequestAction - 'httpRequest-5' failed to execute: No attribute named 'p_uuID' is defined
16:42:47.106 [ERROR] i.g.h.a.HttpRequestAction - 'httpRequest-4' failed to execute: No attribute named 'p_uuID' is defined
16:42:56.120 [ERROR] i.g.h.a.HttpRequestAction - 'httpRequest-5' failed to execute: No attribute named 'p_uuID' is defined
16:42:56.122 [ERROR] i.g.h.a.HttpRequestAction - 'httpRequest-4' failed to execute: No attribute named 'p_uuID' is defined
16:42:56.166 [ERROR] i.g.h.a.HttpRequestAction - 'httpRequest-21' failed to execute: No attribute named 'pt_uuID' is defined
16:42:56.166 [ERROR] i.g.h.a.HttpRequestAction - 'httpRequest-20' failed to execute: No attribute named 'pt_uuID' is defined
16:42:56.176 [ERROR] i.g.h.a.HttpRequestAction - 'httpRequest-73' failed to execute: No attribute named 'pt_uuID' is defined
16:42:56.177 [ERROR] i.g.h.a.HttpRequestAction - 'httpRequest-72' failed to execute: No attribute named 'pt_uuID' is defined
16:42:58.081 [ERROR] i.g.h.a.HttpRequestAction - 'httpRequest-62' failed to execute: No attribute named 'pt_uuID' is defined
16:42:58.083 [ERROR] i.g.h.a.HttpRequestAction - 'httpRequest-60' failed to execute: No attribute named 'pt_uuID' is defined
16:42:58.083 [ERROR] i.g.h.a.HttpRequestAction - 'httpRequest-59' failed to execute: No attribute named 'pt_uuID' is defined
16:43:04.316 [ERROR] i.g.h.a.HttpRequestAction - 'httpRequest-5' failed to execute: No attribute named 'p_uuID' is defined
16:43:04.316 [ERROR] i.g.h.a.HttpRequestAction - 'httpRequest-4' failed to execute: No attribute named 'p_uuID' is defined
16:43:09.268 [ERROR] i.g.h.a.HttpRequestAction - 'httpRequest-21' failed to execute: No attribute named 'pt_uuID' is defined
16:43:09.268 [ERROR] i.g.h.a.HttpRequestAction - 'httpRequest-20' failed to execute: No attribute named 'pt_uuID' is defined
16:43:14.256 [ERROR] i.g.h.a.HttpRequestAction - 'httpRequest-5' failed to execute: No attribute named 'p_uuID' is defined
16:43:14.257 [ERROR] i.g.h.a.HttpRequestAction - 'httpRequest-4' failed to execute: No attribute named 'p_uuID' is defined
16:43:24.344 [ERROR] i.g.h.a.HttpRequestAction - 'httpRequest-73' failed to execute: No attribute named 'pt_uuID' is defined
16:43:24.345 [ERROR] i.g.h.a.HttpRequestAction - 'httpRequest-72' failed to execute: No attribute named 'pt_uuID' is defined
16:43:24.414 [ERROR] i.g.h.a.HttpRequestAction - 'httpRequest-21' failed to execute: No attribute named 'pt_uuID' is defined
16:43:24.415 [ERROR] i.g.h.a.HttpRequestAction - 'httpRequest-20' failed to execute: No attribute named 'pt_uuID' is defined
16:43:24.483 [ERROR] i.g.h.a.HttpRequestAction - 'httpRequest-5' failed to execute: No attribute named 'p_uuID' is defined
16:43:24.484 [ERROR] i.g.h.a.HttpRequestAction - 'httpRequest-4' failed to execute: No attribute named 'p_uuID' is defined
16:43:25.488 [ERROR] i.g.h.a.HttpRequestAction - 'httpRequest-62' failed to execute: No attribute named 'pt_uuID' is defined
16:43:25.493 [ERROR] i.g.h.a.HttpRequestAction - 'httpRequest-60' failed to execute: No attribute named 'pt_uuID' is defined
16:43:25.493 [ERROR] i.g.h.a.HttpRequestAction - 'httpRequest-59' failed to execute: No attribute named 'pt_uuID' is defined
16:44:34.230 [ERROR] i.g.h.a.HttpRequestAction - 'httpRequest-5' failed to execute: No attribute named 'p_uuID' is defined
16:44:34.231 [ERROR] i.g.h.a.HttpRequestAction - 'httpRequest-4' failed to execute: No attribute named 'p_uuID' is defined
16:44:39.219 [ERROR] i.g.h.a.HttpRequestAction - 'httpRequest-21' failed to execute: No attribute named 'pt_uuID' is defined
16:44:39.220 [ERROR] i.g.h.a.HttpRequestAction - 'httpRequest-20' failed to execute: No attribute named 'pt_uuID' is defined
16:44:44.248 [ERROR] i.g.h.a.HttpRequestAction - 'httpRequest-5' failed to execute: No attribute named 'p_uuID' is defined
16:44:44.250 [ERROR] i.g.h.a.HttpRequestAction - 'httpRequest-4' failed to execute: No attribute named 'p_uuID' is defined
16:44:54.274 [ERROR] i.g.h.a.HttpRequestAction - 'httpRequest-5' failed to execute: No attribute named 'p_uuID' is defined
16:44:54.275 [ERROR] i.g.h.a.HttpRequestAction - 'httpRequest-4' failed to execute: No attribute named 'p_uuID' is defined
16:44:54.293 [ERROR] i.g.h.a.HttpRequestAction - 'httpRequest-73' failed to execute: No attribute named 'pt_uuID' is defined
16:44:54.293 [ERROR] i.g.h.a.HttpRequestAction - 'httpRequest-72' failed to execute: No attribute named 'pt_uuID' is defined
16:44:54.297 [ERROR] i.g.h.a.HttpRequestAction - 'httpRequest-21' failed to execute: No attribute named 'pt_uuID' is defined
16:44:54.298 [ERROR] i.g.h.a.HttpRequestAction - 'httpRequest-20' failed to execute: No attribute named 'pt_uuID' is defined
16:44:56.789 [ERROR] i.g.h.a.HttpRequestAction - 'httpRequest-62' failed to execute: No attribute named 'pt_uuID' is defined
16:44:56.791 [ERROR] i.g.h.a.HttpRequestAction - 'httpRequest-60' failed to execute: No attribute named 'pt_uuID' is defined
16:44:56.792 [ERROR] i.g.h.a.HttpRequestAction - 'httpRequest-59' failed to execute: No attribute named 'pt_uuID' is defined
16:45:04.214 [ERROR] i.g.h.a.HttpRequestAction - 'httpRequest-5' failed to execute: No attribute named 'p_uuID' is defined
16:45:04.215 [ERROR] i.g.h.a.HttpRequestAction - 'httpRequest-4' failed to execute: No attribute named 'p_uuID' is defined
16:45:09.165 [ERROR] i.g.h.a.HttpRequestAction - 'httpRequest-21' failed to execute: No attribute named 'pt_uuID' is defined
16:45:09.166 [ERROR] i.g.h.a.HttpRequestAction - 'httpRequest-20' failed to execute: No attribute named 'pt_uuID' is defined
16:45:14.231 [ERROR] i.g.h.a.HttpRequestAction - 'httpRequest-5' failed to execute: No attribute named 'p_uuID' is defined
16:45:14.233 [ERROR] i.g.h.a.HttpRequestAction - 'httpRequest-4' failed to execute: No attribute named 'p_uuID' is defined
16:45:24.302 [ERROR] i.g.h.a.HttpRequestAction - 'httpRequest-73' failed to execute: No attribute named 'pt_uuID' is defined
16:45:24.303 [ERROR] i.g.h.a.HttpRequestAction - 'httpRequest-72' failed to execute: No attribute named 'pt_uuID' is defined
16:45:24.308 [ERROR] i.g.h.a.HttpRequestAction - 'httpRequest-21' failed to execute: No attribute named 'pt_uuID' is defined
16:45:24.309 [ERROR] i.g.h.a.HttpRequestAction - 'httpRequest-20' failed to execute: No attribute named 'pt_uuID' is defined
16:45:24.323 [ERROR] i.g.h.a.HttpRequestAction - 'httpRequest-5' failed to execute: No attribute named 'p_uuID' is defined
16:45:24.323 [ERROR] i.g.h.a.HttpRequestAction - 'httpRequest-4' failed to execute: No attribute named 'p_uuID' is defined
16:45:26.396 [ERROR] i.g.h.a.HttpRequestAction - 'httpRequest-62' failed to execute: No attribute named 'pt_uuID' is defined
16:45:26.402 [ERROR] i.g.h.a.HttpRequestAction - 'httpRequest-60' failed to execute: No attribute named 'pt_uuID' is defined
16:45:26.403 [ERROR] i.g.h.a.HttpRequestAction - 'httpRequest-59' failed to execute: No attribute named 'pt_uuID' is defined
16:46:34.233 [ERROR] i.g.h.a.HttpRequestAction - 'httpRequest-5' failed to execute: No attribute named 'p_uuID' is defined
16:46:34.239 [ERROR] i.g.h.a.HttpRequestAction - 'httpRequest-4' failed to execute: No attribute named 'p_uuID' is defined
16:46:39.253 [ERROR] i.g.h.a.HttpRequestAction - 'httpRequest-21' failed to execute: No attribute named 'pt_uuID' is defined
16:46:39.253 [ERROR] i.g.h.a.HttpRequestAction - 'httpRequest-20' failed to execute: No attribute named 'pt_uuID' is defined
16:46:44.350 [ERROR] i.g.h.a.HttpRequestAction - 'httpRequest-5' failed to execute: No attribute named 'p_uuID' is defined
16:46:44.351 [ERROR] i.g.h.a.HttpRequestAction - 'httpRequest-4' failed to execute: No attribute named 'p_uuID' is defined
16:46:54.281 [ERROR] i.g.h.a.HttpRequestAction - 'httpRequest-5' failed to execute: No attribute named 'p_uuID' is defined
16:46:54.283 [ERROR] i.g.h.a.HttpRequestAction - 'httpRequest-4' failed to execute: No attribute named 'p_uuID' is defined
16:46:54.361 [ERROR] i.g.h.a.HttpRequestAction - 'httpRequest-73' failed to execute: No attribute named 'pt_uuID' is defined
16:46:54.361 [ERROR] i.g.h.a.HttpRequestAction - 'httpRequest-72' failed to execute: No attribute named 'pt_uuID' is defined
16:46:54.361 [ERROR] i.g.h.a.HttpRequestAction - 'httpRequest-21' failed to execute: No attribute named 'pt_uuID' is defined
16:46:54.363 [ERROR] i.g.h.a.HttpRequestAction - 'httpRequest-20' failed to execute: No attribute named 'pt_uuID' is defined
16:46:56.855 [ERROR] i.g.h.a.HttpRequestAction - 'httpRequest-62' failed to execute: No attribute named 'pt_uuID' is defined
16:46:56.856 [ERROR] i.g.h.a.HttpRequestAction - 'httpRequest-60' failed to execute: No attribute named 'pt_uuID' is defined
16:46:56.857 [ERROR] i.g.h.a.HttpRequestAction - 'httpRequest-59' failed to execute: No attribute named 'pt_uuID' is defined
16:47:04.271 [ERROR] i.g.h.a.HttpRequestAction - 'httpRequest-5' failed to execute: No attribute named 'p_uuID' is defined
16:47:04.274 [ERROR] i.g.h.a.HttpRequestAction - 'httpRequest-4' failed to execute: No attribute named 'p_uuID' is defined
16:47:09.316 [ERROR] i.g.h.a.HttpRequestAction - 'httpRequest-21' failed to execute: No attribute named 'pt_uuID' is defined
16:47:09.324 [ERROR] i.g.h.a.HttpRequestAction - 'httpRequest-20' failed to execute: No attribute named 'pt_uuID' is defined
16:47:14.331 [ERROR] i.g.h.a.HttpRequestAction - 'httpRequest-5' failed to execute: No attribute named 'p_uuID' is defined
16:47:14.332 [ERROR] i.g.h.a.HttpRequestAction - 'httpRequest-4' failed to execute: No attribute named 'p_uuID' is defined
16:47:24.187 [ERROR] i.g.h.a.HttpRequestAction - 'httpRequest-73' failed to execute: No attribute named 'pt_uuID' is defined
16:47:24.187 [ERROR] i.g.h.a.HttpRequestAction - 'httpRequest-72' failed to execute: No attribute named 'pt_uuID' is defined
16:47:24.196 [ERROR] i.g.h.a.HttpRequestAction - 'httpRequest-5' failed to execute: No attribute named 'p_uuID' is defined
16:47:24.196 [ERROR] i.g.h.a.HttpRequestAction - 'httpRequest-4' failed to execute: No attribute named 'p_uuID' is defined
16:47:24.210 [ERROR] i.g.h.a.HttpRequestAction - 'httpRequest-21' failed to execute: No attribute named 'pt_uuID' is defined
16:47:24.211 [ERROR] i.g.h.a.HttpRequestAction - 'httpRequest-20' failed to execute: No attribute named 'pt_uuID' is defined
16:47:26.596 [ERROR] i.g.h.a.HttpRequestAction - 'httpRequest-62' failed to execute: No attribute named 'pt_uuID' is defined
16:47:26.598 [ERROR] i.g.h.a.HttpRequestAction - 'httpRequest-60' failed to execute: No attribute named 'pt_uuID' is defined
16:47:26.598 [ERROR] i.g.h.a.HttpRequestAction - 'httpRequest-59' failed to execute: No attribute named 'pt_uuID' is defined
16:48:34.141 [ERROR] i.g.h.a.HttpRequestAction - 'httpRequest-5' failed to execute: No attribute named 'p_uuID' is defined
16:48:34.144 [ERROR] i.g.h.a.HttpRequestAction - 'httpRequest-4' failed to execute: No attribute named 'p_uuID' is defined
16:48:39.255 [ERROR] i.g.h.a.HttpRequestAction - 'httpRequest-21' failed to execute: No attribute named 'pt_uuID' is defined
16:48:39.259 [ERROR] i.g.h.a.HttpRequestAction - 'httpRequest-20' failed to execute: No attribute named 'pt_uuID' is defined
16:48:44.221 [ERROR] i.g.h.a.HttpRequestAction - 'httpRequest-5' failed to execute: No attribute named 'p_uuID' is defined
16:48:44.228 [ERROR] i.g.h.a.HttpRequestAction - 'httpRequest-4' failed to execute: No attribute named 'p_uuID' is defined
16:48:54.175 [ERROR] i.g.h.a.HttpRequestAction - 'httpRequest-21' failed to execute: No attribute named 'pt_uuID' is defined
16:48:54.176 [ERROR] i.g.h.a.HttpRequestAction - 'httpRequest-20' failed to execute: No attribute named 'pt_uuID' is defined
16:48:54.266 [ERROR] i.g.h.a.HttpRequestAction - 'httpRequest-73' failed to execute: No attribute named 'pt_uuID' is defined
16:48:54.267 [ERROR] i.g.h.a.HttpRequestAction - 'httpRequest-72' failed to execute: No attribute named 'pt_uuID' is defined
16:48:54.278 [ERROR] i.g.h.a.HttpRequestAction - 'httpRequest-5' failed to execute: No attribute named 'p_uuID' is defined
16:48:54.278 [ERROR] i.g.h.a.HttpRequestAction - 'httpRequest-4' failed to execute: No attribute named 'p_uuID' is defined
16:48:56.500 [ERROR] i.g.h.a.HttpRequestAction - 'httpRequest-62' failed to execute: No attribute named 'pt_uuID' is defined
16:48:56.502 [ERROR] i.g.h.a.HttpRequestAction - 'httpRequest-60' failed to execute: No attribute named 'pt_uuID' is defined
16:48:56.502 [ERROR] i.g.h.a.HttpRequestAction - 'httpRequest-59' failed to execute: No attribute named 'pt_uuID' is defined
16:49:04.112 [ERROR] i.g.h.a.HttpRequestAction - 'httpRequest-5' failed to execute: No attribute named 'p_uuID' is defined
16:49:04.112 [ERROR] i.g.h.a.HttpRequestAction - 'httpRequest-4' failed to execute: No attribute named 'p_uuID' is defined
16:49:09.129 [ERROR] i.g.h.a.HttpRequestAction - 'httpRequest-21' failed to execute: No attribute named 'pt_uuID' is defined
16:49:09.130 [ERROR] i.g.h.a.HttpRequestAction - 'httpRequest-20' failed to execute: No attribute named 'pt_uuID' is defined
16:49:14.143 [ERROR] i.g.h.a.HttpRequestAction - 'httpRequest-5' failed to execute: No attribute named 'p_uuID' is defined
16:49:14.145 [ERROR] i.g.h.a.HttpRequestAction - 'httpRequest-4' failed to execute: No attribute named 'p_uuID' is defined
16:49:24.178 [ERROR] i.g.h.a.HttpRequestAction - 'httpRequest-73' failed to execute: No attribute named 'pt_uuID' is defined
16:49:24.179 [ERROR] i.g.h.a.HttpRequestAction - 'httpRequest-72' failed to execute: No attribute named 'pt_uuID' is defined
16:49:24.184 [ERROR] i.g.h.a.HttpRequestAction - 'httpRequest-21' failed to execute: No attribute named 'pt_uuID' is defined
16:49:24.184 [ERROR] i.g.h.a.HttpRequestAction - 'httpRequest-20' failed to execute: No attribute named 'pt_uuID' is defined
16:49:24.189 [ERROR] i.g.h.a.HttpRequestAction - 'httpRequest-5' failed to execute: No attribute named 'p_uuID' is defined
16:49:24.189 [ERROR] i.g.h.a.HttpRequestAction - 'httpRequest-4' failed to execute: No attribute named 'p_uuID' is defined
16:49:26.589 [ERROR] i.g.h.a.HttpRequestAction - 'httpRequest-62' failed to execute: No attribute named 'pt_uuID' is defined
16:49:26.594 [ERROR] i.g.h.a.HttpRequestAction - 'httpRequest-60' failed to execute: No attribute named 'pt_uuID' is defined
16:49:26.594 [ERROR] i.g.h.a.HttpRequestAction - 'httpRequest-59' failed to execute: No attribute named 'pt_uuID' is defined
