16:42:37.059 [ERROR] i.g.h.a.HttpRequestAction - 'httpRequest-5' failed to execute: No attribute named 'p_uuID' is defined
16:42:37.063 [ERROR] i.g.h.a.HttpRequestAction - 'httpRequest-4' failed to execute: No attribute named 'p_uuID' is defined
16:42:41.805 [ERROR] i.g.h.a.HttpRequestAction - 'httpRequest-21' failed to execute: No attribute named 'pt_uuID' is defined
16:42:41.806 [ERROR] i.g.h.a.HttpRequestAction - 'httpRequest-20' failed to execute: No attribute named 'pt_uuID' is defined
16:42:47.444 [ERROR] i.g.h.a.HttpRequestAction - 'httpRequest-5' failed to execute: No attribute named 'p_uuID' is defined
16:42:47.448 [ERROR] i.g.h.a.HttpRequestAction - 'httpRequest-4' failed to execute: No attribute named 'p_uuID' is defined
16:42:56.241 [ERROR] i.g.h.a.HttpRequestAction - 'httpRequest-73' failed to execute: No attribute named 'pt_uuID' is defined
16:42:56.243 [ERROR] i.g.h.a.HttpRequestAction - 'httpRequest-72' failed to execute: No attribute named 'pt_uuID' is defined
16:42:56.249 [ERROR] i.g.h.a.HttpRequestAction - 'httpRequest-5' failed to execute: No attribute named 'p_uuID' is defined
16:42:56.250 [ERROR] i.g.h.a.HttpRequestAction - 'httpRequest-4' failed to execute: No attribute named 'p_uuID' is defined
16:42:56.770 [ERROR] i.g.h.a.HttpRequestAction - 'httpRequest-21' failed to execute: No attribute named 'pt_uuID' is defined
16:42:56.770 [ERROR] i.g.h.a.HttpRequestAction - 'httpRequest-20' failed to execute: No attribute named 'pt_uuID' is defined
16:42:57.943 [ERROR] i.g.h.a.HttpRequestAction - 'httpRequest-62' failed to execute: No attribute named 'pt_uuID' is defined
16:42:57.947 [ERROR] i.g.h.a.HttpRequestAction - 'httpRequest-60' failed to execute: No attribute named 'pt_uuID' is defined
16:42:57.947 [ERROR] i.g.h.a.HttpRequestAction - 'httpRequest-59' failed to execute: No attribute named 'pt_uuID' is defined
16:43:04.858 [ERROR] i.g.h.a.HttpRequestAction - 'httpRequest-5' failed to execute: No attribute named 'p_uuID' is defined
16:43:04.861 [ERROR] i.g.h.a.HttpRequestAction - 'httpRequest-4' failed to execute: No attribute named 'p_uuID' is defined
16:43:10.001 [ERROR] i.g.h.a.HttpRequestAction - 'httpRequest-21' failed to execute: No attribute named 'pt_uuID' is defined
16:43:10.001 [ERROR] i.g.h.a.HttpRequestAction - 'httpRequest-20' failed to execute: No attribute named 'pt_uuID' is defined
16:43:14.838 [ERROR] i.g.h.a.HttpRequestAction - 'httpRequest-5' failed to execute: No attribute named 'p_uuID' is defined
16:43:14.839 [ERROR] i.g.h.a.HttpRequestAction - 'httpRequest-4' failed to execute: No attribute named 'p_uuID' is defined
16:43:25.087 [ERROR] i.g.h.a.HttpRequestAction - 'httpRequest-73' failed to execute: No attribute named 'pt_uuID' is defined
16:43:25.088 [ERROR] i.g.h.a.HttpRequestAction - 'httpRequest-72' failed to execute: No attribute named 'pt_uuID' is defined
16:43:25.161 [ERROR] i.g.h.a.HttpRequestAction - 'httpRequest-21' failed to execute: No attribute named 'pt_uuID' is defined
16:43:25.163 [ERROR] i.g.h.a.HttpRequestAction - 'httpRequest-20' failed to execute: No attribute named 'pt_uuID' is defined
16:43:25.182 [ERROR] i.g.h.a.HttpRequestAction - 'httpRequest-5' failed to execute: No attribute named 'p_uuID' is defined
16:43:25.184 [ERROR] i.g.h.a.HttpRequestAction - 'httpRequest-4' failed to execute: No attribute named 'p_uuID' is defined
16:43:26.229 [ERROR] i.g.h.a.HttpRequestAction - 'httpRequest-62' failed to execute: No attribute named 'pt_uuID' is defined
16:43:26.233 [ERROR] i.g.h.a.HttpRequestAction - 'httpRequest-60' failed to execute: No attribute named 'pt_uuID' is defined
16:43:26.234 [ERROR] i.g.h.a.HttpRequestAction - 'httpRequest-59' failed to execute: No attribute named 'pt_uuID' is defined
16:44:34.814 [ERROR] i.g.h.a.HttpRequestAction - 'httpRequest-5' failed to execute: No attribute named 'p_uuID' is defined
16:44:34.817 [ERROR] i.g.h.a.HttpRequestAction - 'httpRequest-4' failed to execute: No attribute named 'p_uuID' is defined
16:44:39.817 [ERROR] i.g.h.a.HttpRequestAction - 'httpRequest-21' failed to execute: No attribute named 'pt_uuID' is defined
16:44:39.820 [ERROR] i.g.h.a.HttpRequestAction - 'httpRequest-20' failed to execute: No attribute named 'pt_uuID' is defined
16:44:44.770 [ERROR] i.g.h.a.HttpRequestAction - 'httpRequest-5' failed to execute: No attribute named 'p_uuID' is defined
16:44:44.772 [ERROR] i.g.h.a.HttpRequestAction - 'httpRequest-4' failed to execute: No attribute named 'p_uuID' is defined
16:44:54.980 [ERROR] i.g.h.a.HttpRequestAction - 'httpRequest-73' failed to execute: No attribute named 'pt_uuID' is defined
16:44:54.981 [ERROR] i.g.h.a.HttpRequestAction - 'httpRequest-72' failed to execute: No attribute named 'pt_uuID' is defined
16:44:54.992 [ERROR] i.g.h.a.HttpRequestAction - 'httpRequest-21' failed to execute: No attribute named 'pt_uuID' is defined
16:44:54.992 [ERROR] i.g.h.a.HttpRequestAction - 'httpRequest-20' failed to execute: No attribute named 'pt_uuID' is defined
16:44:55.007 [ERROR] i.g.h.a.HttpRequestAction - 'httpRequest-5' failed to execute: No attribute named 'p_uuID' is defined
16:44:55.007 [ERROR] i.g.h.a.HttpRequestAction - 'httpRequest-4' failed to execute: No attribute named 'p_uuID' is defined
16:44:57.222 [ERROR] i.g.h.a.HttpRequestAction - 'httpRequest-62' failed to execute: No attribute named 'pt_uuID' is defined
16:44:57.231 [ERROR] i.g.h.a.HttpRequestAction - 'httpRequest-60' failed to execute: No attribute named 'pt_uuID' is defined
16:44:57.233 [ERROR] i.g.h.a.HttpRequestAction - 'httpRequest-59' failed to execute: No attribute named 'pt_uuID' is defined
16:45:04.774 [ERROR] i.g.h.a.HttpRequestAction - 'httpRequest-5' failed to execute: No attribute named 'p_uuID' is defined
16:45:04.776 [ERROR] i.g.h.a.HttpRequestAction - 'httpRequest-4' failed to execute: No attribute named 'p_uuID' is defined
16:45:09.823 [ERROR] i.g.h.a.HttpRequestAction - 'httpRequest-21' failed to execute: No attribute named 'pt_uuID' is defined
16:45:09.824 [ERROR] i.g.h.a.HttpRequestAction - 'httpRequest-20' failed to execute: No attribute named 'pt_uuID' is defined
16:45:14.740 [ERROR] i.g.h.a.HttpRequestAction - 'httpRequest-5' failed to execute: No attribute named 'p_uuID' is defined
16:45:14.742 [ERROR] i.g.h.a.HttpRequestAction - 'httpRequest-4' failed to execute: No attribute named 'p_uuID' is defined
16:45:24.918 [ERROR] i.g.h.a.HttpRequestAction - 'httpRequest-73' failed to execute: No attribute named 'pt_uuID' is defined
16:45:24.918 [ERROR] i.g.h.a.HttpRequestAction - 'httpRequest-72' failed to execute: No attribute named 'pt_uuID' is defined
16:45:24.919 [ERROR] i.g.h.a.HttpRequestAction - 'httpRequest-21' failed to execute: No attribute named 'pt_uuID' is defined
16:45:24.920 [ERROR] i.g.h.a.HttpRequestAction - 'httpRequest-20' failed to execute: No attribute named 'pt_uuID' is defined
16:45:25.001 [ERROR] i.g.h.a.HttpRequestAction - 'httpRequest-5' failed to execute: No attribute named 'p_uuID' is defined
16:45:25.002 [ERROR] i.g.h.a.HttpRequestAction - 'httpRequest-4' failed to execute: No attribute named 'p_uuID' is defined
16:45:27.126 [ERROR] i.g.h.a.HttpRequestAction - 'httpRequest-62' failed to execute: No attribute named 'pt_uuID' is defined
16:45:27.131 [ERROR] i.g.h.a.HttpRequestAction - 'httpRequest-60' failed to execute: No attribute named 'pt_uuID' is defined
16:45:27.132 [ERROR] i.g.h.a.HttpRequestAction - 'httpRequest-59' failed to execute: No attribute named 'pt_uuID' is defined
16:46:34.723 [ERROR] i.g.h.a.HttpRequestAction - 'httpRequest-5' failed to execute: No attribute named 'p_uuID' is defined
16:46:34.724 [ERROR] i.g.h.a.HttpRequestAction - 'httpRequest-4' failed to execute: No attribute named 'p_uuID' is defined
16:46:39.802 [ERROR] i.g.h.a.HttpRequestAction - 'httpRequest-21' failed to execute: No attribute named 'pt_uuID' is defined
16:46:39.803 [ERROR] i.g.h.a.HttpRequestAction - 'httpRequest-20' failed to execute: No attribute named 'pt_uuID' is defined
16:46:44.850 [ERROR] i.g.h.a.HttpRequestAction - 'httpRequest-5' failed to execute: No attribute named 'p_uuID' is defined
16:46:44.852 [ERROR] i.g.h.a.HttpRequestAction - 'httpRequest-4' failed to execute: No attribute named 'p_uuID' is defined
16:46:54.932 [ERROR] i.g.h.a.HttpRequestAction - 'httpRequest-73' failed to execute: No attribute named 'pt_uuID' is defined
16:46:54.933 [ERROR] i.g.h.a.HttpRequestAction - 'httpRequest-72' failed to execute: No attribute named 'pt_uuID' is defined
16:46:54.957 [ERROR] i.g.h.a.HttpRequestAction - 'httpRequest-5' failed to execute: No attribute named 'p_uuID' is defined
16:46:54.957 [ERROR] i.g.h.a.HttpRequestAction - 'httpRequest-4' failed to execute: No attribute named 'p_uuID' is defined
16:46:54.967 [ERROR] i.g.h.a.HttpRequestAction - 'httpRequest-21' failed to execute: No attribute named 'pt_uuID' is defined
16:46:54.968 [ERROR] i.g.h.a.HttpRequestAction - 'httpRequest-20' failed to execute: No attribute named 'pt_uuID' is defined
16:46:57.180 [ERROR] i.g.h.a.HttpRequestAction - 'httpRequest-62' failed to execute: No attribute named 'pt_uuID' is defined
16:46:57.180 [ERROR] i.g.h.a.HttpRequestAction - 'httpRequest-60' failed to execute: No attribute named 'pt_uuID' is defined
16:46:57.181 [ERROR] i.g.h.a.HttpRequestAction - 'httpRequest-59' failed to execute: No attribute named 'pt_uuID' is defined
16:47:04.874 [ERROR] i.g.h.a.HttpRequestAction - 'httpRequest-5' failed to execute: No attribute named 'p_uuID' is defined
16:47:04.891 [ERROR] i.g.h.a.HttpRequestAction - 'httpRequest-4' failed to execute: No attribute named 'p_uuID' is defined
16:47:09.907 [ERROR] i.g.h.a.HttpRequestAction - 'httpRequest-21' failed to execute: No attribute named 'pt_uuID' is defined
16:47:09.907 [ERROR] i.g.h.a.HttpRequestAction - 'httpRequest-20' failed to execute: No attribute named 'pt_uuID' is defined
16:47:15.014 [ERROR] i.g.h.a.HttpRequestAction - 'httpRequest-5' failed to execute: No attribute named 'p_uuID' is defined
16:47:15.015 [ERROR] i.g.h.a.HttpRequestAction - 'httpRequest-4' failed to execute: No attribute named 'p_uuID' is defined
16:47:24.895 [ERROR] i.g.h.a.HttpRequestAction - 'httpRequest-21' failed to execute: No attribute named 'pt_uuID' is defined
16:47:24.895 [ERROR] i.g.h.a.HttpRequestAction - 'httpRequest-5' failed to execute: No attribute named 'p_uuID' is defined
16:47:24.898 [ERROR] i.g.h.a.HttpRequestAction - 'httpRequest-20' failed to execute: No attribute named 'pt_uuID' is defined
16:47:24.899 [ERROR] i.g.h.a.HttpRequestAction - 'httpRequest-73' failed to execute: No attribute named 'pt_uuID' is defined
16:47:24.898 [ERROR] i.g.h.a.HttpRequestAction - 'httpRequest-4' failed to execute: No attribute named 'p_uuID' is defined
16:47:24.900 [ERROR] i.g.h.a.HttpRequestAction - 'httpRequest-72' failed to execute: No attribute named 'pt_uuID' is defined
16:47:27.529 [ERROR] i.g.h.a.HttpRequestAction - 'httpRequest-62' failed to execute: No attribute named 'pt_uuID' is defined
16:47:27.537 [ERROR] i.g.h.a.HttpRequestAction - 'httpRequest-60' failed to execute: No attribute named 'pt_uuID' is defined
16:47:27.537 [ERROR] i.g.h.a.HttpRequestAction - 'httpRequest-59' failed to execute: No attribute named 'pt_uuID' is defined
16:48:34.752 [ERROR] i.g.h.a.HttpRequestAction - 'httpRequest-5' failed to execute: No attribute named 'p_uuID' is defined
16:48:34.757 [ERROR] i.g.h.a.HttpRequestAction - 'httpRequest-4' failed to execute: No attribute named 'p_uuID' is defined
16:48:39.762 [ERROR] i.g.h.a.HttpRequestAction - 'httpRequest-21' failed to execute: No attribute named 'pt_uuID' is defined
16:48:39.763 [ERROR] i.g.h.a.HttpRequestAction - 'httpRequest-20' failed to execute: No attribute named 'pt_uuID' is defined
16:48:44.808 [ERROR] i.g.h.a.HttpRequestAction - 'httpRequest-5' failed to execute: No attribute named 'p_uuID' is defined
16:48:44.810 [ERROR] i.g.h.a.HttpRequestAction - 'httpRequest-4' failed to execute: No attribute named 'p_uuID' is defined
16:48:54.942 [ERROR] i.g.h.a.HttpRequestAction - 'httpRequest-21' failed to execute: No attribute named 'pt_uuID' is defined
16:48:54.946 [ERROR] i.g.h.a.HttpRequestAction - 'httpRequest-20' failed to execute: No attribute named 'pt_uuID' is defined
16:48:54.942 [ERROR] i.g.h.a.HttpRequestAction - 'httpRequest-73' failed to execute: No attribute named 'pt_uuID' is defined
16:48:54.948 [ERROR] i.g.h.a.HttpRequestAction - 'httpRequest-72' failed to execute: No attribute named 'pt_uuID' is defined
16:48:54.949 [ERROR] i.g.h.a.HttpRequestAction - 'httpRequest-5' failed to execute: No attribute named 'p_uuID' is defined
16:48:54.949 [ERROR] i.g.h.a.HttpRequestAction - 'httpRequest-4' failed to execute: No attribute named 'p_uuID' is defined
16:48:57.180 [ERROR] i.g.h.a.HttpRequestAction - 'httpRequest-62' failed to execute: No attribute named 'pt_uuID' is defined
16:48:57.182 [ERROR] i.g.h.a.HttpRequestAction - 'httpRequest-60' failed to execute: No attribute named 'pt_uuID' is defined
16:48:57.186 [ERROR] i.g.h.a.HttpRequestAction - 'httpRequest-59' failed to execute: No attribute named 'pt_uuID' is defined
16:49:04.741 [ERROR] i.g.h.a.HttpRequestAction - 'httpRequest-5' failed to execute: No attribute named 'p_uuID' is defined
16:49:04.745 [ERROR] i.g.h.a.HttpRequestAction - 'httpRequest-4' failed to execute: No attribute named 'p_uuID' is defined
16:49:09.790 [ERROR] i.g.h.a.HttpRequestAction - 'httpRequest-21' failed to execute: No attribute named 'pt_uuID' is defined
16:49:09.791 [ERROR] i.g.h.a.HttpRequestAction - 'httpRequest-20' failed to execute: No attribute named 'pt_uuID' is defined
16:49:14.725 [ERROR] i.g.h.a.HttpRequestAction - 'httpRequest-5' failed to execute: No attribute named 'p_uuID' is defined
16:49:14.728 [ERROR] i.g.h.a.HttpRequestAction - 'httpRequest-4' failed to execute: No attribute named 'p_uuID' is defined
16:49:24.887 [ERROR] i.g.h.a.HttpRequestAction - 'httpRequest-21' failed to execute: No attribute named 'pt_uuID' is defined
16:49:24.889 [ERROR] i.g.h.a.HttpRequestAction - 'httpRequest-20' failed to execute: No attribute named 'pt_uuID' is defined
16:49:24.896 [ERROR] i.g.h.a.HttpRequestAction - 'httpRequest-5' failed to execute: No attribute named 'p_uuID' is defined
16:49:24.897 [ERROR] i.g.h.a.HttpRequestAction - 'httpRequest-4' failed to execute: No attribute named 'p_uuID' is defined
16:49:24.897 [ERROR] i.g.h.a.HttpRequestAction - 'httpRequest-73' failed to execute: No attribute named 'pt_uuID' is defined
16:49:24.898 [ERROR] i.g.h.a.HttpRequestAction - 'httpRequest-72' failed to execute: No attribute named 'pt_uuID' is defined
16:49:27.172 [ERROR] i.g.h.a.HttpRequestAction - 'httpRequest-62' failed to execute: No attribute named 'pt_uuID' is defined
16:49:27.175 [ERROR] i.g.h.a.HttpRequestAction - 'httpRequest-60' failed to execute: No attribute named 'pt_uuID' is defined
16:49:27.176 [ERROR] i.g.h.a.HttpRequestAction - 'httpRequest-59' failed to execute: No attribute named 'pt_uuID' is defined
16:50:34.712 [ERROR] i.g.h.a.HttpRequestAction - 'httpRequest-5' failed to execute: No attribute named 'p_uuID' is defined
16:50:34.713 [ERROR] i.g.h.a.HttpRequestAction - 'httpRequest-4' failed to execute: No attribute named 'p_uuID' is defined
16:50:39.796 [ERROR] i.g.h.a.HttpRequestAction - 'httpRequest-21' failed to execute: No attribute named 'pt_uuID' is defined
16:50:39.797 [ERROR] i.g.h.a.HttpRequestAction - 'httpRequest-20' failed to execute: No attribute named 'pt_uuID' is defined
16:50:44.720 [ERROR] i.g.h.a.HttpRequestAction - 'httpRequest-5' failed to execute: No attribute named 'p_uuID' is defined
16:50:44.722 [ERROR] i.g.h.a.HttpRequestAction - 'httpRequest-4' failed to execute: No attribute named 'p_uuID' is defined
16:50:54.707 [ERROR] i.g.h.a.HttpRequestAction - 'httpRequest-21' failed to execute: No attribute named 'pt_uuID' is defined
16:50:54.708 [ERROR] i.g.h.a.HttpRequestAction - 'httpRequest-20' failed to execute: No attribute named 'pt_uuID' is defined
16:50:54.759 [ERROR] i.g.h.a.HttpRequestAction - 'httpRequest-5' failed to execute: No attribute named 'p_uuID' is defined
16:50:54.761 [ERROR] i.g.h.a.HttpRequestAction - 'httpRequest-4' failed to execute: No attribute named 'p_uuID' is defined
16:50:54.767 [ERROR] i.g.h.a.HttpRequestAction - 'httpRequest-73' failed to execute: No attribute named 'pt_uuID' is defined
16:50:54.769 [ERROR] i.g.h.a.HttpRequestAction - 'httpRequest-72' failed to execute: No attribute named 'pt_uuID' is defined
16:50:57.089 [ERROR] i.g.h.a.HttpRequestAction - 'httpRequest-62' failed to execute: No attribute named 'pt_uuID' is defined
16:50:57.093 [ERROR] i.g.h.a.HttpRequestAction - 'httpRequest-60' failed to execute: No attribute named 'pt_uuID' is defined
16:50:57.093 [ERROR] i.g.h.a.HttpRequestAction - 'httpRequest-59' failed to execute: No attribute named 'pt_uuID' is defined
16:51:04.945 [ERROR] i.g.h.a.HttpRequestAction - 'httpRequest-5' failed to execute: No attribute named 'p_uuID' is defined
16:51:04.946 [ERROR] i.g.h.a.HttpRequestAction - 'httpRequest-4' failed to execute: No attribute named 'p_uuID' is defined
16:51:09.854 [ERROR] i.g.h.a.HttpRequestAction - 'httpRequest-21' failed to execute: No attribute named 'pt_uuID' is defined
16:51:09.857 [ERROR] i.g.h.a.HttpRequestAction - 'httpRequest-20' failed to execute: No attribute named 'pt_uuID' is defined
16:51:14.886 [ERROR] i.g.h.a.HttpRequestAction - 'httpRequest-5' failed to execute: No attribute named 'p_uuID' is defined
16:51:14.888 [ERROR] i.g.h.a.HttpRequestAction - 'httpRequest-4' failed to execute: No attribute named 'p_uuID' is defined
16:51:24.783 [ERROR] i.g.h.a.HttpRequestAction - 'httpRequest-73' failed to execute: No attribute named 'pt_uuID' is defined
16:51:24.783 [ERROR] i.g.h.a.HttpRequestAction - 'httpRequest-72' failed to execute: No attribute named 'pt_uuID' is defined
16:51:24.829 [ERROR] i.g.h.a.HttpRequestAction - 'httpRequest-21' failed to execute: No attribute named 'pt_uuID' is defined
16:51:24.829 [ERROR] i.g.h.a.HttpRequestAction - 'httpRequest-20' failed to execute: No attribute named 'pt_uuID' is defined
16:51:24.834 [ERROR] i.g.h.a.HttpRequestAction - 'httpRequest-5' failed to execute: No attribute named 'p_uuID' is defined
16:51:24.834 [ERROR] i.g.h.a.HttpRequestAction - 'httpRequest-4' failed to execute: No attribute named 'p_uuID' is defined
16:51:27.282 [ERROR] i.g.h.a.HttpRequestAction - 'httpRequest-62' failed to execute: No attribute named 'pt_uuID' is defined
16:51:27.284 [ERROR] i.g.h.a.HttpRequestAction - 'httpRequest-60' failed to execute: No attribute named 'pt_uuID' is defined
16:51:27.285 [ERROR] i.g.h.a.HttpRequestAction - 'httpRequest-59' failed to execute: No attribute named 'pt_uuID' is defined
